<?xml version="1.0" encoding="UTF-8"?>
<!-- Generated by org.testng.reporters.JUnitXMLReporter -->
<testsuite hostname="HYDNB884" ignored="19" name="PPRD Smoketest Bookflow" tests="2" failures="1" timestamp="2023-08-09T18:29:54 IST" time="12.832" errors="0">
  <testcase name="PPRD_BE_B2C" time="9.828" classname="FO_Testcases.TwowayWithAdults">
    <skipped/>
  </testcase> <!-- PPRD_BE_B2C -->
  <testcase name="PPRD_BE_B2C" time="2.967" classname="FO_Testcases.TwowayWithAdults">
    <failure type="org.openqa.selenium.NoSuchWindowException" message="no such window: target window already closed
from unknown error: web view not found
  (Session info: chrome=115.0.5790.111)
Build info: version: &amp;apos;4.10.0&amp;apos;, revision: &amp;apos;c14d967899&amp;apos;
System info: os.name: &amp;apos;Windows 11&amp;apos;, os.arch: &amp;apos;amd64&amp;apos;, os.version: &amp;apos;10.0&amp;apos;, java.version: &amp;apos;1.8.0_381&amp;apos;
Driver info: org.openqa.selenium.chrome.ChromeDriver
Command: [a784e6cac9eb011f10bbe0ccdfb749d6, findElement {using=id, value=cmCloseBanner}]
Capabilities {acceptInsecureCerts: false, browserName: chrome, browserVersion: 115.0.5790.111, chrome: {chromedriverVersion: 115.0.5790.170 (cc0d30c2ca5..., userDataDir: C:\WINDOWS\SystemTemp\scope...}, goog:chromeOptions: {debuggerAddress: localhost:64884}, networkConnectionEnabled: false, pageLoadStrategy: normal, platformName: windows, proxy: Proxy(), se:cdp: ws://localhost:64884/devtoo..., se:cdpVersion: 115.0.5790.111, setWindowRect: true, strictFileInteractability: false, timeouts: {implicit: 0, pageLoad: 300000, script: 30000}, unhandledPromptBehavior: dismiss and notify, webauthn:extension:credBlob: true, webauthn:extension:largeBlob: true, webauthn:extension:minPinLength: true, webauthn:extension:prf: true, webauthn:virtualAuthenticators: true}
Session ID: a784e6cac9eb011f10bbe0ccdfb749d6">
      <![CDATA[org.openqa.selenium.NoSuchWindowException: no such window: target window already closed
from unknown error: web view not found
  (Session info: chrome=115.0.5790.111)
Build info: version: '4.10.0', revision: 'c14d967899'
System info: os.name: 'Windows 11', os.arch: 'amd64', os.version: '10.0', java.version: '1.8.0_381'
Driver info: org.openqa.selenium.chrome.ChromeDriver
Command: [a784e6cac9eb011f10bbe0ccdfb749d6, findElement {using=id, value=cmCloseBanner}]
Capabilities {acceptInsecureCerts: false, browserName: chrome, browserVersion: 115.0.5790.111, chrome: {chromedriverVersion: 115.0.5790.170 (cc0d30c2ca5..., userDataDir: C:\WINDOWS\SystemTemp\scope...}, goog:chromeOptions: {debuggerAddress: localhost:64884}, networkConnectionEnabled: false, pageLoadStrategy: normal, platformName: windows, proxy: Proxy(), se:cdp: ws://localhost:64884/devtoo..., se:cdpVersion: 115.0.5790.111, setWindowRect: true, strictFileInteractability: false, timeouts: {implicit: 0, pageLoad: 300000, script: 30000}, unhandledPromptBehavior: dismiss and notify, webauthn:extension:credBlob: true, webauthn:extension:largeBlob: true, webauthn:extension:minPinLength: true, webauthn:extension:prf: true, webauthn:virtualAuthenticators: true}
Session ID: a784e6cac9eb011f10bbe0ccdfb749d6
at org.openqa.selenium.remote.codec.w3c.W3CHttpResponseCodec.createException(W3CHttpResponseCodec.java:199)
at org.openqa.selenium.remote.codec.w3c.W3CHttpResponseCodec.decode(W3CHttpResponseCodec.java:132)
at org.openqa.selenium.remote.codec.w3c.W3CHttpResponseCodec.decode(W3CHttpResponseCodec.java:51)
at org.openqa.selenium.remote.HttpCommandExecutor.execute(HttpCommandExecutor.java:191)
at org.openqa.selenium.remote.service.DriverCommandExecutor.invokeExecute(DriverCommandExecutor.java:196)
at org.openqa.selenium.remote.service.DriverCommandExecutor.execute(DriverCommandExecutor.java:171)
at org.openqa.selenium.remote.RemoteWebDriver.execute(RemoteWebDriver.java:531)
at org.openqa.selenium.remote.ElementLocation$ElementFinder$2.findElement(ElementLocation.java:165)
at org.openqa.selenium.remote.ElementLocation.findElement(ElementLocation.java:66)
at org.openqa.selenium.remote.RemoteWebDriver.findElement(RemoteWebDriver.java:350)
at org.openqa.selenium.remote.RemoteWebDriver.findElement(RemoteWebDriver.java:344)
at FO_BookFlow.BookflowWebsite.WebsiteSelection_B2C(BookflowWebsite.java:90)
at FO_BookFlow.BookflowWebsite.WebsiteSelection(BookflowWebsite.java:34)
at TestComponents.LaunchBrowser.TargetedWebsite(LaunchBrowser.java:118)
at FO_Testcases.TwowayWithAdults.PPRD_BE_B2C(TwowayWithAdults.java:272)
at java.util.ArrayList.forEach(Unknown Source)
... Removed 35 stack frames]]>
    </failure>
  </testcase> <!-- PPRD_BE_B2C -->
  <testcase name="PPRD_NL_3PA" time="0.0" classname="FO_Testcases.TwowayWithAdults">
    <ignored/>
  </testcase> <!-- PPRD_NL_3PA -->
  <testcase name="PPRD_FR_B2C" time="0.0" classname="FO_Testcases.TwowayWithAdults">
    <ignored/>
  </testcase> <!-- PPRD_FR_B2C -->
  <testcase name="SIT_NL_3PA" time="0.0" classname="FO_Testcases.TwowayWithAdults">
    <ignored/>
  </testcase> <!-- SIT_NL_3PA -->
  <testcase name="PPRD_MA_3PA" time="0.0" classname="FO_Testcases.TwowayWithAdults">
    <ignored/>
  </testcase> <!-- PPRD_MA_3PA -->
  <testcase name="SIT_MA_3PA" time="0.0" classname="FO_Testcases.TwowayWithAdults">
    <ignored/>
  </testcase> <!-- SIT_MA_3PA -->
  <testcase name="SIT_BE_3PA" time="0.0" classname="FO_Testcases.TwowayWithAdults">
    <ignored/>
  </testcase> <!-- SIT_BE_3PA -->
  <testcase name="PPRD_MA_B2C" time="0.0" classname="FO_Testcases.TwowayWithAdults">
    <ignored/>
  </testcase> <!-- PPRD_MA_B2C -->
  <testcase name="PPRD_NL_B2C" time="0.0" classname="FO_Testcases.TwowayWithAdults">
    <ignored/>
  </testcase> <!-- PPRD_NL_B2C -->
  <testcase name="PPRD_NL_Inhouse" time="0.0" classname="FO_Testcases.TwowayWithAdults">
    <ignored/>
  </testcase> <!-- PPRD_NL_Inhouse -->
  <testcase name="SIT_NL_B2C" time="0.0" classname="FO_Testcases.TwowayWithAdults">
    <ignored/>
  </testcase> <!-- SIT_NL_B2C -->
  <testcase name="SIT_MA_Inhouse" time="0.0" classname="FO_Testcases.TwowayWithAdults">
    <ignored/>
  </testcase> <!-- SIT_MA_Inhouse -->
  <testcase name="SIT_BE_Inhouse" time="0.0" classname="FO_Testcases.TwowayWithAdults">
    <ignored/>
  </testcase> <!-- SIT_BE_Inhouse -->
  <testcase name="SIT_FR_B2C" time="0.0" classname="FO_Testcases.TwowayWithAdults">
    <ignored/>
  </testcase> <!-- SIT_FR_B2C -->
  <testcase name="PPRD_BE_Inhouse" time="0.0" classname="FO_Testcases.TwowayWithAdults">
    <ignored/>
  </testcase> <!-- PPRD_BE_Inhouse -->
  <testcase name="SIT_NL_Inhouse" time="0.0" classname="FO_Testcases.TwowayWithAdults">
    <ignored/>
  </testcase> <!-- SIT_NL_Inhouse -->
  <testcase name="SIT_BE_B2C" time="0.0" classname="FO_Testcases.TwowayWithAdults">
    <ignored/>
  </testcase> <!-- SIT_BE_B2C -->
  <testcase name="PPRD_BE_3PA" time="0.0" classname="FO_Testcases.TwowayWithAdults">
    <ignored/>
  </testcase> <!-- PPRD_BE_3PA -->
  <testcase name="SIT_MA_B2C" time="0.0" classname="FO_Testcases.TwowayWithAdults">
    <ignored/>
  </testcase> <!-- SIT_MA_B2C -->
  <testcase name="PPRD_MA_Inhouse" time="0.0" classname="FO_Testcases.TwowayWithAdults">
    <ignored/>
  </testcase> <!-- PPRD_MA_Inhouse -->
</testsuite> <!-- PPRD Smoketest Bookflow -->
