<?xml version="1.0" encoding="UTF-8"?>
<!-- Generated by org.testng.reporters.JUnitXMLReporter -->
<testsuite hostname="HYDNB884" ignored="10" name="PPRD Smoketest MMB" tests="20" failures="10" timestamp="2023-08-09T17:42:31 IST" time="455.917" errors="0">
  <testcase name="MMB_PPRD_BE_B2C" time="3.976" classname="FO_Testcases.MMBflow">
    <skipped/>
  </testcase> <!-- MMB_PPRD_BE_B2C -->
  <testcase name="MMB_PPRD_BE_B2C" time="5.662" classname="FO_Testcases.MMBflow">
    <failure type="java.lang.NullPointerException">
      <![CDATA[java.lang.NullPointerException
at AbstractMethods.AbstractComponents.DeptMonth(AbstractComponents.java:142)
at FO_MMB.MMBWebsite.MMBLogin_B2C(MMBWebsite.java:334)
at FO_MMB.MMBWebsite.MMB_WebsiteLaunchAndBookingDetails_B2C(MMBWebsite.java:133)
at FO_MMB.MMBWebsite.MMB_MMBHomepage(MMBWebsite.java:49)
at TestComponents.LaunchBrowser.TargetedMMB(LaunchBrowser.java:125)
at FO_Testcases.MMBflow.MMB_PPRD_BE_B2C(MMBflow.java:153)
at java.util.ArrayList.forEach(Unknown Source)
... Removed 31 stack frames]]>
    </failure>
  </testcase> <!-- MMB_PPRD_BE_B2C -->
  <testcase name="MMB_PPRD_NL_B2C" time="5.101" classname="FO_Testcases.MMBflow">
    <skipped/>
  </testcase> <!-- MMB_PPRD_NL_B2C -->
  <testcase name="MMB_PPRD_NL_B2C" time="3.249" classname="FO_Testcases.MMBflow">
    <failure type="java.lang.NullPointerException">
      <![CDATA[java.lang.NullPointerException
at AbstractMethods.AbstractComponents.DeptMonth(AbstractComponents.java:142)
at FO_MMB.MMBWebsite.MMBLogin_B2C(MMBWebsite.java:334)
at FO_MMB.MMBWebsite.MMB_WebsiteLaunchAndBookingDetails_B2C(MMBWebsite.java:133)
at FO_MMB.MMBWebsite.MMB_MMBHomepage(MMBWebsite.java:49)
at TestComponents.LaunchBrowser.TargetedMMB(LaunchBrowser.java:125)
at FO_Testcases.MMBflow.MMB_PPRD_NL_B2C(MMBflow.java:166)
at java.util.ArrayList.forEach(Unknown Source)
... Removed 31 stack frames]]>
    </failure>
  </testcase> <!-- MMB_PPRD_NL_B2C -->
  <testcase name="MMB_PPRD_FR_B2C" time="16.608" classname="FO_Testcases.MMBflow">
    <skipped/>
  </testcase> <!-- MMB_PPRD_FR_B2C -->
  <testcase name="MMB_PPRD_FR_B2C" time="12.773" classname="FO_Testcases.MMBflow">
    <failure type="java.lang.NullPointerException">
      <![CDATA[java.lang.NullPointerException
at AbstractMethods.AbstractComponents.DeptMonth(AbstractComponents.java:142)
at FO_MMB.MMBWebsite.MMBLogin_B2C(MMBWebsite.java:334)
at FO_MMB.MMBWebsite.MMB_WebsiteLaunchAndBookingDetails_B2C(MMBWebsite.java:133)
at FO_MMB.MMBWebsite.MMB_MMBHomepage(MMBWebsite.java:49)
at TestComponents.LaunchBrowser.TargetedMMB(LaunchBrowser.java:125)
at FO_Testcases.MMBflow.MMB_PPRD_FR_B2C(MMBflow.java:179)
at java.util.ArrayList.forEach(Unknown Source)
... Removed 31 stack frames]]>
    </failure>
  </testcase> <!-- MMB_PPRD_FR_B2C -->
  <testcase name="MMB_PPRD_MA_B2C" time="6.832" classname="FO_Testcases.MMBflow">
    <skipped/>
  </testcase> <!-- MMB_PPRD_MA_B2C -->
  <testcase name="MMB_PPRD_MA_B2C" time="4.889" classname="FO_Testcases.MMBflow">
    <failure type="java.lang.NullPointerException">
      <![CDATA[java.lang.NullPointerException
at AbstractMethods.AbstractComponents.DeptMonth(AbstractComponents.java:142)
at FO_MMB.MMBWebsite.MMBLogin_B2C(MMBWebsite.java:334)
at FO_MMB.MMBWebsite.MMB_WebsiteLaunchAndBookingDetails_B2C(MMBWebsite.java:133)
at FO_MMB.MMBWebsite.MMB_MMBHomepage(MMBWebsite.java:49)
at TestComponents.LaunchBrowser.TargetedMMB(LaunchBrowser.java:125)
at FO_Testcases.MMBflow.MMB_PPRD_MA_B2C(MMBflow.java:192)
at java.util.ArrayList.forEach(Unknown Source)
... Removed 31 stack frames]]>
    </failure>
  </testcase> <!-- MMB_PPRD_MA_B2C -->
  <testcase name="MMB_PPRD_BE_Inhouse" time="64.595" classname="FO_Testcases.MMBflow">
    <skipped/>
  </testcase> <!-- MMB_PPRD_BE_Inhouse -->
  <testcase name="MMB_PPRD_BE_Inhouse" time="52.482" classname="FO_Testcases.MMBflow">
    <failure type="java.lang.IllegalArgumentException" message="Keys to send should be a not null CharSequence">
      <![CDATA[java.lang.IllegalArgumentException: Keys to send should be a not null CharSequence
at org.openqa.selenium.remote.RemoteWebElement.sendKeys(RemoteWebElement.java:97)
at FO_MMB.MMBWebsite.MMBLogin_NonB2C(MMBWebsite.java:380)
at FO_MMB.MMBWebsite.MMB_WebsiteLaunchAndBookingDetails_Inhouse(MMBWebsite.java:184)
at FO_MMB.MMBWebsite.MMB_MMBHomepage(MMBWebsite.java:54)
at TestComponents.LaunchBrowser.TargetedMMB(LaunchBrowser.java:125)
at FO_Testcases.MMBflow.MMB_PPRD_BE_Inhouse(MMBflow.java:205)
at java.util.ArrayList.forEach(Unknown Source)
... Removed 31 stack frames]]>
    </failure>
  </testcase> <!-- MMB_PPRD_BE_Inhouse -->
  <testcase name="MMB_PPRD_NL_Inhouse" time="34.44" classname="FO_Testcases.MMBflow">
    <skipped/>
  </testcase> <!-- MMB_PPRD_NL_Inhouse -->
  <testcase name="MMB_PPRD_NL_Inhouse" time="38.492" classname="FO_Testcases.MMBflow">
    <failure type="java.lang.IllegalArgumentException" message="Keys to send should be a not null CharSequence">
      <![CDATA[java.lang.IllegalArgumentException: Keys to send should be a not null CharSequence
at org.openqa.selenium.remote.RemoteWebElement.sendKeys(RemoteWebElement.java:97)
at FO_MMB.MMBWebsite.MMBLogin_NonB2C(MMBWebsite.java:380)
at FO_MMB.MMBWebsite.MMB_WebsiteLaunchAndBookingDetails_Inhouse(MMBWebsite.java:184)
at FO_MMB.MMBWebsite.MMB_MMBHomepage(MMBWebsite.java:54)
at TestComponents.LaunchBrowser.TargetedMMB(LaunchBrowser.java:125)
at FO_Testcases.MMBflow.MMB_PPRD_NL_Inhouse(MMBflow.java:218)
at java.util.ArrayList.forEach(Unknown Source)
... Removed 31 stack frames]]>
    </failure>
  </testcase> <!-- MMB_PPRD_NL_Inhouse -->
  <testcase name="MMB_PPRD_MA_Inhouse" time="42.611" classname="FO_Testcases.MMBflow">
    <skipped/>
  </testcase> <!-- MMB_PPRD_MA_Inhouse -->
  <testcase name="MMB_PPRD_MA_Inhouse" time="43.773" classname="FO_Testcases.MMBflow">
    <failure type="java.lang.IllegalArgumentException" message="Keys to send should be a not null CharSequence">
      <![CDATA[java.lang.IllegalArgumentException: Keys to send should be a not null CharSequence
at org.openqa.selenium.remote.RemoteWebElement.sendKeys(RemoteWebElement.java:97)
at FO_MMB.MMBWebsite.MMBLogin_NonB2C(MMBWebsite.java:380)
at FO_MMB.MMBWebsite.MMB_WebsiteLaunchAndBookingDetails_Inhouse(MMBWebsite.java:184)
at FO_MMB.MMBWebsite.MMB_MMBHomepage(MMBWebsite.java:54)
at TestComponents.LaunchBrowser.TargetedMMB(LaunchBrowser.java:125)
at FO_Testcases.MMBflow.MMB_PPRD_MA_Inhouse(MMBflow.java:231)
at java.util.ArrayList.forEach(Unknown Source)
... Removed 31 stack frames]]>
    </failure>
  </testcase> <!-- MMB_PPRD_MA_Inhouse -->
  <testcase name="MMB_PPRD_BE_3PA" time="20.312" classname="FO_Testcases.MMBflow">
    <skipped/>
  </testcase> <!-- MMB_PPRD_BE_3PA -->
  <testcase name="MMB_PPRD_BE_3PA" time="12.533" classname="FO_Testcases.MMBflow">
    <failure type="java.lang.IllegalArgumentException" message="Keys to send should be a not null CharSequence">
      <![CDATA[java.lang.IllegalArgumentException: Keys to send should be a not null CharSequence
at org.openqa.selenium.remote.RemoteWebElement.sendKeys(RemoteWebElement.java:97)
at FO_MMB.MMBWebsite.MMBLogin_NonB2C(MMBWebsite.java:380)
at FO_MMB.MMBWebsite.RelaunchThirdPartyWebsite(MMBWebsite.java:248)
at FO_MMB.MMBWebsite.MMB_WebsiteLaunchAndBookingDetails_3PA(MMBWebsite.java:229)
at FO_MMB.MMBWebsite.MMB_MMBHomepage(MMBWebsite.java:59)
at TestComponents.LaunchBrowser.TargetedMMB(LaunchBrowser.java:125)
at FO_Testcases.MMBflow.MMB_PPRD_BE_3PA(MMBflow.java:244)
at java.util.ArrayList.forEach(Unknown Source)
... Removed 31 stack frames]]>
    </failure>
  </testcase> <!-- MMB_PPRD_BE_3PA -->
  <testcase name="MMB_PPRD_NL_3PA" time="12.007" classname="FO_Testcases.MMBflow">
    <skipped/>
  </testcase> <!-- MMB_PPRD_NL_3PA -->
  <testcase name="MMB_PPRD_NL_3PA" time="24.833" classname="FO_Testcases.MMBflow">
    <failure type="org.openqa.selenium.NoSuchElementException" message="no such element: Unable to locate element: {&amp;quot;method&amp;quot;:&amp;quot;xpath&amp;quot;,&amp;quot;selector&amp;quot;:&amp;quot;//input[@id=&amp;apos;username&amp;apos;]&amp;quot;}
  (Session info: chrome=115.0.5790.111)
For documentation on this error, please visit: https://www.selenium.dev/documentation/webdriver/troubleshooting/errors#no-such-element-exception
Build info: version: &amp;apos;4.10.0&amp;apos;, revision: &amp;apos;c14d967899&amp;apos;
System info: os.name: &amp;apos;Windows 11&amp;apos;, os.arch: &amp;apos;amd64&amp;apos;, os.version: &amp;apos;10.0&amp;apos;, java.version: &amp;apos;1.8.0_381&amp;apos;
Driver info: org.openqa.selenium.chrome.ChromeDriver
Command: [c965452ab163ef118d47b312e2c945aa, findElement {using=xpath, value=//input[@id=&amp;apos;username&amp;apos;]}]
Capabilities {acceptInsecureCerts: false, browserName: chrome, browserVersion: 115.0.5790.111, chrome: {chromedriverVersion: 115.0.5790.170 (cc0d30c2ca5..., userDataDir: C:\WINDOWS\SystemTemp\scope...}, goog:chromeOptions: {debuggerAddress: localhost:57882}, networkConnectionEnabled: false, pageLoadStrategy: normal, platformName: windows, proxy: Proxy(), se:cdp: ws://localhost:57882/devtoo..., se:cdpVersion: 115.0.5790.111, setWindowRect: true, strictFileInteractability: false, timeouts: {implicit: 0, pageLoad: 300000, script: 30000}, unhandledPromptBehavior: dismiss and notify, webauthn:extension:credBlob: true, webauthn:extension:largeBlob: true, webauthn:extension:minPinLength: true, webauthn:extension:prf: true, webauthn:virtualAuthenticators: true}
Session ID: c965452ab163ef118d47b312e2c945aa">
      <![CDATA[org.openqa.selenium.NoSuchElementException: no such element: Unable to locate element: {"method":"xpath","selector":"//input[@id='username']"}
  (Session info: chrome=115.0.5790.111)
For documentation on this error, please visit: https://www.selenium.dev/documentation/webdriver/troubleshooting/errors#no-such-element-exception
Build info: version: '4.10.0', revision: 'c14d967899'
System info: os.name: 'Windows 11', os.arch: 'amd64', os.version: '10.0', java.version: '1.8.0_381'
Driver info: org.openqa.selenium.chrome.ChromeDriver
Command: [c965452ab163ef118d47b312e2c945aa, findElement {using=xpath, value=//input[@id='username']}]
Capabilities {acceptInsecureCerts: false, browserName: chrome, browserVersion: 115.0.5790.111, chrome: {chromedriverVersion: 115.0.5790.170 (cc0d30c2ca5..., userDataDir: C:\WINDOWS\SystemTemp\scope...}, goog:chromeOptions: {debuggerAddress: localhost:57882}, networkConnectionEnabled: false, pageLoadStrategy: normal, platformName: windows, proxy: Proxy(), se:cdp: ws://localhost:57882/devtoo..., se:cdpVersion: 115.0.5790.111, setWindowRect: true, strictFileInteractability: false, timeouts: {implicit: 0, pageLoad: 300000, script: 30000}, unhandledPromptBehavior: dismiss and notify, webauthn:extension:credBlob: true, webauthn:extension:largeBlob: true, webauthn:extension:minPinLength: true, webauthn:extension:prf: true, webauthn:virtualAuthenticators: true}
Session ID: c965452ab163ef118d47b312e2c945aa
at org.openqa.selenium.remote.codec.w3c.W3CHttpResponseCodec.createException(W3CHttpResponseCodec.java:199)
at org.openqa.selenium.remote.codec.w3c.W3CHttpResponseCodec.decode(W3CHttpResponseCodec.java:132)
at org.openqa.selenium.remote.codec.w3c.W3CHttpResponseCodec.decode(W3CHttpResponseCodec.java:51)
at org.openqa.selenium.remote.HttpCommandExecutor.execute(HttpCommandExecutor.java:191)
at org.openqa.selenium.remote.service.DriverCommandExecutor.invokeExecute(DriverCommandExecutor.java:196)
at org.openqa.selenium.remote.service.DriverCommandExecutor.execute(DriverCommandExecutor.java:171)
at org.openqa.selenium.remote.RemoteWebDriver.execute(RemoteWebDriver.java:531)
at org.openqa.selenium.remote.ElementLocation$ElementFinder$2.findElement(ElementLocation.java:165)
at org.openqa.selenium.remote.ElementLocation.findElement(ElementLocation.java:59)
at org.openqa.selenium.remote.RemoteWebDriver.findElement(RemoteWebDriver.java:350)
at org.openqa.selenium.remote.RemoteWebDriver.findElement(RemoteWebDriver.java:344)
at FO_MMB.MMBWebsite.ThirdPartyLogin_NL(MMBWebsite.java:316)
at FO_MMB.MMBWebsite.MMB_WebsiteLaunchAndBookingDetails_3PA_2ndAttempt(MMBWebsite.java:281)
at FO_MMB.MMBWebsite.RelaunchThirdPartyWebsite(MMBWebsite.java:240)
at FO_MMB.MMBWebsite.MMB_WebsiteLaunchAndBookingDetails_3PA(MMBWebsite.java:229)
at FO_MMB.MMBWebsite.MMB_MMBHomepage(MMBWebsite.java:59)
at TestComponents.LaunchBrowser.TargetedMMB(LaunchBrowser.java:125)
at FO_Testcases.MMBflow.MMB_PPRD_NL_3PA(MMBflow.java:255)
at java.util.ArrayList.forEach(Unknown Source)
... Removed 34 stack frames]]>
    </failure>
  </testcase> <!-- MMB_PPRD_NL_3PA -->
  <testcase name="MMB_PPRD_MA_3PA" time="34.828" classname="FO_Testcases.MMBflow">
    <skipped/>
  </testcase> <!-- MMB_PPRD_MA_3PA -->
  <testcase name="MMB_PPRD_MA_3PA" time="13.659" classname="FO_Testcases.MMBflow">
    <failure type="java.lang.IllegalArgumentException" message="Keys to send should be a not null CharSequence">
      <![CDATA[java.lang.IllegalArgumentException: Keys to send should be a not null CharSequence
at org.openqa.selenium.remote.RemoteWebElement.sendKeys(RemoteWebElement.java:97)
at FO_MMB.MMBWebsite.MMBLogin_NonB2C(MMBWebsite.java:380)
at FO_MMB.MMBWebsite.RelaunchThirdPartyWebsite(MMBWebsite.java:248)
at FO_MMB.MMBWebsite.MMB_WebsiteLaunchAndBookingDetails_3PA(MMBWebsite.java:229)
at FO_MMB.MMBWebsite.MMB_MMBHomepage(MMBWebsite.java:59)
at TestComponents.LaunchBrowser.TargetedMMB(LaunchBrowser.java:125)
at FO_Testcases.MMBflow.MMB_PPRD_MA_3PA(MMBflow.java:266)
at java.util.ArrayList.forEach(Unknown Source)
... Removed 31 stack frames]]>
    </failure>
  </testcase> <!-- MMB_PPRD_MA_3PA -->
  <testcase name="MMB_SIT_BE_3PA" time="0.0" classname="FO_Testcases.MMBflow">
    <ignored/>
  </testcase> <!-- MMB_SIT_BE_3PA -->
  <testcase name="MMB_SIT_NL_Inhouse" time="0.0" classname="FO_Testcases.MMBflow">
    <ignored/>
  </testcase> <!-- MMB_SIT_NL_Inhouse -->
  <testcase name="MMB_SIT_MA_3PA" time="0.0" classname="FO_Testcases.MMBflow">
    <ignored/>
  </testcase> <!-- MMB_SIT_MA_3PA -->
  <testcase name="MMB_SIT_MA_Inhouse" time="0.0" classname="FO_Testcases.MMBflow">
    <ignored/>
  </testcase> <!-- MMB_SIT_MA_Inhouse -->
  <testcase name="MMB_SIT_NL_3PA" time="0.0" classname="FO_Testcases.MMBflow">
    <ignored/>
  </testcase> <!-- MMB_SIT_NL_3PA -->
  <testcase name="MMB_SIT_MA_B2C" time="0.0" classname="FO_Testcases.MMBflow">
    <ignored/>
  </testcase> <!-- MMB_SIT_MA_B2C -->
  <testcase name="MMB_SIT_NL_B2C" time="0.0" classname="FO_Testcases.MMBflow">
    <ignored/>
  </testcase> <!-- MMB_SIT_NL_B2C -->
  <testcase name="MMB_SIT_BE_Inhouse" time="0.0" classname="FO_Testcases.MMBflow">
    <ignored/>
  </testcase> <!-- MMB_SIT_BE_Inhouse -->
  <testcase name="MMB_SIT_FR_B2C" time="0.0" classname="FO_Testcases.MMBflow">
    <ignored/>
  </testcase> <!-- MMB_SIT_FR_B2C -->
  <testcase name="MMB_SIT_BE_B2C" time="0.0" classname="FO_Testcases.MMBflow">
    <ignored/>
  </testcase> <!-- MMB_SIT_BE_B2C -->
</testsuite> <!-- PPRD Smoketest MMB -->
