<?xml version="1.0" encoding="UTF-8"?>
<!-- Generated by org.testng.reporters.JUnitXMLReporter -->
<testsuite ignored="15" hostname="HYDNB884" failures="3" tests="8" name="Inhouse_Smoke" time="961.021" errors="0" timestamp="2023-07-14T10:57:20 IST">
  <testcase classname="FO_SmokeTestcases.TwowayBasicBookFlow" name="SIT_BE_B2C" time="71.397">
    <skipped/>
  </testcase> <!-- SIT_BE_B2C -->
  <testcase classname="FO_SmokeTestcases.TwowayBasicBookFlow" name="SIT_BE_B2C" time="52.222">
    <failure type="org.openqa.selenium.ElementClickInterceptedException" message="element click intercepted: Element &amp;lt;button type=&amp;quot;&amp;quot; role=&amp;quot;button&amp;quot; aria-label=&amp;quot;extra options continue button&amp;quot; class=&amp;quot;buttons__button buttons__primary buttons__fill&amp;quot;&amp;gt;...&amp;lt;/button&amp;gt; is not clickable at point (1082, 536). Other element would receive the click: &amp;lt;div class=&amp;quot;LoadingSpinner__overlay&amp;quot; aria-busy=&amp;quot;true&amp;quot;&amp;gt;...&amp;lt;/div&amp;gt;
  (Session info: chrome=114.0.5735.199)
Build info: version: &amp;apos;4.10.0&amp;apos;, revision: &amp;apos;c14d967899&amp;apos;
System info: os.name: &amp;apos;Windows 11&amp;apos;, os.arch: &amp;apos;amd64&amp;apos;, os.version: &amp;apos;10.0&amp;apos;, java.version: &amp;apos;17.0.6&amp;apos;
Driver info: org.openqa.selenium.chrome.ChromeDriver
Command: [eebf86751473220ca6799fa4f9632466, clickElement {id=E5B44BDFB30ED5CDCCF3E5C59E911D0A_element_240}]
Capabilities {acceptInsecureCerts: false, browserName: chrome, browserVersion: 114.0.5735.199, chrome: {chromedriverVersion: 114.0.5735.90 (386bc09e8f4f..., userDataDir: C:\WINDOWS\SystemTemp\scope...}, goog:chromeOptions: {debuggerAddress: localhost:50214}, networkConnectionEnabled: false, pageLoadStrategy: normal, platformName: windows, proxy: Proxy(), se:cdp: ws://localhost:50214/devtoo..., se:cdpVersion: 114.0.5735.199, setWindowRect: true, strictFileInteractability: false, timeouts: {implicit: 0, pageLoad: 300000, script: 30000}, unhandledPromptBehavior: dismiss and notify, webauthn:extension:credBlob: true, webauthn:extension:largeBlob: true, webauthn:extension:minPinLength: true, webauthn:extension:prf: true, webauthn:virtualAuthenticators: true}
Element: [[ChromeDriver: chrome on windows (eebf86751473220ca6799fa4f9632466)] -&amp;gt; xpath: //button[@aria-label=&amp;apos;extra options continue button&amp;apos;]]
Session ID: eebf86751473220ca6799fa4f9632466">
      <![CDATA[org.openqa.selenium.ElementClickInterceptedException: element click intercepted: Element <button type="" role="button" aria-label="extra options continue button" class="buttons__button buttons__primary buttons__fill">...</button> is not clickable at point (1082, 536). Other element would receive the click: <div class="LoadingSpinner__overlay" aria-busy="true">...</div>
  (Session info: chrome=114.0.5735.199)
Build info: version: '4.10.0', revision: 'c14d967899'
System info: os.name: 'Windows 11', os.arch: 'amd64', os.version: '10.0', java.version: '17.0.6'
Driver info: org.openqa.selenium.chrome.ChromeDriver
Command: [eebf86751473220ca6799fa4f9632466, clickElement {id=E5B44BDFB30ED5CDCCF3E5C59E911D0A_element_240}]
Capabilities {acceptInsecureCerts: false, browserName: chrome, browserVersion: 114.0.5735.199, chrome: {chromedriverVersion: 114.0.5735.90 (386bc09e8f4f..., userDataDir: C:\WINDOWS\SystemTemp\scope...}, goog:chromeOptions: {debuggerAddress: localhost:50214}, networkConnectionEnabled: false, pageLoadStrategy: normal, platformName: windows, proxy: Proxy(), se:cdp: ws://localhost:50214/devtoo..., se:cdpVersion: 114.0.5735.199, setWindowRect: true, strictFileInteractability: false, timeouts: {implicit: 0, pageLoad: 300000, script: 30000}, unhandledPromptBehavior: dismiss and notify, webauthn:extension:credBlob: true, webauthn:extension:largeBlob: true, webauthn:extension:minPinLength: true, webauthn:extension:prf: true, webauthn:virtualAuthenticators: true}
Element: [[ChromeDriver: chrome on windows (eebf86751473220ca6799fa4f9632466)] -> xpath: //button[@aria-label='extra options continue button']]
Session ID: eebf86751473220ca6799fa4f9632466
at org.openqa.selenium.remote.codec.w3c.W3CHttpResponseCodec.createException(W3CHttpResponseCodec.java:199)
at org.openqa.selenium.remote.codec.w3c.W3CHttpResponseCodec.decode(W3CHttpResponseCodec.java:132)
at org.openqa.selenium.remote.codec.w3c.W3CHttpResponseCodec.decode(W3CHttpResponseCodec.java:51)
at org.openqa.selenium.remote.HttpCommandExecutor.execute(HttpCommandExecutor.java:191)
at org.openqa.selenium.remote.service.DriverCommandExecutor.invokeExecute(DriverCommandExecutor.java:196)
at org.openqa.selenium.remote.service.DriverCommandExecutor.execute(DriverCommandExecutor.java:171)
at org.openqa.selenium.remote.RemoteWebDriver.execute(RemoteWebDriver.java:531)
at org.openqa.selenium.remote.RemoteWebElement.execute(RemoteWebElement.java:242)
at org.openqa.selenium.remote.RemoteWebElement.click(RemoteWebElement.java:77)
at FO_BookFlow.FlightoptionsPage.BaggageSelection(FlightoptionsPage.java:143)
at FO_BookFlow.FlightoptionsPage.FlightExtras(FlightoptionsPage.java:55)
at FO_SmokeTestcases.TwowayBasicBookFlow.SIT_BE_B2C(TwowayBasicBookFlow.java:42)
at java.base/java.util.ArrayList.forEach(ArrayList.java:1511)
... Removed 32 stack frames]]>
    </failure>
  </testcase> <!-- SIT_BE_B2C -->
  <testcase classname="FO_SmokeTestcases.TwowayBasicBookFlow" name="SIT_MA_B2C" time="152.732">
    <skipped/>
  </testcase> <!-- SIT_MA_B2C -->
  <testcase classname="FO_SmokeTestcases.TwowayBasicBookFlow" name="SIT_MA_B2C" time="100.396"/>
  <testcase classname="FO_SmokeTestcases.TwowayBasicBookFlow" name="SIT_BE_Inhouse" time="171.144">
    <skipped/>
  </testcase> <!-- SIT_BE_Inhouse -->
  <testcase classname="FO_SmokeTestcases.TwowayBasicBookFlow" name="SIT_BE_Inhouse" time="202.936">
    <failure type="org.openqa.selenium.TimeoutException" message="Expected condition failed: waiting for visibility of element located by By.xpath: //li[@class=&amp;apos;navigations__current&amp;apos;] (tried for 40 second(s) with 500 milliseconds interval)
Build info: version: &amp;apos;4.10.0&amp;apos;, revision: &amp;apos;c14d967899&amp;apos;
System info: os.name: &amp;apos;Windows 11&amp;apos;, os.arch: &amp;apos;amd64&amp;apos;, os.version: &amp;apos;10.0&amp;apos;, java.version: &amp;apos;17.0.6&amp;apos;
Driver info: org.openqa.selenium.chrome.ChromeDriver
Capabilities {acceptInsecureCerts: false, browserName: chrome, browserVersion: 114.0.5735.199, chrome: {chromedriverVersion: 114.0.5735.90 (386bc09e8f4f..., userDataDir: C:\WINDOWS\SystemTemp\scope...}, goog:chromeOptions: {debuggerAddress: localhost:51296}, networkConnectionEnabled: false, pageLoadStrategy: normal, platformName: windows, proxy: Proxy(), se:cdp: ws://localhost:51296/devtoo..., se:cdpVersion: 114.0.5735.199, setWindowRect: true, strictFileInteractability: false, timeouts: {implicit: 0, pageLoad: 300000, script: 30000}, unhandledPromptBehavior: dismiss and notify, webauthn:extension:credBlob: true, webauthn:extension:largeBlob: true, webauthn:extension:minPinLength: true, webauthn:extension:prf: true, webauthn:virtualAuthenticators: true}
Session ID: 2560376961cf2400f6cc1d392079a2a5">
      <![CDATA[org.openqa.selenium.TimeoutException: Expected condition failed: waiting for visibility of element located by By.xpath: //li[@class='navigations__current'] (tried for 40 second(s) with 500 milliseconds interval)
Build info: version: '4.10.0', revision: 'c14d967899'
System info: os.name: 'Windows 11', os.arch: 'amd64', os.version: '10.0', java.version: '17.0.6'
Driver info: org.openqa.selenium.chrome.ChromeDriver
Capabilities {acceptInsecureCerts: false, browserName: chrome, browserVersion: 114.0.5735.199, chrome: {chromedriverVersion: 114.0.5735.90 (386bc09e8f4f..., userDataDir: C:\WINDOWS\SystemTemp\scope...}, goog:chromeOptions: {debuggerAddress: localhost:51296}, networkConnectionEnabled: false, pageLoadStrategy: normal, platformName: windows, proxy: Proxy(), se:cdp: ws://localhost:51296/devtoo..., se:cdpVersion: 114.0.5735.199, setWindowRect: true, strictFileInteractability: false, timeouts: {implicit: 0, pageLoad: 300000, script: 30000}, unhandledPromptBehavior: dismiss and notify, webauthn:extension:credBlob: true, webauthn:extension:largeBlob: true, webauthn:extension:minPinLength: true, webauthn:extension:prf: true, webauthn:virtualAuthenticators: true}
Session ID: 2560376961cf2400f6cc1d392079a2a5
at org.openqa.selenium.support.ui.WebDriverWait.timeoutException(WebDriverWait.java:84)
at org.openqa.selenium.support.ui.FluentWait.until(FluentWait.java:230)
at AbstractMethods.AbstractComponents.waitForElementVisible(AbstractComponents.java:29)
at FO_BookFlow.ExtraoptionsPage.NoInsurance(ExtraoptionsPage.java:55)
at FO_SmokeTestcases.TwowayBasicBookFlow.SIT_BE_Inhouse(TwowayBasicBookFlow.java:163)
at java.base/java.util.ArrayList.forEach(ArrayList.java:1511)
... Removed 27 stack frames]]>
    </failure>
  </testcase> <!-- SIT_BE_Inhouse -->
  <testcase classname="FO_SmokeTestcases.TwowayBasicBookFlow" name="SIT_NL_3PA" time="107.525">
    <skipped/>
  </testcase> <!-- SIT_NL_3PA -->
  <testcase classname="FO_SmokeTestcases.TwowayBasicBookFlow" name="SIT_NL_3PA" time="102.068">
    <failure type="org.openqa.selenium.TimeoutException" message="Expected condition failed: waiting for visibility of element located by By.xpath: //li[@class=&amp;apos;navigations__current&amp;apos;] (tried for 40 second(s) with 500 milliseconds interval)
Build info: version: &amp;apos;4.10.0&amp;apos;, revision: &amp;apos;c14d967899&amp;apos;
System info: os.name: &amp;apos;Windows 11&amp;apos;, os.arch: &amp;apos;amd64&amp;apos;, os.version: &amp;apos;10.0&amp;apos;, java.version: &amp;apos;17.0.6&amp;apos;
Driver info: org.openqa.selenium.chrome.ChromeDriver
Capabilities {acceptInsecureCerts: false, browserName: chrome, browserVersion: 114.0.5735.199, chrome: {chromedriverVersion: 114.0.5735.90 (386bc09e8f4f..., userDataDir: C:\WINDOWS\SystemTemp\scope...}, goog:chromeOptions: {debuggerAddress: localhost:51902}, networkConnectionEnabled: false, pageLoadStrategy: normal, platformName: windows, proxy: Proxy(), se:cdp: ws://localhost:51902/devtoo..., se:cdpVersion: 114.0.5735.199, setWindowRect: true, strictFileInteractability: false, timeouts: {implicit: 0, pageLoad: 300000, script: 30000}, unhandledPromptBehavior: dismiss and notify, webauthn:extension:credBlob: true, webauthn:extension:largeBlob: true, webauthn:extension:minPinLength: true, webauthn:extension:prf: true, webauthn:virtualAuthenticators: true}
Session ID: cac92dd93713a6e1193b601e384b1fe8">
      <![CDATA[org.openqa.selenium.TimeoutException: Expected condition failed: waiting for visibility of element located by By.xpath: //li[@class='navigations__current'] (tried for 40 second(s) with 500 milliseconds interval)
Build info: version: '4.10.0', revision: 'c14d967899'
System info: os.name: 'Windows 11', os.arch: 'amd64', os.version: '10.0', java.version: '17.0.6'
Driver info: org.openqa.selenium.chrome.ChromeDriver
Capabilities {acceptInsecureCerts: false, browserName: chrome, browserVersion: 114.0.5735.199, chrome: {chromedriverVersion: 114.0.5735.90 (386bc09e8f4f..., userDataDir: C:\WINDOWS\SystemTemp\scope...}, goog:chromeOptions: {debuggerAddress: localhost:51902}, networkConnectionEnabled: false, pageLoadStrategy: normal, platformName: windows, proxy: Proxy(), se:cdp: ws://localhost:51902/devtoo..., se:cdpVersion: 114.0.5735.199, setWindowRect: true, strictFileInteractability: false, timeouts: {implicit: 0, pageLoad: 300000, script: 30000}, unhandledPromptBehavior: dismiss and notify, webauthn:extension:credBlob: true, webauthn:extension:largeBlob: true, webauthn:extension:minPinLength: true, webauthn:extension:prf: true, webauthn:virtualAuthenticators: true}
Session ID: cac92dd93713a6e1193b601e384b1fe8
at org.openqa.selenium.support.ui.WebDriverWait.timeoutException(WebDriverWait.java:84)
at org.openqa.selenium.support.ui.FluentWait.until(FluentWait.java:230)
at AbstractMethods.AbstractComponents.waitForElementVisible(AbstractComponents.java:29)
at FO_BookFlow.ExtraoptionsPage.NoInsurance(ExtraoptionsPage.java:55)
at FO_SmokeTestcases.TwowayBasicBookFlow.SIT_NL_3PA(TwowayBasicBookFlow.java:283)
at java.base/java.util.ArrayList.forEach(ArrayList.java:1511)
... Removed 27 stack frames]]>
    </failure>
  </testcase> <!-- SIT_NL_3PA -->
  <testcase classname="FO_SmokeTestcases.TwowayBasicBookFlow" name="PPRD_MA_Inhouse" time="0.0">
    <ignored/>
  </testcase> <!-- PPRD_MA_Inhouse -->
  <testcase classname="FO_SmokeTestcases.TwowayBasicBookFlow" name="PPRD_FR_B2C" time="0.0">
    <ignored/>
  </testcase> <!-- PPRD_FR_B2C -->
  <testcase classname="FO_SmokeTestcases.TwowayBasicBookFlow" name="PPRD_BE_B2C" time="0.0">
    <ignored/>
  </testcase> <!-- PPRD_BE_B2C -->
  <testcase classname="FO_SmokeTestcases.TwowayBasicBookFlow" name="SIT_MA_Inhouse" time="0.0">
    <ignored/>
  </testcase> <!-- SIT_MA_Inhouse -->
  <testcase classname="FO_SmokeTestcases.TwowayBasicBookFlow" name="PPRD_NL_B2C" time="0.0">
    <ignored/>
  </testcase> <!-- PPRD_NL_B2C -->
  <testcase classname="FO_SmokeTestcases.TwowayBasicBookFlow" name="PPRD_NL_3PA" time="0.0">
    <ignored/>
  </testcase> <!-- PPRD_NL_3PA -->
  <testcase classname="FO_SmokeTestcases.TwowayBasicBookFlow" name="SIT_NL_B2C" time="0.0">
    <ignored/>
  </testcase> <!-- SIT_NL_B2C -->
  <testcase classname="FO_SmokeTestcases.TwowayBasicBookFlow" name="PPRD_BE_Inhouse" time="0.0">
    <ignored/>
  </testcase> <!-- PPRD_BE_Inhouse -->
  <testcase classname="FO_SmokeTestcases.TwowayBasicBookFlow" name="PPRD_BE_3PA" time="0.0">
    <ignored/>
  </testcase> <!-- PPRD_BE_3PA -->
  <testcase classname="FO_SmokeTestcases.TwowayBasicBookFlow" name="PPRD_MA_3PA" time="0.0">
    <ignored/>
  </testcase> <!-- PPRD_MA_3PA -->
  <testcase classname="FO_SmokeTestcases.TwowayBasicBookFlow" name="SIT_FR_B2C" time="0.0">
    <ignored/>
  </testcase> <!-- SIT_FR_B2C -->
  <testcase classname="FO_SmokeTestcases.TwowayBasicBookFlow" name="SIT_NL_Inhouse" time="0.0">
    <ignored/>
  </testcase> <!-- SIT_NL_Inhouse -->
  <testcase classname="FO_SmokeTestcases.TwowayBasicBookFlow" name="PPRD_NL_Inhouse" time="0.0">
    <ignored/>
  </testcase> <!-- PPRD_NL_Inhouse -->
  <testcase classname="FO_SmokeTestcases.TwowayBasicBookFlow" name="SIT_BE_3PA" time="0.0">
    <ignored/>
  </testcase> <!-- SIT_BE_3PA -->
  <testcase classname="FO_SmokeTestcases.TwowayBasicBookFlow" name="PPRD_MA_B2C" time="0.0">
    <ignored/>
  </testcase> <!-- PPRD_MA_B2C -->
</testsuite> <!-- Inhouse_Smoke -->
