<?xml version="1.0" encoding="UTF-8"?>
<!-- Generated by org.testng.reporters.JUnitXMLReporter -->
<testsuite ignored="10" hostname="HYDNB884" failures="3" tests="13" name="PPRD Smoketest Bookflow" time="1280.427" errors="0" timestamp="2023-08-24T16:58:54 IST">
  <testcase classname="Smoke_TCs.PPRD_SmokeTCs" name="PPRD_BE_B2C" time="116.75"/>
  <testcase classname="Smoke_TCs.PPRD_SmokeTCs" name="PPRD_NL_B2C" time="123.98"/>
  <testcase classname="Smoke_TCs.PPRD_SmokeTCs" name="PPRD_FR_B2C" time="102.576"/>
  <testcase classname="Smoke_TCs.PPRD_SmokeTCs" name="PPRD_MA_B2C" time="130.156">
    <skipped/>
  </testcase> <!-- PPRD_MA_B2C -->
  <testcase classname="Smoke_TCs.PPRD_SmokeTCs" name="PPRD_MA_B2C" time="116.12">
    <failure type="org.openqa.selenium.TimeoutException" message="Expected condition failed: waiting for visibility of element located by By.xpath: (//input[@id=&amp;apos;cardHolderName&amp;apos;])[1] (tried for 40 second(s) with 500 milliseconds interval)
Build info: version: &amp;apos;4.10.0&amp;apos;, revision: &amp;apos;c14d967899&amp;apos;
System info: os.name: &amp;apos;Windows 11&amp;apos;, os.arch: &amp;apos;amd64&amp;apos;, os.version: &amp;apos;10.0&amp;apos;, java.version: &amp;apos;17.0.7&amp;apos;
Driver info: org.openqa.selenium.chrome.ChromeDriver
Capabilities {acceptInsecureCerts: false, browserName: chrome, browserVersion: 116.0.5845.110, chrome: {chromedriverVersion: 116.0.5845.96 (1a3918166880..., userDataDir: C:\WINDOWS\SystemTemp\scope...}, fedcm:accounts: true, goog:chromeOptions: {debuggerAddress: localhost:52413}, networkConnectionEnabled: false, pageLoadStrategy: normal, platformName: windows, proxy: Proxy(), se:cdp: ws://localhost:52413/devtoo..., se:cdpVersion: 116.0.5845.110, setWindowRect: true, strictFileInteractability: false, timeouts: {implicit: 0, pageLoad: 300000, script: 30000}, unhandledPromptBehavior: dismiss and notify, webauthn:extension:credBlob: true, webauthn:extension:largeBlob: true, webauthn:extension:minPinLength: true, webauthn:extension:prf: true, webauthn:virtualAuthenticators: true}
Session ID: 6c22b283be79fff829cac46b19db37ac">
      <![CDATA[org.openqa.selenium.TimeoutException: Expected condition failed: waiting for visibility of element located by By.xpath: (//input[@id='cardHolderName'])[1] (tried for 40 second(s) with 500 milliseconds interval)
Build info: version: '4.10.0', revision: 'c14d967899'
System info: os.name: 'Windows 11', os.arch: 'amd64', os.version: '10.0', java.version: '17.0.7'
Driver info: org.openqa.selenium.chrome.ChromeDriver
Capabilities {acceptInsecureCerts: false, browserName: chrome, browserVersion: 116.0.5845.110, chrome: {chromedriverVersion: 116.0.5845.96 (1a3918166880..., userDataDir: C:\WINDOWS\SystemTemp\scope...}, fedcm:accounts: true, goog:chromeOptions: {debuggerAddress: localhost:52413}, networkConnectionEnabled: false, pageLoadStrategy: normal, platformName: windows, proxy: Proxy(), se:cdp: ws://localhost:52413/devtoo..., se:cdpVersion: 116.0.5845.110, setWindowRect: true, strictFileInteractability: false, timeouts: {implicit: 0, pageLoad: 300000, script: 30000}, unhandledPromptBehavior: dismiss and notify, webauthn:extension:credBlob: true, webauthn:extension:largeBlob: true, webauthn:extension:minPinLength: true, webauthn:extension:prf: true, webauthn:virtualAuthenticators: true}
Session ID: 6c22b283be79fff829cac46b19db37ac
at org.openqa.selenium.support.ui.WebDriverWait.timeoutException(WebDriverWait.java:84)
at org.openqa.selenium.support.ui.FluentWait.until(FluentWait.java:230)
at AbstractMethods.AbstractComponents.waitForElementVisible(AbstractComponents.java:32)
at Common_PaymentPage.PaymentMethods.VisaCardPayment_MAinMAD(PaymentMethods.java:382)
at Common_PaymentPage.PaymentMethods.PaymentMethod_B2C(PaymentMethods.java:201)
at Common_PaymentPage.PaymentMethods.BookflowPayment(PaymentMethods.java:45)
at Smoke_TCs.PPRD_SmokeTCs.PPRD_MA_B2C(PPRD_SmokeTCs.java:115)
at java.base/java.util.ArrayList.forEach(ArrayList.java:1511)
... Removed 27 stack frames]]>
    </failure>
  </testcase> <!-- PPRD_MA_B2C -->
  <testcase classname="Smoke_TCs.PPRD_SmokeTCs" name="PPRD_BE_Inhouse" time="54.68">
    <skipped/>
  </testcase> <!-- PPRD_BE_Inhouse -->
  <testcase classname="Smoke_TCs.PPRD_SmokeTCs" name="PPRD_BE_Inhouse" time="59.155">
    <failure type="org.openqa.selenium.NoSuchElementException" message="no such element: Unable to locate element: {&amp;quot;method&amp;quot;:&amp;quot;xpath&amp;quot;,&amp;quot;selector&amp;quot;:&amp;quot;(//div[@id=&amp;apos;flightsearchresults__component&amp;apos;]/div[4] //button[@aria-label=&amp;apos;button&amp;apos;])[1]&amp;quot;}
  (Session info: chrome=116.0.5845.110)
For documentation on this error, please visit: https://www.selenium.dev/documentation/webdriver/troubleshooting/errors#no-such-element-exception
Build info: version: &amp;apos;4.10.0&amp;apos;, revision: &amp;apos;c14d967899&amp;apos;
System info: os.name: &amp;apos;Windows 11&amp;apos;, os.arch: &amp;apos;amd64&amp;apos;, os.version: &amp;apos;10.0&amp;apos;, java.version: &amp;apos;17.0.7&amp;apos;
Driver info: org.openqa.selenium.chrome.ChromeDriver
Command: [116f83f361108c42d0933d61272425bf, findElement {using=xpath, value=(//div[@id=&amp;apos;flightsearchresults__component&amp;apos;]/div[4] //button[@aria-label=&amp;apos;button&amp;apos;])[1]}]
Capabilities {acceptInsecureCerts: false, browserName: chrome, browserVersion: 116.0.5845.110, chrome: {chromedriverVersion: 116.0.5845.96 (1a3918166880..., userDataDir: C:\WINDOWS\SystemTemp\scope...}, fedcm:accounts: true, goog:chromeOptions: {debuggerAddress: localhost:52763}, networkConnectionEnabled: false, pageLoadStrategy: normal, platformName: windows, proxy: Proxy(), se:cdp: ws://localhost:52763/devtoo..., se:cdpVersion: 116.0.5845.110, setWindowRect: true, strictFileInteractability: false, timeouts: {implicit: 0, pageLoad: 300000, script: 30000}, unhandledPromptBehavior: dismiss and notify, webauthn:extension:credBlob: true, webauthn:extension:largeBlob: true, webauthn:extension:minPinLength: true, webauthn:extension:prf: true, webauthn:virtualAuthenticators: true}
Session ID: 116f83f361108c42d0933d61272425bf">
      <![CDATA[org.openqa.selenium.NoSuchElementException: no such element: Unable to locate element: {"method":"xpath","selector":"(//div[@id='flightsearchresults__component']/div[4] //button[@aria-label='button'])[1]"}
  (Session info: chrome=116.0.5845.110)
For documentation on this error, please visit: https://www.selenium.dev/documentation/webdriver/troubleshooting/errors#no-such-element-exception
Build info: version: '4.10.0', revision: 'c14d967899'
System info: os.name: 'Windows 11', os.arch: 'amd64', os.version: '10.0', java.version: '17.0.7'
Driver info: org.openqa.selenium.chrome.ChromeDriver
Command: [116f83f361108c42d0933d61272425bf, findElement {using=xpath, value=(//div[@id='flightsearchresults__component']/div[4] //button[@aria-label='button'])[1]}]
Capabilities {acceptInsecureCerts: false, browserName: chrome, browserVersion: 116.0.5845.110, chrome: {chromedriverVersion: 116.0.5845.96 (1a3918166880..., userDataDir: C:\WINDOWS\SystemTemp\scope...}, fedcm:accounts: true, goog:chromeOptions: {debuggerAddress: localhost:52763}, networkConnectionEnabled: false, pageLoadStrategy: normal, platformName: windows, proxy: Proxy(), se:cdp: ws://localhost:52763/devtoo..., se:cdpVersion: 116.0.5845.110, setWindowRect: true, strictFileInteractability: false, timeouts: {implicit: 0, pageLoad: 300000, script: 30000}, unhandledPromptBehavior: dismiss and notify, webauthn:extension:credBlob: true, webauthn:extension:largeBlob: true, webauthn:extension:minPinLength: true, webauthn:extension:prf: true, webauthn:virtualAuthenticators: true}
Session ID: 116f83f361108c42d0933d61272425bf
at org.openqa.selenium.remote.codec.w3c.W3CHttpResponseCodec.createException(W3CHttpResponseCodec.java:199)
at org.openqa.selenium.remote.codec.w3c.W3CHttpResponseCodec.decode(W3CHttpResponseCodec.java:132)
at org.openqa.selenium.remote.codec.w3c.W3CHttpResponseCodec.decode(W3CHttpResponseCodec.java:51)
at org.openqa.selenium.remote.HttpCommandExecutor.execute(HttpCommandExecutor.java:191)
at org.openqa.selenium.remote.service.DriverCommandExecutor.invokeExecute(DriverCommandExecutor.java:196)
at org.openqa.selenium.remote.service.DriverCommandExecutor.execute(DriverCommandExecutor.java:171)
at org.openqa.selenium.remote.RemoteWebDriver.execute(RemoteWebDriver.java:531)
at org.openqa.selenium.remote.ElementLocation$ElementFinder$2.findElement(ElementLocation.java:165)
at org.openqa.selenium.remote.ElementLocation.findElement(ElementLocation.java:59)
at org.openqa.selenium.remote.RemoteWebDriver.findElement(RemoteWebDriver.java:350)
at org.openqa.selenium.remote.RemoteWebDriver.findElement(RemoteWebDriver.java:344)
at FO_BookFlow.SearchPage.TwowaySearchResults(SearchPage.java:210)
at FO_BookFlow.SearchPage.SearchResults(SearchPage.java:164)
at FO_BookFlow.SearchPage.PassengersAdults(SearchPage.java:106)
at Smoke_TCs.PPRD_SmokeTCs.PPRD_BE_Inhouse(PPRD_SmokeTCs.java:132)
at java.base/java.util.ArrayList.forEach(ArrayList.java:1511)
... Removed 32 stack frames]]>
    </failure>
  </testcase> <!-- PPRD_BE_Inhouse -->
  <testcase classname="Smoke_TCs.PPRD_SmokeTCs" name="PPRD_NL_Inhouse" time="178.927"/>
  <testcase classname="Smoke_TCs.PPRD_SmokeTCs" name="PPRD_MA_Inhouse" time="147.239"/>
  <testcase classname="Smoke_TCs.PPRD_SmokeTCs" name="PPRD_BE_3PA" time="85.727"/>
  <testcase classname="Smoke_TCs.PPRD_SmokeTCs" name="PPRD_NL_3PA" time="27.25">
    <skipped/>
  </testcase> <!-- PPRD_NL_3PA -->
  <testcase classname="Smoke_TCs.PPRD_SmokeTCs" name="PPRD_NL_3PA" time="29.918">
    <failure type="org.openqa.selenium.NoSuchElementException" message="no such element: Unable to locate element: {&amp;quot;method&amp;quot;:&amp;quot;xpath&amp;quot;,&amp;quot;selector&amp;quot;:&amp;quot;(//div[@id=&amp;apos;flightsearchresults__component&amp;apos;]/div[4] //button[@aria-label=&amp;apos;button&amp;apos;])[1]&amp;quot;}
  (Session info: chrome=116.0.5845.110)
For documentation on this error, please visit: https://www.selenium.dev/documentation/webdriver/troubleshooting/errors#no-such-element-exception
Build info: version: &amp;apos;4.10.0&amp;apos;, revision: &amp;apos;c14d967899&amp;apos;
System info: os.name: &amp;apos;Windows 11&amp;apos;, os.arch: &amp;apos;amd64&amp;apos;, os.version: &amp;apos;10.0&amp;apos;, java.version: &amp;apos;17.0.7&amp;apos;
Driver info: org.openqa.selenium.chrome.ChromeDriver
Command: [aaba81c1af93454a6c8d05dfdc9ffc36, findElement {using=xpath, value=(//div[@id=&amp;apos;flightsearchresults__component&amp;apos;]/div[4] //button[@aria-label=&amp;apos;button&amp;apos;])[1]}]
Capabilities {acceptInsecureCerts: false, browserName: chrome, browserVersion: 116.0.5845.110, chrome: {chromedriverVersion: 116.0.5845.96 (1a3918166880..., userDataDir: C:\WINDOWS\SystemTemp\scope...}, fedcm:accounts: true, goog:chromeOptions: {debuggerAddress: localhost:53672}, networkConnectionEnabled: false, pageLoadStrategy: normal, platformName: windows, proxy: Proxy(), se:cdp: ws://localhost:53672/devtoo..., se:cdpVersion: 116.0.5845.110, setWindowRect: true, strictFileInteractability: false, timeouts: {implicit: 0, pageLoad: 300000, script: 30000}, unhandledPromptBehavior: dismiss and notify, webauthn:extension:credBlob: true, webauthn:extension:largeBlob: true, webauthn:extension:minPinLength: true, webauthn:extension:prf: true, webauthn:virtualAuthenticators: true}
Session ID: aaba81c1af93454a6c8d05dfdc9ffc36">
      <![CDATA[org.openqa.selenium.NoSuchElementException: no such element: Unable to locate element: {"method":"xpath","selector":"(//div[@id='flightsearchresults__component']/div[4] //button[@aria-label='button'])[1]"}
  (Session info: chrome=116.0.5845.110)
For documentation on this error, please visit: https://www.selenium.dev/documentation/webdriver/troubleshooting/errors#no-such-element-exception
Build info: version: '4.10.0', revision: 'c14d967899'
System info: os.name: 'Windows 11', os.arch: 'amd64', os.version: '10.0', java.version: '17.0.7'
Driver info: org.openqa.selenium.chrome.ChromeDriver
Command: [aaba81c1af93454a6c8d05dfdc9ffc36, findElement {using=xpath, value=(//div[@id='flightsearchresults__component']/div[4] //button[@aria-label='button'])[1]}]
Capabilities {acceptInsecureCerts: false, browserName: chrome, browserVersion: 116.0.5845.110, chrome: {chromedriverVersion: 116.0.5845.96 (1a3918166880..., userDataDir: C:\WINDOWS\SystemTemp\scope...}, fedcm:accounts: true, goog:chromeOptions: {debuggerAddress: localhost:53672}, networkConnectionEnabled: false, pageLoadStrategy: normal, platformName: windows, proxy: Proxy(), se:cdp: ws://localhost:53672/devtoo..., se:cdpVersion: 116.0.5845.110, setWindowRect: true, strictFileInteractability: false, timeouts: {implicit: 0, pageLoad: 300000, script: 30000}, unhandledPromptBehavior: dismiss and notify, webauthn:extension:credBlob: true, webauthn:extension:largeBlob: true, webauthn:extension:minPinLength: true, webauthn:extension:prf: true, webauthn:virtualAuthenticators: true}
Session ID: aaba81c1af93454a6c8d05dfdc9ffc36
at org.openqa.selenium.remote.codec.w3c.W3CHttpResponseCodec.createException(W3CHttpResponseCodec.java:199)
at org.openqa.selenium.remote.codec.w3c.W3CHttpResponseCodec.decode(W3CHttpResponseCodec.java:132)
at org.openqa.selenium.remote.codec.w3c.W3CHttpResponseCodec.decode(W3CHttpResponseCodec.java:51)
at org.openqa.selenium.remote.HttpCommandExecutor.execute(HttpCommandExecutor.java:191)
at org.openqa.selenium.remote.service.DriverCommandExecutor.invokeExecute(DriverCommandExecutor.java:196)
at org.openqa.selenium.remote.service.DriverCommandExecutor.execute(DriverCommandExecutor.java:171)
at org.openqa.selenium.remote.RemoteWebDriver.execute(RemoteWebDriver.java:531)
at org.openqa.selenium.remote.ElementLocation$ElementFinder$2.findElement(ElementLocation.java:165)
at org.openqa.selenium.remote.ElementLocation.findElement(ElementLocation.java:59)
at org.openqa.selenium.remote.RemoteWebDriver.findElement(RemoteWebDriver.java:350)
at org.openqa.selenium.remote.RemoteWebDriver.findElement(RemoteWebDriver.java:344)
at FO_BookFlow.SearchPage.TwowaySearchResults(SearchPage.java:210)
at FO_BookFlow.SearchPage.SearchResults(SearchPage.java:164)
at FO_BookFlow.SearchPage.PassengersAdults(SearchPage.java:106)
at Smoke_TCs.PPRD_SmokeTCs.PPRD_NL_3PA(PPRD_SmokeTCs.java:230)
at java.base/java.util.ArrayList.forEach(ArrayList.java:1511)
... Removed 32 stack frames]]>
    </failure>
  </testcase> <!-- PPRD_NL_3PA -->
  <testcase classname="Smoke_TCs.PPRD_SmokeTCs" name="PPRD_MA_3PA" time="107.321"/>
  <testcase classname="Smoke_TCs.PPRD_SmokeTCs" name="MMB_PPRD_NL_B2C" time="0.0">
    <ignored/>
  </testcase> <!-- MMB_PPRD_NL_B2C -->
  <testcase classname="Smoke_TCs.PPRD_SmokeTCs" name="MMB_PPRD_BE_Inhouse" time="0.0">
    <ignored/>
  </testcase> <!-- MMB_PPRD_BE_Inhouse -->
  <testcase classname="Smoke_TCs.PPRD_SmokeTCs" name="MMB_PPRD_MA_B2C" time="0.0">
    <ignored/>
  </testcase> <!-- MMB_PPRD_MA_B2C -->
  <testcase classname="Smoke_TCs.PPRD_SmokeTCs" name="MMB_PPRD_BE_B2C" time="0.0">
    <ignored/>
  </testcase> <!-- MMB_PPRD_BE_B2C -->
  <testcase classname="Smoke_TCs.PPRD_SmokeTCs" name="MMB_PPRD_NL_3PA" time="0.0">
    <ignored/>
  </testcase> <!-- MMB_PPRD_NL_3PA -->
  <testcase classname="Smoke_TCs.PPRD_SmokeTCs" name="MMB_PPRD_NL_Inhouse" time="0.0">
    <ignored/>
  </testcase> <!-- MMB_PPRD_NL_Inhouse -->
  <testcase classname="Smoke_TCs.PPRD_SmokeTCs" name="MMB_PPRD_BE_3PA" time="0.0">
    <ignored/>
  </testcase> <!-- MMB_PPRD_BE_3PA -->
  <testcase classname="Smoke_TCs.PPRD_SmokeTCs" name="MMB_PPRD_FR_B2C" time="0.0">
    <ignored/>
  </testcase> <!-- MMB_PPRD_FR_B2C -->
  <testcase classname="Smoke_TCs.PPRD_SmokeTCs" name="MMB_PPRD_MA_Inhouse" time="0.0">
    <ignored/>
  </testcase> <!-- MMB_PPRD_MA_Inhouse -->
  <testcase classname="Smoke_TCs.PPRD_SmokeTCs" name="MMB_PPRD_MA_3PA" time="0.0">
    <ignored/>
  </testcase> <!-- MMB_PPRD_MA_3PA -->
</testsuite> <!-- PPRD Smoketest Bookflow -->
