<?xml version="1.0" encoding="UTF-8"?>
<!-- Generated by org.testng.reporters.JUnitXMLReporter -->
<testsuite ignored="10" hostname="HYDNB884" failures="6" tests="17" name="PPRD Smoketest MMB" time="856.614" errors="0" timestamp="2023-08-24T17:13:11 IST">
  <testcase classname="Smoke_TCs.PPRD_SmokeTCs" name="MMB_PPRD_BE_B2C" time="8.763">
    <skipped/>
  </testcase> <!-- MMB_PPRD_BE_B2C -->
  <testcase classname="Smoke_TCs.PPRD_SmokeTCs" name="MMB_PPRD_BE_B2C" time="7.293">
    <failure type="java.lang.NullPointerException" message="Cannot invoke &amp;quot;String.contains(java.lang.CharSequence)&amp;quot; because &amp;quot;toEscape&amp;quot; is null">
      <![CDATA[java.lang.NullPointerException: Cannot invoke "String.contains(java.lang.CharSequence)" because "toEscape" is null
at org.openqa.selenium.support.ui.Quotes.escape(Quotes.java:38)
at org.openqa.selenium.support.ui.Select.selectByVisibleText(Select.java:116)
at AbstractMethods.AbstractComponents.SelectMonth(AbstractComponents.java:218)
at FO_MMB.MMBWebsite.MMBLogin_B2C(MMBWebsite.java:346)
at FO_MMB.MMBWebsite.MMB_WebsiteLaunchAndBookingDetails_B2C(MMBWebsite.java:133)
at FO_MMB.MMBWebsite.MMB_MMBHomepage(MMBWebsite.java:49)
at TestComponents.LaunchBrowser.TargetedMMB(LaunchBrowser.java:118)
at Smoke_TCs.PPRD_SmokeTCs.MMB_PPRD_BE_B2C(PPRD_SmokeTCs.java:268)
at java.base/java.util.ArrayList.forEach(ArrayList.java:1511)
... Removed 27 stack frames]]>
    </failure>
  </testcase> <!-- MMB_PPRD_BE_B2C -->
  <testcase classname="Smoke_TCs.PPRD_SmokeTCs" name="MMB_PPRD_NL_B2C" time="8.85">
    <skipped/>
  </testcase> <!-- MMB_PPRD_NL_B2C -->
  <testcase classname="Smoke_TCs.PPRD_SmokeTCs" name="MMB_PPRD_NL_B2C" time="11.249">
    <failure type="java.lang.NullPointerException" message="Cannot invoke &amp;quot;String.contains(java.lang.CharSequence)&amp;quot; because &amp;quot;toEscape&amp;quot; is null">
      <![CDATA[java.lang.NullPointerException: Cannot invoke "String.contains(java.lang.CharSequence)" because "toEscape" is null
at org.openqa.selenium.support.ui.Quotes.escape(Quotes.java:38)
at org.openqa.selenium.support.ui.Select.selectByVisibleText(Select.java:116)
at AbstractMethods.AbstractComponents.SelectMonth(AbstractComponents.java:218)
at FO_MMB.MMBWebsite.MMBLogin_B2C(MMBWebsite.java:346)
at FO_MMB.MMBWebsite.MMB_WebsiteLaunchAndBookingDetails_B2C(MMBWebsite.java:133)
at FO_MMB.MMBWebsite.MMB_MMBHomepage(MMBWebsite.java:49)
at TestComponents.LaunchBrowser.TargetedMMB(LaunchBrowser.java:118)
at Smoke_TCs.PPRD_SmokeTCs.MMB_PPRD_NL_B2C(PPRD_SmokeTCs.java:281)
at java.base/java.util.ArrayList.forEach(ArrayList.java:1511)
... Removed 27 stack frames]]>
    </failure>
  </testcase> <!-- MMB_PPRD_NL_B2C -->
  <testcase classname="Smoke_TCs.PPRD_SmokeTCs" name="MMB_PPRD_FR_B2C" time="67.587">
    <skipped/>
  </testcase> <!-- MMB_PPRD_FR_B2C -->
  <testcase classname="Smoke_TCs.PPRD_SmokeTCs" name="MMB_PPRD_FR_B2C" time="62.896">
    <failure type="org.openqa.selenium.TimeoutException" message="Expected condition failed: waiting for presence of element located by: By.xpath: (//div[@class=&amp;apos;actualContent&amp;apos;]/div[2]//button[contains(@aria-label,&amp;apos;button&amp;apos;)])[4] (tried for 40 second(s) with 500 milliseconds interval)">
      <![CDATA[org.openqa.selenium.TimeoutException: Expected condition failed: waiting for presence of element located by: By.xpath: (//div[@class='actualContent']/div[2]//button[contains(@aria-label,'button')])[4] (tried for 40 second(s) with 500 milliseconds interval)
at org.openqa.selenium.support.ui.WebDriverWait.timeoutException(WebDriverWait.java:84)
at org.openqa.selenium.support.ui.FluentWait.until(FluentWait.java:230)
at AbstractMethods.AbstractComponents.waitForElementPresent(AbstractComponents.java:39)
at FO_MMB.FlightAmends.BaggageAmends(FlightAmends.java:95)
at FO_MMB.FlightAmends.FlightAmendments(FlightAmends.java:36)
at Smoke_TCs.PPRD_SmokeTCs.MMB_PPRD_FR_B2C(PPRD_SmokeTCs.java:296)
at java.base/java.util.ArrayList.forEach(ArrayList.java:1511)
Caused by: org.openqa.selenium.NoSuchElementException: no such element: Unable to locate element: {"method":"xpath","selector":"(//div[@class='actualContent']/div[2]//button[contains(@aria-label,'button')])[4]"}
  (Session info: chrome=116.0.5845.110)
For documentation on this error, please visit: https://www.selenium.dev/documentation/webdriver/troubleshooting/errors#no-such-element-exception
Build info: version: '4.10.0', revision: 'c14d967899'
System info: os.name: 'Windows 11', os.arch: 'amd64', os.version: '10.0', java.version: '17.0.7'
Driver info: org.openqa.selenium.chrome.ChromeDriver
Command: [7198e4b691604d9ec2dc89bcc4a4dd51, findElement {using=xpath, value=(//div[@class='actualContent']/div[2]//button[contains(@aria-label,'button')])[4]}]
Capabilities {acceptInsecureCerts: false, browserName: chrome, browserVersion: 116.0.5845.110, chrome: {chromedriverVersion: 116.0.5845.96 (1a3918166880..., userDataDir: C:\WINDOWS\SystemTemp\scope...}, fedcm:accounts: true, goog:chromeOptions: {debuggerAddress: localhost:54294}, networkConnectionEnabled: false, pageLoadStrategy: normal, platformName: windows, proxy: Proxy(), se:cdp: ws://localhost:54294/devtoo..., se:cdpVersion: 116.0.5845.110, setWindowRect: true, strictFileInteractability: false, timeouts: {implicit: 0, pageLoad: 300000, script: 30000}, unhandledPromptBehavior: dismiss and notify, webauthn:extension:credBlob: true, webauthn:extension:largeBlob: true, webauthn:extension:minPinLength: true, webauthn:extension:prf: true, webauthn:virtualAuthenticators: true}
Session ID: 7198e4b691604d9ec2dc89bcc4a4dd51
at org.openqa.selenium.remote.codec.w3c.W3CHttpResponseCodec.createException(W3CHttpResponseCodec.java:199)
at org.openqa.selenium.remote.codec.w3c.W3CHttpResponseCodec.decode(W3CHttpResponseCodec.java:132)
at org.openqa.selenium.remote.codec.w3c.W3CHttpResponseCodec.decode(W3CHttpResponseCodec.java:51)
at org.openqa.selenium.remote.HttpCommandExecutor.execute(HttpCommandExecutor.java:191)
at org.openqa.selenium.remote.service.DriverCommandExecutor.invokeExecute(DriverCommandExecutor.java:196)
at org.openqa.selenium.remote.service.DriverCommandExecutor.execute(DriverCommandExecutor.java:171)
at org.openqa.selenium.remote.RemoteWebDriver.execute(RemoteWebDriver.java:531)
at org.openqa.selenium.remote.ElementLocation$ElementFinder$2.findElement(ElementLocation.java:165)
at org.openqa.selenium.remote.ElementLocation.findElement(ElementLocation.java:59)
at org.openqa.selenium.remote.RemoteWebDriver.findElement(RemoteWebDriver.java:350)
at org.openqa.selenium.remote.RemoteWebDriver.findElement(RemoteWebDriver.java:344)
at org.openqa.selenium.support.ui.ExpectedConditions$6.apply(ExpectedConditions.java:171)
at org.openqa.selenium.support.ui.ExpectedConditions$6.apply(ExpectedConditions.java:168)
at org.openqa.selenium.support.ui.FluentWait.until(FluentWait.java:205)
... 32 more
... Removed 31 stack frames]]>
    </failure>
  </testcase> <!-- MMB_PPRD_FR_B2C -->
  <testcase classname="Smoke_TCs.PPRD_SmokeTCs" name="MMB_PPRD_MA_B2C" time="4.666">
    <skipped/>
  </testcase> <!-- MMB_PPRD_MA_B2C -->
  <testcase classname="Smoke_TCs.PPRD_SmokeTCs" name="MMB_PPRD_MA_B2C" time="3.216">
    <failure type="java.lang.NullPointerException" message="Cannot invoke &amp;quot;String.contains(java.lang.CharSequence)&amp;quot; because &amp;quot;deptmonth&amp;quot; is null">
      <![CDATA[java.lang.NullPointerException: Cannot invoke "String.contains(java.lang.CharSequence)" because "deptmonth" is null
at AbstractMethods.AbstractComponents.DeptMonth(AbstractComponents.java:168)
at FO_MMB.MMBWebsite.MMBLogin_B2C(MMBWebsite.java:334)
at FO_MMB.MMBWebsite.MMB_WebsiteLaunchAndBookingDetails_B2C(MMBWebsite.java:133)
at FO_MMB.MMBWebsite.MMB_MMBHomepage(MMBWebsite.java:49)
at TestComponents.LaunchBrowser.TargetedMMB(LaunchBrowser.java:118)
at Smoke_TCs.PPRD_SmokeTCs.MMB_PPRD_MA_B2C(PPRD_SmokeTCs.java:307)
at java.base/java.util.ArrayList.forEach(ArrayList.java:1511)
... Removed 27 stack frames]]>
    </failure>
  </testcase> <!-- MMB_PPRD_MA_B2C -->
  <testcase classname="Smoke_TCs.PPRD_SmokeTCs" name="MMB_PPRD_BE_Inhouse" time="50.647">
    <skipped/>
  </testcase> <!-- MMB_PPRD_BE_Inhouse -->
  <testcase classname="Smoke_TCs.PPRD_SmokeTCs" name="MMB_PPRD_BE_Inhouse" time="49.856">
    <failure type="java.lang.IllegalArgumentException" message="Keys to send should be a not null CharSequence">
      <![CDATA[java.lang.IllegalArgumentException: Keys to send should be a not null CharSequence
at org.openqa.selenium.remote.RemoteWebElement.sendKeys(RemoteWebElement.java:97)
at FO_MMB.MMBWebsite.MMBLogin_NonB2C(MMBWebsite.java:363)
at FO_MMB.MMBWebsite.MMB_WebsiteLaunchAndBookingDetails_Inhouse(MMBWebsite.java:184)
at FO_MMB.MMBWebsite.MMB_MMBHomepage(MMBWebsite.java:54)
at TestComponents.LaunchBrowser.TargetedMMB(LaunchBrowser.java:118)
at Smoke_TCs.PPRD_SmokeTCs.MMB_PPRD_BE_Inhouse(PPRD_SmokeTCs.java:320)
at java.base/java.util.ArrayList.forEach(ArrayList.java:1511)
... Removed 27 stack frames]]>
    </failure>
  </testcase> <!-- MMB_PPRD_BE_Inhouse -->
  <testcase classname="Smoke_TCs.PPRD_SmokeTCs" name="MMB_PPRD_NL_Inhouse" time="181.527"/>
  <testcase classname="Smoke_TCs.PPRD_SmokeTCs" name="MMB_PPRD_MA_Inhouse" time="141.65"/>
  <testcase classname="Smoke_TCs.PPRD_SmokeTCs" name="MMB_PPRD_BE_3PA" time="63.29">
    <skipped/>
  </testcase> <!-- MMB_PPRD_BE_3PA -->
  <testcase classname="Smoke_TCs.PPRD_SmokeTCs" name="MMB_PPRD_BE_3PA" time="66.032"/>
  <testcase classname="Smoke_TCs.PPRD_SmokeTCs" name="MMB_PPRD_NL_3PA" time="22.216">
    <skipped/>
  </testcase> <!-- MMB_PPRD_NL_3PA -->
  <testcase classname="Smoke_TCs.PPRD_SmokeTCs" name="MMB_PPRD_NL_3PA" time="22.197">
    <failure type="org.openqa.selenium.NoSuchElementException" message="no such element: Unable to locate element: {&amp;quot;method&amp;quot;:&amp;quot;xpath&amp;quot;,&amp;quot;selector&amp;quot;:&amp;quot;//input[@id=&amp;apos;username&amp;apos;]&amp;quot;}
  (Session info: chrome=116.0.5845.110)
For documentation on this error, please visit: https://www.selenium.dev/documentation/webdriver/troubleshooting/errors#no-such-element-exception
Build info: version: &amp;apos;4.10.0&amp;apos;, revision: &amp;apos;c14d967899&amp;apos;
System info: os.name: &amp;apos;Windows 11&amp;apos;, os.arch: &amp;apos;amd64&amp;apos;, os.version: &amp;apos;10.0&amp;apos;, java.version: &amp;apos;17.0.7&amp;apos;
Driver info: org.openqa.selenium.chrome.ChromeDriver
Command: [d2ad8315b37033041f06396084af4e88, findElement {using=xpath, value=//input[@id=&amp;apos;username&amp;apos;]}]
Capabilities {acceptInsecureCerts: false, browserName: chrome, browserVersion: 116.0.5845.110, chrome: {chromedriverVersion: 116.0.5845.96 (1a3918166880..., userDataDir: C:\WINDOWS\SystemTemp\scope...}, fedcm:accounts: true, goog:chromeOptions: {debuggerAddress: localhost:55581}, networkConnectionEnabled: false, pageLoadStrategy: normal, platformName: windows, proxy: Proxy(), se:cdp: ws://localhost:55581/devtoo..., se:cdpVersion: 116.0.5845.110, setWindowRect: true, strictFileInteractability: false, timeouts: {implicit: 0, pageLoad: 300000, script: 30000}, unhandledPromptBehavior: dismiss and notify, webauthn:extension:credBlob: true, webauthn:extension:largeBlob: true, webauthn:extension:minPinLength: true, webauthn:extension:prf: true, webauthn:virtualAuthenticators: true}
Session ID: d2ad8315b37033041f06396084af4e88">
      <![CDATA[org.openqa.selenium.NoSuchElementException: no such element: Unable to locate element: {"method":"xpath","selector":"//input[@id='username']"}
  (Session info: chrome=116.0.5845.110)
For documentation on this error, please visit: https://www.selenium.dev/documentation/webdriver/troubleshooting/errors#no-such-element-exception
Build info: version: '4.10.0', revision: 'c14d967899'
System info: os.name: 'Windows 11', os.arch: 'amd64', os.version: '10.0', java.version: '17.0.7'
Driver info: org.openqa.selenium.chrome.ChromeDriver
Command: [d2ad8315b37033041f06396084af4e88, findElement {using=xpath, value=//input[@id='username']}]
Capabilities {acceptInsecureCerts: false, browserName: chrome, browserVersion: 116.0.5845.110, chrome: {chromedriverVersion: 116.0.5845.96 (1a3918166880..., userDataDir: C:\WINDOWS\SystemTemp\scope...}, fedcm:accounts: true, goog:chromeOptions: {debuggerAddress: localhost:55581}, networkConnectionEnabled: false, pageLoadStrategy: normal, platformName: windows, proxy: Proxy(), se:cdp: ws://localhost:55581/devtoo..., se:cdpVersion: 116.0.5845.110, setWindowRect: true, strictFileInteractability: false, timeouts: {implicit: 0, pageLoad: 300000, script: 30000}, unhandledPromptBehavior: dismiss and notify, webauthn:extension:credBlob: true, webauthn:extension:largeBlob: true, webauthn:extension:minPinLength: true, webauthn:extension:prf: true, webauthn:virtualAuthenticators: true}
Session ID: d2ad8315b37033041f06396084af4e88
at org.openqa.selenium.remote.codec.w3c.W3CHttpResponseCodec.createException(W3CHttpResponseCodec.java:199)
at org.openqa.selenium.remote.codec.w3c.W3CHttpResponseCodec.decode(W3CHttpResponseCodec.java:132)
at org.openqa.selenium.remote.codec.w3c.W3CHttpResponseCodec.decode(W3CHttpResponseCodec.java:51)
at org.openqa.selenium.remote.HttpCommandExecutor.execute(HttpCommandExecutor.java:191)
at org.openqa.selenium.remote.service.DriverCommandExecutor.invokeExecute(DriverCommandExecutor.java:196)
at org.openqa.selenium.remote.service.DriverCommandExecutor.execute(DriverCommandExecutor.java:171)
at org.openqa.selenium.remote.RemoteWebDriver.execute(RemoteWebDriver.java:531)
at org.openqa.selenium.remote.ElementLocation$ElementFinder$2.findElement(ElementLocation.java:165)
at org.openqa.selenium.remote.ElementLocation.findElement(ElementLocation.java:59)
at org.openqa.selenium.remote.RemoteWebDriver.findElement(RemoteWebDriver.java:350)
at org.openqa.selenium.remote.RemoteWebDriver.findElement(RemoteWebDriver.java:344)
at FO_MMB.MMBWebsite.ThirdPartyLogin_NL(MMBWebsite.java:316)
at FO_MMB.MMBWebsite.MMB_WebsiteLaunchAndBookingDetails_3PA_2ndAttempt(MMBWebsite.java:281)
at FO_MMB.MMBWebsite.RelaunchThirdPartyWebsite(MMBWebsite.java:240)
at FO_MMB.MMBWebsite.MMB_WebsiteLaunchAndBookingDetails_3PA(MMBWebsite.java:229)
at FO_MMB.MMBWebsite.MMB_MMBHomepage(MMBWebsite.java:59)
at TestComponents.LaunchBrowser.TargetedMMB(LaunchBrowser.java:118)
at Smoke_TCs.PPRD_SmokeTCs.MMB_PPRD_NL_3PA(PPRD_SmokeTCs.java:370)
at java.base/java.util.ArrayList.forEach(ArrayList.java:1511)
... Removed 31 stack frames]]>
    </failure>
  </testcase> <!-- MMB_PPRD_NL_3PA -->
  <testcase classname="Smoke_TCs.PPRD_SmokeTCs" name="MMB_PPRD_MA_3PA" time="83.706"/>
  <testcase classname="Smoke_TCs.PPRD_SmokeTCs" name="PPRD_BE_B2C" time="0.0">
    <ignored/>
  </testcase> <!-- PPRD_BE_B2C -->
  <testcase classname="Smoke_TCs.PPRD_SmokeTCs" name="PPRD_MA_Inhouse" time="0.0">
    <ignored/>
  </testcase> <!-- PPRD_MA_Inhouse -->
  <testcase classname="Smoke_TCs.PPRD_SmokeTCs" name="PPRD_FR_B2C" time="0.0">
    <ignored/>
  </testcase> <!-- PPRD_FR_B2C -->
  <testcase classname="Smoke_TCs.PPRD_SmokeTCs" name="PPRD_MA_3PA" time="0.0">
    <ignored/>
  </testcase> <!-- PPRD_MA_3PA -->
  <testcase classname="Smoke_TCs.PPRD_SmokeTCs" name="PPRD_BE_Inhouse" time="0.0">
    <ignored/>
  </testcase> <!-- PPRD_BE_Inhouse -->
  <testcase classname="Smoke_TCs.PPRD_SmokeTCs" name="PPRD_MA_B2C" time="0.0">
    <ignored/>
  </testcase> <!-- PPRD_MA_B2C -->
  <testcase classname="Smoke_TCs.PPRD_SmokeTCs" name="PPRD_BE_3PA" time="0.0">
    <ignored/>
  </testcase> <!-- PPRD_BE_3PA -->
  <testcase classname="Smoke_TCs.PPRD_SmokeTCs" name="PPRD_NL_3PA" time="0.0">
    <ignored/>
  </testcase> <!-- PPRD_NL_3PA -->
  <testcase classname="Smoke_TCs.PPRD_SmokeTCs" name="PPRD_NL_B2C" time="0.0">
    <ignored/>
  </testcase> <!-- PPRD_NL_B2C -->
  <testcase classname="Smoke_TCs.PPRD_SmokeTCs" name="PPRD_NL_Inhouse" time="0.0">
    <ignored/>
  </testcase> <!-- PPRD_NL_Inhouse -->
</testsuite> <!-- PPRD Smoketest MMB -->
