<!DOCTYPE html PUBLIC "-//W3C//DTD XHTML 1.1//EN" "https://www.w3.org/TR/xhtml11/DTD/xhtml11.dtd">
<html xmlns="https://www.w3.org/1999/xhtml">
<head>
<meta http-equiv="content-type" content="text/html; charset=UTF-8"/>
<title>TestNG Report</title>
<style type="text/css">table {margin-bottom:10px;border-collapse:collapse;empty-cells:show}th,td {border:1px solid #009;padding:.25em .5em}th {vertical-align:bottom}td {vertical-align:top}table a {font-weight:bold}.stripe td {background-color: #E6EBF9}.num {text-align:right}.passedodd td {background-color: #3F3}.passedeven td {background-color: #0A0}.skippedodd td {background-color: #DDD}.skippedeven td {background-color: #CCC}.failedodd td,.attn {background-color: #F33}.failedeven td,.stripe .attn {background-color: #D00}.stacktrace {white-space:pre;font-family:monospace}.totop {font-size:85%;text-align:center;border-bottom:2px solid #000}.invisible {display:none}</style>
</head>
<body>
<table>
<tr><th>Test</th><th># Passed</th><th># Skipped</th><th># Retried</th><th># Failed</th><th>Time (ms)</th><th>Included Groups</th><th>Excluded Groups</th></tr>
<tr><th colspan="8">SmokeTest</th></tr>
<tr><td><a href="#t0">PPRD Smoketest Bookflow</a></td><td class="num">7</td><td class="num">0</td><td class="num attn">3</td><td class="num attn">3</td><td class="num">1,280,427</td><td></td><td></td></tr>
<tr class="stripe"><td><a href="#t1">PPRD Smoketest MMB</a></td><td class="num">4</td><td class="num">0</td><td class="num attn">7</td><td class="num attn">6</td><td class="num">856,614</td><td></td><td></td></tr>
<tr><th>Total</th><th class="num">11</th><th class="num">0</th><th class="num attn">10</th><th class="num attn">9</th><th class="num">2,137,041</th><th colspan="2"></th></tr>
</table>
<table id='summary'><thead><tr><th>Class</th><th>Method</th><th>Start</th><th>Time (ms)</th></tr></thead><tbody><tr><th colspan="4">SmokeTest</th></tr></tbody><tbody id="t0"><tr><th colspan="4">PPRD Smoketest Bookflow &#8212; failed</th></tr><tr class="failedeven"><td rowspan="3">Smoke_TCs.PPRD_SmokeTCs</td><td><a href="#m0">PPRD_BE_Inhouse</a></td><td rowspan="1">1692875898517</td><td rowspan="1">59155</td></tr><tr class="failedeven"><td><a href="#m1">PPRD_MA_B2C</a></td><td rowspan="1">1692875727499</td><td rowspan="1">116120</td></tr><tr class="failedeven"><td><a href="#m2">PPRD_NL_3PA</a></td><td rowspan="1">1692876397019</td><td rowspan="1">29918</td></tr><tr><th colspan="4">PPRD Smoketest Bookflow &#8212; retried</th></tr><tr class="retriedeven"><td rowspan="3">Smoke_TCs.PPRD_SmokeTCs</td><td><a href="#m3">PPRD_BE_Inhouse</a></td><td rowspan="1">1692875843831</td><td rowspan="1">54680</td></tr><tr class="retriedeven"><td><a href="#m4">PPRD_MA_B2C</a></td><td rowspan="1">1692875597335</td><td rowspan="1">130156</td></tr><tr class="retriedeven"><td><a href="#m5">PPRD_NL_3PA</a></td><td rowspan="1">1692876369769</td><td rowspan="1">27250</td></tr><tr><th colspan="4">PPRD Smoketest Bookflow &#8212; passed</th></tr><tr class="passedeven"><td rowspan="7">Smoke_TCs.PPRD_SmokeTCs</td><td><a href="#m6">PPRD_BE_3PA</a></td><td rowspan="1">1692876284040</td><td rowspan="1">85727</td></tr><tr class="passedeven"><td><a href="#m7">PPRD_BE_B2C</a></td><td rowspan="1">1692875254014</td><td rowspan="1">116750</td></tr><tr class="passedeven"><td><a href="#m8">PPRD_FR_B2C</a></td><td rowspan="1">1692875494757</td><td rowspan="1">102576</td></tr><tr class="passedeven"><td><a href="#m9">PPRD_MA_3PA</a></td><td rowspan="1">1692876427081</td><td rowspan="1">107321</td></tr><tr class="passedeven"><td><a href="#m10">PPRD_MA_Inhouse</a></td><td rowspan="1">1692876136798</td><td rowspan="1">147239</td></tr><tr class="passedeven"><td><a href="#m11">PPRD_NL_B2C</a></td><td rowspan="1">1692875370774</td><td rowspan="1">123980</td></tr><tr class="passedeven"><td><a href="#m12">PPRD_NL_Inhouse</a></td><td rowspan="1">1692875957869</td><td rowspan="1">178927</td></tr></tbody>
<tbody id="t1"><tr><th colspan="4">PPRD Smoketest MMB &#8212; failed</th></tr><tr class="failedeven"><td rowspan="6">Smoke_TCs.PPRD_SmokeTCs</td><td><a href="#m13">MMB_PPRD_BE_B2C</a></td><td rowspan="1">1692876543597</td><td rowspan="1">7293</td></tr><tr class="failedeven"><td><a href="#m14">MMB_PPRD_BE_Inhouse</a></td><td rowspan="1">1692876760635</td><td rowspan="1">49856</td></tr><tr class="failedeven"><td><a href="#m15">MMB_PPRD_FR_B2C</a></td><td rowspan="1">1692876638879</td><td rowspan="1">62896</td></tr><tr class="failedeven"><td><a href="#m16">MMB_PPRD_MA_B2C</a></td><td rowspan="1">1692876706608</td><td rowspan="1">3216</td></tr><tr class="failedeven"><td><a href="#m17">MMB_PPRD_NL_3PA</a></td><td rowspan="1">1692877285406</td><td rowspan="1">22197</td></tr><tr class="failedeven"><td><a href="#m18">MMB_PPRD_NL_B2C</a></td><td rowspan="1">1692876559894</td><td rowspan="1">11249</td></tr><tr><th colspan="4">PPRD Smoketest MMB &#8212; retried</th></tr><tr class="retriedeven"><td rowspan="7">Smoke_TCs.PPRD_SmokeTCs</td><td><a href="#m19">MMB_PPRD_BE_3PA</a></td><td rowspan="1">1692877133864</td><td rowspan="1">63290</td></tr><tr class="retriedeven"><td><a href="#m20">MMB_PPRD_BE_B2C</a></td><td rowspan="1">1692876534834</td><td rowspan="1">8763</td></tr><tr class="retriedeven"><td><a href="#m21">MMB_PPRD_BE_Inhouse</a></td><td rowspan="1">1692876709985</td><td rowspan="1">50647</td></tr><tr class="retriedeven"><td><a href="#m22">MMB_PPRD_FR_B2C</a></td><td rowspan="1">1692876571292</td><td rowspan="1">67587</td></tr><tr class="retriedeven"><td><a href="#m23">MMB_PPRD_MA_B2C</a></td><td rowspan="1">1692876701939</td><td rowspan="1">4666</td></tr><tr class="retriedeven"><td><a href="#m24">MMB_PPRD_NL_3PA</a></td><td rowspan="1">1692877263190</td><td rowspan="1">22216</td></tr><tr class="retriedeven"><td><a href="#m25">MMB_PPRD_NL_B2C</a></td><td rowspan="1">1692876551042</td><td rowspan="1">8850</td></tr><tr><th colspan="4">PPRD Smoketest MMB &#8212; passed</th></tr><tr class="passedeven"><td rowspan="4">Smoke_TCs.PPRD_SmokeTCs</td><td><a href="#m26">MMB_PPRD_BE_3PA</a></td><td rowspan="1">1692877197157</td><td rowspan="1">66032</td></tr><tr class="passedeven"><td><a href="#m27">MMB_PPRD_MA_3PA</a></td><td rowspan="1">1692877307742</td><td rowspan="1">83706</td></tr><tr class="passedeven"><td><a href="#m28">MMB_PPRD_MA_Inhouse</a></td><td rowspan="1">1692876992212</td><td rowspan="1">141650</td></tr><tr class="passedeven"><td><a href="#m29">MMB_PPRD_NL_Inhouse</a></td><td rowspan="1">1692876810673</td><td rowspan="1">181527</td></tr></tbody>
</table>
<h2>PPRD Smoketest Bookflow</h2><h3 id="m0">Smoke_TCs.PPRD_SmokeTCs#PPRD_BE_Inhouse</h3><table class="result"><tr><th>Exception</th></tr><tr><td><div class="stacktrace">org.openqa.selenium.NoSuchElementException: no such element: Unable to locate element: {&quot;method&quot;:&quot;xpath&quot;,&quot;selector&quot;:&quot;(//div[@id=&apos;flightsearchresults__component&apos;]/div[4] //button[@aria-label=&apos;button&apos;])[1]&quot;}
  (Session info: chrome=116.0.5845.110)
For documentation on this error, please visit: https://www.selenium.dev/documentation/webdriver/troubleshooting/errors#no-such-element-exception
Build info: version: &apos;4.10.0&apos;, revision: &apos;c14d967899&apos;
System info: os.name: &apos;Windows 11&apos;, os.arch: &apos;amd64&apos;, os.version: &apos;10.0&apos;, java.version: &apos;17.0.7&apos;
Driver info: org.openqa.selenium.chrome.ChromeDriver
Command: [116f83f361108c42d0933d61272425bf, findElement {using=xpath, value=(//div[@id=&apos;flightsearchresults__component&apos;]/div[4] //button[@aria-label=&apos;button&apos;])[1]}]
Capabilities {acceptInsecureCerts: false, browserName: chrome, browserVersion: 116.0.5845.110, chrome: {chromedriverVersion: 116.0.5845.96 (1a3918166880..., userDataDir: C:\WINDOWS\SystemTemp\scope...}, fedcm:accounts: true, goog:chromeOptions: {debuggerAddress: localhost:52763}, networkConnectionEnabled: false, pageLoadStrategy: normal, platformName: windows, proxy: Proxy(), se:cdp: ws://localhost:52763/devtoo..., se:cdpVersion: 116.0.5845.110, setWindowRect: true, strictFileInteractability: false, timeouts: {implicit: 0, pageLoad: 300000, script: 30000}, unhandledPromptBehavior: dismiss and notify, webauthn:extension:credBlob: true, webauthn:extension:largeBlob: true, webauthn:extension:minPinLength: true, webauthn:extension:prf: true, webauthn:virtualAuthenticators: true}
Session ID: 116f83f361108c42d0933d61272425bf
	at org.openqa.selenium.remote.codec.w3c.W3CHttpResponseCodec.createException(W3CHttpResponseCodec.java:199)
	at org.openqa.selenium.remote.codec.w3c.W3CHttpResponseCodec.decode(W3CHttpResponseCodec.java:132)
	at org.openqa.selenium.remote.codec.w3c.W3CHttpResponseCodec.decode(W3CHttpResponseCodec.java:51)
	at org.openqa.selenium.remote.HttpCommandExecutor.execute(HttpCommandExecutor.java:191)
	at org.openqa.selenium.remote.service.DriverCommandExecutor.invokeExecute(DriverCommandExecutor.java:196)
	at org.openqa.selenium.remote.service.DriverCommandExecutor.execute(DriverCommandExecutor.java:171)
	at org.openqa.selenium.remote.RemoteWebDriver.execute(RemoteWebDriver.java:531)
	at org.openqa.selenium.remote.ElementLocation$ElementFinder$2.findElement(ElementLocation.java:165)
	at org.openqa.selenium.remote.ElementLocation.findElement(ElementLocation.java:59)
	at org.openqa.selenium.remote.RemoteWebDriver.findElement(RemoteWebDriver.java:350)
	at org.openqa.selenium.remote.RemoteWebDriver.findElement(RemoteWebDriver.java:344)
	at FO_BookFlow.SearchPage.TwowaySearchResults(SearchPage.java:210)
	at FO_BookFlow.SearchPage.SearchResults(SearchPage.java:164)
	at FO_BookFlow.SearchPage.PassengersAdults(SearchPage.java:106)
	at Smoke_TCs.PPRD_SmokeTCs.PPRD_BE_Inhouse(PPRD_SmokeTCs.java:132)
	at java.base/java.util.ArrayList.forEach(ArrayList.java:1511)
... Removed 32 stack frames</div></td></tr></table><p class="totop"><a href="#summary">back to summary</a></p>
<h3 id="m1">Smoke_TCs.PPRD_SmokeTCs#PPRD_MA_B2C</h3><table class="result"><tr><th>Exception</th></tr><tr><td><div class="stacktrace">org.openqa.selenium.TimeoutException: Expected condition failed: waiting for visibility of element located by By.xpath: (//input[@id=&apos;cardHolderName&apos;])[1] (tried for 40 second(s) with 500 milliseconds interval)
Build info: version: &apos;4.10.0&apos;, revision: &apos;c14d967899&apos;
System info: os.name: &apos;Windows 11&apos;, os.arch: &apos;amd64&apos;, os.version: &apos;10.0&apos;, java.version: &apos;17.0.7&apos;
Driver info: org.openqa.selenium.chrome.ChromeDriver
Capabilities {acceptInsecureCerts: false, browserName: chrome, browserVersion: 116.0.5845.110, chrome: {chromedriverVersion: 116.0.5845.96 (1a3918166880..., userDataDir: C:\WINDOWS\SystemTemp\scope...}, fedcm:accounts: true, goog:chromeOptions: {debuggerAddress: localhost:52413}, networkConnectionEnabled: false, pageLoadStrategy: normal, platformName: windows, proxy: Proxy(), se:cdp: ws://localhost:52413/devtoo..., se:cdpVersion: 116.0.5845.110, setWindowRect: true, strictFileInteractability: false, timeouts: {implicit: 0, pageLoad: 300000, script: 30000}, unhandledPromptBehavior: dismiss and notify, webauthn:extension:credBlob: true, webauthn:extension:largeBlob: true, webauthn:extension:minPinLength: true, webauthn:extension:prf: true, webauthn:virtualAuthenticators: true}
Session ID: 6c22b283be79fff829cac46b19db37ac
	at org.openqa.selenium.support.ui.WebDriverWait.timeoutException(WebDriverWait.java:84)
	at org.openqa.selenium.support.ui.FluentWait.until(FluentWait.java:230)
	at AbstractMethods.AbstractComponents.waitForElementVisible(AbstractComponents.java:32)
	at Common_PaymentPage.PaymentMethods.VisaCardPayment_MAinMAD(PaymentMethods.java:382)
	at Common_PaymentPage.PaymentMethods.PaymentMethod_B2C(PaymentMethods.java:201)
	at Common_PaymentPage.PaymentMethods.BookflowPayment(PaymentMethods.java:45)
	at Smoke_TCs.PPRD_SmokeTCs.PPRD_MA_B2C(PPRD_SmokeTCs.java:115)
	at java.base/java.util.ArrayList.forEach(ArrayList.java:1511)
... Removed 27 stack frames</div></td></tr></table><p class="totop"><a href="#summary">back to summary</a></p>
<h3 id="m2">Smoke_TCs.PPRD_SmokeTCs#PPRD_NL_3PA</h3><table class="result"><tr><th>Exception</th></tr><tr><td><div class="stacktrace">org.openqa.selenium.NoSuchElementException: no such element: Unable to locate element: {&quot;method&quot;:&quot;xpath&quot;,&quot;selector&quot;:&quot;(//div[@id=&apos;flightsearchresults__component&apos;]/div[4] //button[@aria-label=&apos;button&apos;])[1]&quot;}
  (Session info: chrome=116.0.5845.110)
For documentation on this error, please visit: https://www.selenium.dev/documentation/webdriver/troubleshooting/errors#no-such-element-exception
Build info: version: &apos;4.10.0&apos;, revision: &apos;c14d967899&apos;
System info: os.name: &apos;Windows 11&apos;, os.arch: &apos;amd64&apos;, os.version: &apos;10.0&apos;, java.version: &apos;17.0.7&apos;
Driver info: org.openqa.selenium.chrome.ChromeDriver
Command: [aaba81c1af93454a6c8d05dfdc9ffc36, findElement {using=xpath, value=(//div[@id=&apos;flightsearchresults__component&apos;]/div[4] //button[@aria-label=&apos;button&apos;])[1]}]
Capabilities {acceptInsecureCerts: false, browserName: chrome, browserVersion: 116.0.5845.110, chrome: {chromedriverVersion: 116.0.5845.96 (1a3918166880..., userDataDir: C:\WINDOWS\SystemTemp\scope...}, fedcm:accounts: true, goog:chromeOptions: {debuggerAddress: localhost:53672}, networkConnectionEnabled: false, pageLoadStrategy: normal, platformName: windows, proxy: Proxy(), se:cdp: ws://localhost:53672/devtoo..., se:cdpVersion: 116.0.5845.110, setWindowRect: true, strictFileInteractability: false, timeouts: {implicit: 0, pageLoad: 300000, script: 30000}, unhandledPromptBehavior: dismiss and notify, webauthn:extension:credBlob: true, webauthn:extension:largeBlob: true, webauthn:extension:minPinLength: true, webauthn:extension:prf: true, webauthn:virtualAuthenticators: true}
Session ID: aaba81c1af93454a6c8d05dfdc9ffc36
	at org.openqa.selenium.remote.codec.w3c.W3CHttpResponseCodec.createException(W3CHttpResponseCodec.java:199)
	at org.openqa.selenium.remote.codec.w3c.W3CHttpResponseCodec.decode(W3CHttpResponseCodec.java:132)
	at org.openqa.selenium.remote.codec.w3c.W3CHttpResponseCodec.decode(W3CHttpResponseCodec.java:51)
	at org.openqa.selenium.remote.HttpCommandExecutor.execute(HttpCommandExecutor.java:191)
	at org.openqa.selenium.remote.service.DriverCommandExecutor.invokeExecute(DriverCommandExecutor.java:196)
	at org.openqa.selenium.remote.service.DriverCommandExecutor.execute(DriverCommandExecutor.java:171)
	at org.openqa.selenium.remote.RemoteWebDriver.execute(RemoteWebDriver.java:531)
	at org.openqa.selenium.remote.ElementLocation$ElementFinder$2.findElement(ElementLocation.java:165)
	at org.openqa.selenium.remote.ElementLocation.findElement(ElementLocation.java:59)
	at org.openqa.selenium.remote.RemoteWebDriver.findElement(RemoteWebDriver.java:350)
	at org.openqa.selenium.remote.RemoteWebDriver.findElement(RemoteWebDriver.java:344)
	at FO_BookFlow.SearchPage.TwowaySearchResults(SearchPage.java:210)
	at FO_BookFlow.SearchPage.SearchResults(SearchPage.java:164)
	at FO_BookFlow.SearchPage.PassengersAdults(SearchPage.java:106)
	at Smoke_TCs.PPRD_SmokeTCs.PPRD_NL_3PA(PPRD_SmokeTCs.java:230)
	at java.base/java.util.ArrayList.forEach(ArrayList.java:1511)
... Removed 32 stack frames</div></td></tr></table><p class="totop"><a href="#summary">back to summary</a></p>
<h3 id="m3">Smoke_TCs.PPRD_SmokeTCs#PPRD_BE_Inhouse</h3><table class="result"><tr><th>Exception</th></tr><tr><td><div class="stacktrace">org.openqa.selenium.NoSuchElementException: no such element: Unable to locate element: {&quot;method&quot;:&quot;xpath&quot;,&quot;selector&quot;:&quot;(//div[@id=&apos;flightsearchresults__component&apos;]/div[4] //button[@aria-label=&apos;button&apos;])[1]&quot;}
  (Session info: chrome=116.0.5845.110)
For documentation on this error, please visit: https://www.selenium.dev/documentation/webdriver/troubleshooting/errors#no-such-element-exception
Build info: version: &apos;4.10.0&apos;, revision: &apos;c14d967899&apos;
System info: os.name: &apos;Windows 11&apos;, os.arch: &apos;amd64&apos;, os.version: &apos;10.0&apos;, java.version: &apos;17.0.7&apos;
Driver info: org.openqa.selenium.chrome.ChromeDriver
Command: [12a917979f241fb52da352e04fda6cb4, findElement {using=xpath, value=(//div[@id=&apos;flightsearchresults__component&apos;]/div[4] //button[@aria-label=&apos;button&apos;])[1]}]
Capabilities {acceptInsecureCerts: false, browserName: chrome, browserVersion: 116.0.5845.110, chrome: {chromedriverVersion: 116.0.5845.96 (1a3918166880..., userDataDir: C:\WINDOWS\SystemTemp\scope...}, fedcm:accounts: true, goog:chromeOptions: {debuggerAddress: localhost:52629}, networkConnectionEnabled: false, pageLoadStrategy: normal, platformName: windows, proxy: Proxy(), se:cdp: ws://localhost:52629/devtoo..., se:cdpVersion: 116.0.5845.110, setWindowRect: true, strictFileInteractability: false, timeouts: {implicit: 0, pageLoad: 300000, script: 30000}, unhandledPromptBehavior: dismiss and notify, webauthn:extension:credBlob: true, webauthn:extension:largeBlob: true, webauthn:extension:minPinLength: true, webauthn:extension:prf: true, webauthn:virtualAuthenticators: true}
Session ID: 12a917979f241fb52da352e04fda6cb4
	at org.openqa.selenium.remote.codec.w3c.W3CHttpResponseCodec.createException(W3CHttpResponseCodec.java:199)
	at org.openqa.selenium.remote.codec.w3c.W3CHttpResponseCodec.decode(W3CHttpResponseCodec.java:132)
	at org.openqa.selenium.remote.codec.w3c.W3CHttpResponseCodec.decode(W3CHttpResponseCodec.java:51)
	at org.openqa.selenium.remote.HttpCommandExecutor.execute(HttpCommandExecutor.java:191)
	at org.openqa.selenium.remote.service.DriverCommandExecutor.invokeExecute(DriverCommandExecutor.java:196)
	at org.openqa.selenium.remote.service.DriverCommandExecutor.execute(DriverCommandExecutor.java:171)
	at org.openqa.selenium.remote.RemoteWebDriver.execute(RemoteWebDriver.java:531)
	at org.openqa.selenium.remote.ElementLocation$ElementFinder$2.findElement(ElementLocation.java:165)
	at org.openqa.selenium.remote.ElementLocation.findElement(ElementLocation.java:59)
	at org.openqa.selenium.remote.RemoteWebDriver.findElement(RemoteWebDriver.java:350)
	at org.openqa.selenium.remote.RemoteWebDriver.findElement(RemoteWebDriver.java:344)
	at FO_BookFlow.SearchPage.TwowaySearchResults(SearchPage.java:210)
	at FO_BookFlow.SearchPage.SearchResults(SearchPage.java:164)
	at FO_BookFlow.SearchPage.PassengersAdults(SearchPage.java:106)
	at Smoke_TCs.PPRD_SmokeTCs.PPRD_BE_Inhouse(PPRD_SmokeTCs.java:132)
	at java.base/java.util.ArrayList.forEach(ArrayList.java:1511)
... Removed 32 stack frames</div></td></tr></table><p class="totop"><a href="#summary">back to summary</a></p>
<h3 id="m4">Smoke_TCs.PPRD_SmokeTCs#PPRD_MA_B2C</h3><table class="result"><tr><th>Exception</th></tr><tr><td><div class="stacktrace">org.openqa.selenium.TimeoutException: Expected condition failed: waiting for visibility of element located by By.xpath: (//input[@id=&apos;cardHolderName&apos;])[1] (tried for 40 second(s) with 500 milliseconds interval)
Build info: version: &apos;4.10.0&apos;, revision: &apos;c14d967899&apos;
System info: os.name: &apos;Windows 11&apos;, os.arch: &apos;amd64&apos;, os.version: &apos;10.0&apos;, java.version: &apos;17.0.7&apos;
Driver info: org.openqa.selenium.chrome.ChromeDriver
Capabilities {acceptInsecureCerts: false, browserName: chrome, browserVersion: 116.0.5845.110, chrome: {chromedriverVersion: 116.0.5845.96 (1a3918166880..., userDataDir: C:\WINDOWS\SystemTemp\scope...}, fedcm:accounts: true, goog:chromeOptions: {debuggerAddress: localhost:52149}, networkConnectionEnabled: false, pageLoadStrategy: normal, platformName: windows, proxy: Proxy(), se:cdp: ws://localhost:52149/devtoo..., se:cdpVersion: 116.0.5845.110, setWindowRect: true, strictFileInteractability: false, timeouts: {implicit: 0, pageLoad: 300000, script: 30000}, unhandledPromptBehavior: dismiss and notify, webauthn:extension:credBlob: true, webauthn:extension:largeBlob: true, webauthn:extension:minPinLength: true, webauthn:extension:prf: true, webauthn:virtualAuthenticators: true}
Session ID: 9d383bbe9ca57c3a1093abb5e595acb4
	at org.openqa.selenium.support.ui.WebDriverWait.timeoutException(WebDriverWait.java:84)
	at org.openqa.selenium.support.ui.FluentWait.until(FluentWait.java:230)
	at AbstractMethods.AbstractComponents.waitForElementVisible(AbstractComponents.java:32)
	at Common_PaymentPage.PaymentMethods.VisaCardPayment_MAinMAD(PaymentMethods.java:382)
	at Common_PaymentPage.PaymentMethods.PaymentMethod_B2C(PaymentMethods.java:201)
	at Common_PaymentPage.PaymentMethods.BookflowPayment(PaymentMethods.java:45)
	at Smoke_TCs.PPRD_SmokeTCs.PPRD_MA_B2C(PPRD_SmokeTCs.java:115)
	at java.base/java.util.ArrayList.forEach(ArrayList.java:1511)
... Removed 27 stack frames</div></td></tr></table><p class="totop"><a href="#summary">back to summary</a></p>
<h3 id="m5">Smoke_TCs.PPRD_SmokeTCs#PPRD_NL_3PA</h3><table class="result"><tr><th>Exception</th></tr><tr><td><div class="stacktrace">org.openqa.selenium.NoSuchElementException: no such element: Unable to locate element: {&quot;method&quot;:&quot;xpath&quot;,&quot;selector&quot;:&quot;(//div[@id=&apos;flightsearchresults__component&apos;]/div[4] //button[@aria-label=&apos;button&apos;])[1]&quot;}
  (Session info: chrome=116.0.5845.110)
For documentation on this error, please visit: https://www.selenium.dev/documentation/webdriver/troubleshooting/errors#no-such-element-exception
Build info: version: &apos;4.10.0&apos;, revision: &apos;c14d967899&apos;
System info: os.name: &apos;Windows 11&apos;, os.arch: &apos;amd64&apos;, os.version: &apos;10.0&apos;, java.version: &apos;17.0.7&apos;
Driver info: org.openqa.selenium.chrome.ChromeDriver
Command: [9a7ce030c322a1d4c2c92a767a4c13c4, findElement {using=xpath, value=(//div[@id=&apos;flightsearchresults__component&apos;]/div[4] //button[@aria-label=&apos;button&apos;])[1]}]
Capabilities {acceptInsecureCerts: false, browserName: chrome, browserVersion: 116.0.5845.110, chrome: {chromedriverVersion: 116.0.5845.96 (1a3918166880..., userDataDir: C:\WINDOWS\SystemTemp\scope...}, fedcm:accounts: true, goog:chromeOptions: {debuggerAddress: localhost:53608}, networkConnectionEnabled: false, pageLoadStrategy: normal, platformName: windows, proxy: Proxy(), se:cdp: ws://localhost:53608/devtoo..., se:cdpVersion: 116.0.5845.110, setWindowRect: true, strictFileInteractability: false, timeouts: {implicit: 0, pageLoad: 300000, script: 30000}, unhandledPromptBehavior: dismiss and notify, webauthn:extension:credBlob: true, webauthn:extension:largeBlob: true, webauthn:extension:minPinLength: true, webauthn:extension:prf: true, webauthn:virtualAuthenticators: true}
Session ID: 9a7ce030c322a1d4c2c92a767a4c13c4
	at org.openqa.selenium.remote.codec.w3c.W3CHttpResponseCodec.createException(W3CHttpResponseCodec.java:199)
	at org.openqa.selenium.remote.codec.w3c.W3CHttpResponseCodec.decode(W3CHttpResponseCodec.java:132)
	at org.openqa.selenium.remote.codec.w3c.W3CHttpResponseCodec.decode(W3CHttpResponseCodec.java:51)
	at org.openqa.selenium.remote.HttpCommandExecutor.execute(HttpCommandExecutor.java:191)
	at org.openqa.selenium.remote.service.DriverCommandExecutor.invokeExecute(DriverCommandExecutor.java:196)
	at org.openqa.selenium.remote.service.DriverCommandExecutor.execute(DriverCommandExecutor.java:171)
	at org.openqa.selenium.remote.RemoteWebDriver.execute(RemoteWebDriver.java:531)
	at org.openqa.selenium.remote.ElementLocation$ElementFinder$2.findElement(ElementLocation.java:165)
	at org.openqa.selenium.remote.ElementLocation.findElement(ElementLocation.java:59)
	at org.openqa.selenium.remote.RemoteWebDriver.findElement(RemoteWebDriver.java:350)
	at org.openqa.selenium.remote.RemoteWebDriver.findElement(RemoteWebDriver.java:344)
	at FO_BookFlow.SearchPage.TwowaySearchResults(SearchPage.java:210)
	at FO_BookFlow.SearchPage.SearchResults(SearchPage.java:164)
	at FO_BookFlow.SearchPage.PassengersAdults(SearchPage.java:106)
	at Smoke_TCs.PPRD_SmokeTCs.PPRD_NL_3PA(PPRD_SmokeTCs.java:230)
	at java.base/java.util.ArrayList.forEach(ArrayList.java:1511)
... Removed 32 stack frames</div></td></tr></table><p class="totop"><a href="#summary">back to summary</a></p>
<h3 id="m6">Smoke_TCs.PPRD_SmokeTCs#PPRD_BE_3PA</h3><table class="result"><tr><th class="invisible"/></tr></table><p class="totop"><a href="#summary">back to summary</a></p>
<h3 id="m7">Smoke_TCs.PPRD_SmokeTCs#PPRD_BE_B2C</h3><table class="result"><tr><th class="invisible"/></tr></table><p class="totop"><a href="#summary">back to summary</a></p>
<h3 id="m8">Smoke_TCs.PPRD_SmokeTCs#PPRD_FR_B2C</h3><table class="result"><tr><th class="invisible"/></tr></table><p class="totop"><a href="#summary">back to summary</a></p>
<h3 id="m9">Smoke_TCs.PPRD_SmokeTCs#PPRD_MA_3PA</h3><table class="result"><tr><th class="invisible"/></tr></table><p class="totop"><a href="#summary">back to summary</a></p>
<h3 id="m10">Smoke_TCs.PPRD_SmokeTCs#PPRD_MA_Inhouse</h3><table class="result"><tr><th class="invisible"/></tr></table><p class="totop"><a href="#summary">back to summary</a></p>
<h3 id="m11">Smoke_TCs.PPRD_SmokeTCs#PPRD_NL_B2C</h3><table class="result"><tr><th class="invisible"/></tr></table><p class="totop"><a href="#summary">back to summary</a></p>
<h3 id="m12">Smoke_TCs.PPRD_SmokeTCs#PPRD_NL_Inhouse</h3><table class="result"><tr><th class="invisible"/></tr></table><p class="totop"><a href="#summary">back to summary</a></p>
<h2>PPRD Smoketest MMB</h2><h3 id="m13">Smoke_TCs.PPRD_SmokeTCs#MMB_PPRD_BE_B2C</h3><table class="result"><tr><th>Exception</th></tr><tr><td><div class="stacktrace">java.lang.NullPointerException: Cannot invoke &quot;String.contains(java.lang.CharSequence)&quot; because &quot;toEscape&quot; is null
	at org.openqa.selenium.support.ui.Quotes.escape(Quotes.java:38)
	at org.openqa.selenium.support.ui.Select.selectByVisibleText(Select.java:116)
	at AbstractMethods.AbstractComponents.SelectMonth(AbstractComponents.java:218)
	at FO_MMB.MMBWebsite.MMBLogin_B2C(MMBWebsite.java:346)
	at FO_MMB.MMBWebsite.MMB_WebsiteLaunchAndBookingDetails_B2C(MMBWebsite.java:133)
	at FO_MMB.MMBWebsite.MMB_MMBHomepage(MMBWebsite.java:49)
	at TestComponents.LaunchBrowser.TargetedMMB(LaunchBrowser.java:118)
	at Smoke_TCs.PPRD_SmokeTCs.MMB_PPRD_BE_B2C(PPRD_SmokeTCs.java:268)
	at java.base/java.util.ArrayList.forEach(ArrayList.java:1511)
... Removed 27 stack frames</div></td></tr></table><p class="totop"><a href="#summary">back to summary</a></p>
<h3 id="m14">Smoke_TCs.PPRD_SmokeTCs#MMB_PPRD_BE_Inhouse</h3><table class="result"><tr><th>Exception</th></tr><tr><td><div class="stacktrace">java.lang.IllegalArgumentException: Keys to send should be a not null CharSequence
	at org.openqa.selenium.remote.RemoteWebElement.sendKeys(RemoteWebElement.java:97)
	at FO_MMB.MMBWebsite.MMBLogin_NonB2C(MMBWebsite.java:363)
	at FO_MMB.MMBWebsite.MMB_WebsiteLaunchAndBookingDetails_Inhouse(MMBWebsite.java:184)
	at FO_MMB.MMBWebsite.MMB_MMBHomepage(MMBWebsite.java:54)
	at TestComponents.LaunchBrowser.TargetedMMB(LaunchBrowser.java:118)
	at Smoke_TCs.PPRD_SmokeTCs.MMB_PPRD_BE_Inhouse(PPRD_SmokeTCs.java:320)
	at java.base/java.util.ArrayList.forEach(ArrayList.java:1511)
... Removed 27 stack frames</div></td></tr></table><p class="totop"><a href="#summary">back to summary</a></p>
<h3 id="m15">Smoke_TCs.PPRD_SmokeTCs#MMB_PPRD_FR_B2C</h3><table class="result"><tr><th>Exception</th></tr><tr><td><div class="stacktrace">org.openqa.selenium.TimeoutException: Expected condition failed: waiting for presence of element located by: By.xpath: (//div[@class=&apos;actualContent&apos;]/div[2]//button[contains(@aria-label,&apos;button&apos;)])[4] (tried for 40 second(s) with 500 milliseconds interval)
	at org.openqa.selenium.support.ui.WebDriverWait.timeoutException(WebDriverWait.java:84)
	at org.openqa.selenium.support.ui.FluentWait.until(FluentWait.java:230)
	at AbstractMethods.AbstractComponents.waitForElementPresent(AbstractComponents.java:39)
	at FO_MMB.FlightAmends.BaggageAmends(FlightAmends.java:95)
	at FO_MMB.FlightAmends.FlightAmendments(FlightAmends.java:36)
	at Smoke_TCs.PPRD_SmokeTCs.MMB_PPRD_FR_B2C(PPRD_SmokeTCs.java:296)
	at java.base/java.util.ArrayList.forEach(ArrayList.java:1511)
Caused by: org.openqa.selenium.NoSuchElementException: no such element: Unable to locate element: {&quot;method&quot;:&quot;xpath&quot;,&quot;selector&quot;:&quot;(//div[@class=&apos;actualContent&apos;]/div[2]//button[contains(@aria-label,&apos;button&apos;)])[4]&quot;}
  (Session info: chrome=116.0.5845.110)
For documentation on this error, please visit: https://www.selenium.dev/documentation/webdriver/troubleshooting/errors#no-such-element-exception
Build info: version: &apos;4.10.0&apos;, revision: &apos;c14d967899&apos;
System info: os.name: &apos;Windows 11&apos;, os.arch: &apos;amd64&apos;, os.version: &apos;10.0&apos;, java.version: &apos;17.0.7&apos;
Driver info: org.openqa.selenium.chrome.ChromeDriver
Command: [7198e4b691604d9ec2dc89bcc4a4dd51, findElement {using=xpath, value=(//div[@class=&apos;actualContent&apos;]/div[2]//button[contains(@aria-label,&apos;button&apos;)])[4]}]
Capabilities {acceptInsecureCerts: false, browserName: chrome, browserVersion: 116.0.5845.110, chrome: {chromedriverVersion: 116.0.5845.96 (1a3918166880..., userDataDir: C:\WINDOWS\SystemTemp\scope...}, fedcm:accounts: true, goog:chromeOptions: {debuggerAddress: localhost:54294}, networkConnectionEnabled: false, pageLoadStrategy: normal, platformName: windows, proxy: Proxy(), se:cdp: ws://localhost:54294/devtoo..., se:cdpVersion: 116.0.5845.110, setWindowRect: true, strictFileInteractability: false, timeouts: {implicit: 0, pageLoad: 300000, script: 30000}, unhandledPromptBehavior: dismiss and notify, webauthn:extension:credBlob: true, webauthn:extension:largeBlob: true, webauthn:extension:minPinLength: true, webauthn:extension:prf: true, webauthn:virtualAuthenticators: true}
Session ID: 7198e4b691604d9ec2dc89bcc4a4dd51
	at org.openqa.selenium.remote.codec.w3c.W3CHttpResponseCodec.createException(W3CHttpResponseCodec.java:199)
	at org.openqa.selenium.remote.codec.w3c.W3CHttpResponseCodec.decode(W3CHttpResponseCodec.java:132)
	at org.openqa.selenium.remote.codec.w3c.W3CHttpResponseCodec.decode(W3CHttpResponseCodec.java:51)
	at org.openqa.selenium.remote.HttpCommandExecutor.execute(HttpCommandExecutor.java:191)
	at org.openqa.selenium.remote.service.DriverCommandExecutor.invokeExecute(DriverCommandExecutor.java:196)
	at org.openqa.selenium.remote.service.DriverCommandExecutor.execute(DriverCommandExecutor.java:171)
	at org.openqa.selenium.remote.RemoteWebDriver.execute(RemoteWebDriver.java:531)
	at org.openqa.selenium.remote.ElementLocation$ElementFinder$2.findElement(ElementLocation.java:165)
	at org.openqa.selenium.remote.ElementLocation.findElement(ElementLocation.java:59)
	at org.openqa.selenium.remote.RemoteWebDriver.findElement(RemoteWebDriver.java:350)
	at org.openqa.selenium.remote.RemoteWebDriver.findElement(RemoteWebDriver.java:344)
	at org.openqa.selenium.support.ui.ExpectedConditions$6.apply(ExpectedConditions.java:171)
	at org.openqa.selenium.support.ui.ExpectedConditions$6.apply(ExpectedConditions.java:168)
	at org.openqa.selenium.support.ui.FluentWait.until(FluentWait.java:205)
	... 32 more
... Removed 31 stack frames</div></td></tr></table><p class="totop"><a href="#summary">back to summary</a></p>
<h3 id="m16">Smoke_TCs.PPRD_SmokeTCs#MMB_PPRD_MA_B2C</h3><table class="result"><tr><th>Exception</th></tr><tr><td><div class="stacktrace">java.lang.NullPointerException: Cannot invoke &quot;String.contains(java.lang.CharSequence)&quot; because &quot;deptmonth&quot; is null
	at AbstractMethods.AbstractComponents.DeptMonth(AbstractComponents.java:168)
	at FO_MMB.MMBWebsite.MMBLogin_B2C(MMBWebsite.java:334)
	at FO_MMB.MMBWebsite.MMB_WebsiteLaunchAndBookingDetails_B2C(MMBWebsite.java:133)
	at FO_MMB.MMBWebsite.MMB_MMBHomepage(MMBWebsite.java:49)
	at TestComponents.LaunchBrowser.TargetedMMB(LaunchBrowser.java:118)
	at Smoke_TCs.PPRD_SmokeTCs.MMB_PPRD_MA_B2C(PPRD_SmokeTCs.java:307)
	at java.base/java.util.ArrayList.forEach(ArrayList.java:1511)
... Removed 27 stack frames</div></td></tr></table><p class="totop"><a href="#summary">back to summary</a></p>
<h3 id="m17">Smoke_TCs.PPRD_SmokeTCs#MMB_PPRD_NL_3PA</h3><table class="result"><tr><th>Exception</th></tr><tr><td><div class="stacktrace">org.openqa.selenium.NoSuchElementException: no such element: Unable to locate element: {&quot;method&quot;:&quot;xpath&quot;,&quot;selector&quot;:&quot;//input[@id=&apos;username&apos;]&quot;}
  (Session info: chrome=116.0.5845.110)
For documentation on this error, please visit: https://www.selenium.dev/documentation/webdriver/troubleshooting/errors#no-such-element-exception
Build info: version: &apos;4.10.0&apos;, revision: &apos;c14d967899&apos;
System info: os.name: &apos;Windows 11&apos;, os.arch: &apos;amd64&apos;, os.version: &apos;10.0&apos;, java.version: &apos;17.0.7&apos;
Driver info: org.openqa.selenium.chrome.ChromeDriver
Command: [d2ad8315b37033041f06396084af4e88, findElement {using=xpath, value=//input[@id=&apos;username&apos;]}]
Capabilities {acceptInsecureCerts: false, browserName: chrome, browserVersion: 116.0.5845.110, chrome: {chromedriverVersion: 116.0.5845.96 (1a3918166880..., userDataDir: C:\WINDOWS\SystemTemp\scope...}, fedcm:accounts: true, goog:chromeOptions: {debuggerAddress: localhost:55581}, networkConnectionEnabled: false, pageLoadStrategy: normal, platformName: windows, proxy: Proxy(), se:cdp: ws://localhost:55581/devtoo..., se:cdpVersion: 116.0.5845.110, setWindowRect: true, strictFileInteractability: false, timeouts: {implicit: 0, pageLoad: 300000, script: 30000}, unhandledPromptBehavior: dismiss and notify, webauthn:extension:credBlob: true, webauthn:extension:largeBlob: true, webauthn:extension:minPinLength: true, webauthn:extension:prf: true, webauthn:virtualAuthenticators: true}
Session ID: d2ad8315b37033041f06396084af4e88
	at org.openqa.selenium.remote.codec.w3c.W3CHttpResponseCodec.createException(W3CHttpResponseCodec.java:199)
	at org.openqa.selenium.remote.codec.w3c.W3CHttpResponseCodec.decode(W3CHttpResponseCodec.java:132)
	at org.openqa.selenium.remote.codec.w3c.W3CHttpResponseCodec.decode(W3CHttpResponseCodec.java:51)
	at org.openqa.selenium.remote.HttpCommandExecutor.execute(HttpCommandExecutor.java:191)
	at org.openqa.selenium.remote.service.DriverCommandExecutor.invokeExecute(DriverCommandExecutor.java:196)
	at org.openqa.selenium.remote.service.DriverCommandExecutor.execute(DriverCommandExecutor.java:171)
	at org.openqa.selenium.remote.RemoteWebDriver.execute(RemoteWebDriver.java:531)
	at org.openqa.selenium.remote.ElementLocation$ElementFinder$2.findElement(ElementLocation.java:165)
	at org.openqa.selenium.remote.ElementLocation.findElement(ElementLocation.java:59)
	at org.openqa.selenium.remote.RemoteWebDriver.findElement(RemoteWebDriver.java:350)
	at org.openqa.selenium.remote.RemoteWebDriver.findElement(RemoteWebDriver.java:344)
	at FO_MMB.MMBWebsite.ThirdPartyLogin_NL(MMBWebsite.java:316)
	at FO_MMB.MMBWebsite.MMB_WebsiteLaunchAndBookingDetails_3PA_2ndAttempt(MMBWebsite.java:281)
	at FO_MMB.MMBWebsite.RelaunchThirdPartyWebsite(MMBWebsite.java:240)
	at FO_MMB.MMBWebsite.MMB_WebsiteLaunchAndBookingDetails_3PA(MMBWebsite.java:229)
	at FO_MMB.MMBWebsite.MMB_MMBHomepage(MMBWebsite.java:59)
	at TestComponents.LaunchBrowser.TargetedMMB(LaunchBrowser.java:118)
	at Smoke_TCs.PPRD_SmokeTCs.MMB_PPRD_NL_3PA(PPRD_SmokeTCs.java:370)
	at java.base/java.util.ArrayList.forEach(ArrayList.java:1511)
... Removed 31 stack frames</div></td></tr></table><p class="totop"><a href="#summary">back to summary</a></p>
<h3 id="m18">Smoke_TCs.PPRD_SmokeTCs#MMB_PPRD_NL_B2C</h3><table class="result"><tr><th>Exception</th></tr><tr><td><div class="stacktrace">java.lang.NullPointerException: Cannot invoke &quot;String.contains(java.lang.CharSequence)&quot; because &quot;toEscape&quot; is null
	at org.openqa.selenium.support.ui.Quotes.escape(Quotes.java:38)
	at org.openqa.selenium.support.ui.Select.selectByVisibleText(Select.java:116)
	at AbstractMethods.AbstractComponents.SelectMonth(AbstractComponents.java:218)
	at FO_MMB.MMBWebsite.MMBLogin_B2C(MMBWebsite.java:346)
	at FO_MMB.MMBWebsite.MMB_WebsiteLaunchAndBookingDetails_B2C(MMBWebsite.java:133)
	at FO_MMB.MMBWebsite.MMB_MMBHomepage(MMBWebsite.java:49)
	at TestComponents.LaunchBrowser.TargetedMMB(LaunchBrowser.java:118)
	at Smoke_TCs.PPRD_SmokeTCs.MMB_PPRD_NL_B2C(PPRD_SmokeTCs.java:281)
	at java.base/java.util.ArrayList.forEach(ArrayList.java:1511)
... Removed 27 stack frames</div></td></tr></table><p class="totop"><a href="#summary">back to summary</a></p>
<h3 id="m19">Smoke_TCs.PPRD_SmokeTCs#MMB_PPRD_BE_3PA</h3><table class="result"><tr><th>Exception</th></tr><tr><td><div class="stacktrace">org.openqa.selenium.TimeoutException: Expected condition failed: waiting for presence of element located by: By.xpath: (//div[@class=&apos;actualContent&apos;]/div[2] //span[@class=&apos;inputs__text&apos;])[3] (tried for 40 second(s) with 500 milliseconds interval)
	at org.openqa.selenium.support.ui.WebDriverWait.timeoutException(WebDriverWait.java:84)
	at org.openqa.selenium.support.ui.FluentWait.until(FluentWait.java:230)
	at AbstractMethods.AbstractComponents.waitForElementPresent(AbstractComponents.java:39)
	at FO_MMB.FlightAmends.SportsAmends(FlightAmends.java:140)
	at FO_MMB.FlightAmends.FlightAmendments(FlightAmends.java:43)
	at Smoke_TCs.PPRD_SmokeTCs.MMB_PPRD_BE_3PA(PPRD_SmokeTCs.java:361)
	at java.base/java.util.ArrayList.forEach(ArrayList.java:1511)
Caused by: org.openqa.selenium.NoSuchElementException: no such element: Unable to locate element: {&quot;method&quot;:&quot;xpath&quot;,&quot;selector&quot;:&quot;(//div[@class=&apos;actualContent&apos;]/div[2] //span[@class=&apos;inputs__text&apos;])[3]&quot;}
  (Session info: chrome=116.0.5845.110)
For documentation on this error, please visit: https://www.selenium.dev/documentation/webdriver/troubleshooting/errors#no-such-element-exception
Build info: version: &apos;4.10.0&apos;, revision: &apos;c14d967899&apos;
System info: os.name: &apos;Windows 11&apos;, os.arch: &apos;amd64&apos;, os.version: &apos;10.0&apos;, java.version: &apos;17.0.7&apos;
Driver info: org.openqa.selenium.chrome.ChromeDriver
Command: [87dfbcd8106b2f23bd5ff5152df21cd7, findElement {using=xpath, value=(//div[@class=&apos;actualContent&apos;]/div[2] //span[@class=&apos;inputs__text&apos;])[3]}]
Capabilities {acceptInsecureCerts: false, browserName: chrome, browserVersion: 116.0.5845.110, chrome: {chromedriverVersion: 116.0.5845.96 (1a3918166880..., userDataDir: C:\WINDOWS\SystemTemp\scope...}, fedcm:accounts: true, goog:chromeOptions: {debuggerAddress: localhost:55242}, networkConnectionEnabled: false, pageLoadStrategy: normal, platformName: windows, proxy: Proxy(), se:cdp: ws://localhost:55242/devtoo..., se:cdpVersion: 116.0.5845.110, setWindowRect: true, strictFileInteractability: false, timeouts: {implicit: 0, pageLoad: 300000, script: 30000}, unhandledPromptBehavior: dismiss and notify, webauthn:extension:credBlob: true, webauthn:extension:largeBlob: true, webauthn:extension:minPinLength: true, webauthn:extension:prf: true, webauthn:virtualAuthenticators: true}
Session ID: 87dfbcd8106b2f23bd5ff5152df21cd7
	at org.openqa.selenium.remote.codec.w3c.W3CHttpResponseCodec.createException(W3CHttpResponseCodec.java:199)
	at org.openqa.selenium.remote.codec.w3c.W3CHttpResponseCodec.decode(W3CHttpResponseCodec.java:132)
	at org.openqa.selenium.remote.codec.w3c.W3CHttpResponseCodec.decode(W3CHttpResponseCodec.java:51)
	at org.openqa.selenium.remote.HttpCommandExecutor.execute(HttpCommandExecutor.java:191)
	at org.openqa.selenium.remote.service.DriverCommandExecutor.invokeExecute(DriverCommandExecutor.java:196)
	at org.openqa.selenium.remote.service.DriverCommandExecutor.execute(DriverCommandExecutor.java:171)
	at org.openqa.selenium.remote.RemoteWebDriver.execute(RemoteWebDriver.java:531)
	at org.openqa.selenium.remote.ElementLocation$ElementFinder$2.findElement(ElementLocation.java:165)
	at org.openqa.selenium.remote.ElementLocation.findElement(ElementLocation.java:59)
	at org.openqa.selenium.remote.RemoteWebDriver.findElement(RemoteWebDriver.java:350)
	at org.openqa.selenium.remote.RemoteWebDriver.findElement(RemoteWebDriver.java:344)
	at org.openqa.selenium.support.ui.ExpectedConditions$6.apply(ExpectedConditions.java:171)
	at org.openqa.selenium.support.ui.ExpectedConditions$6.apply(ExpectedConditions.java:168)
	at org.openqa.selenium.support.ui.FluentWait.until(FluentWait.java:205)
	... 32 more
... Removed 31 stack frames</div></td></tr></table><p class="totop"><a href="#summary">back to summary</a></p>
<h3 id="m20">Smoke_TCs.PPRD_SmokeTCs#MMB_PPRD_BE_B2C</h3><table class="result"><tr><th>Exception</th></tr><tr><td><div class="stacktrace">java.lang.NullPointerException: Cannot invoke &quot;String.contains(java.lang.CharSequence)&quot; because &quot;toEscape&quot; is null
	at org.openqa.selenium.support.ui.Quotes.escape(Quotes.java:38)
	at org.openqa.selenium.support.ui.Select.selectByVisibleText(Select.java:116)
	at AbstractMethods.AbstractComponents.SelectMonth(AbstractComponents.java:218)
	at FO_MMB.MMBWebsite.MMBLogin_B2C(MMBWebsite.java:346)
	at FO_MMB.MMBWebsite.MMB_WebsiteLaunchAndBookingDetails_B2C(MMBWebsite.java:133)
	at FO_MMB.MMBWebsite.MMB_MMBHomepage(MMBWebsite.java:49)
	at TestComponents.LaunchBrowser.TargetedMMB(LaunchBrowser.java:118)
	at Smoke_TCs.PPRD_SmokeTCs.MMB_PPRD_BE_B2C(PPRD_SmokeTCs.java:268)
	at java.base/java.util.ArrayList.forEach(ArrayList.java:1511)
... Removed 27 stack frames</div></td></tr></table><p class="totop"><a href="#summary">back to summary</a></p>
<h3 id="m21">Smoke_TCs.PPRD_SmokeTCs#MMB_PPRD_BE_Inhouse</h3><table class="result"><tr><th>Exception</th></tr><tr><td><div class="stacktrace">java.lang.IllegalArgumentException: Keys to send should be a not null CharSequence
	at org.openqa.selenium.remote.RemoteWebElement.sendKeys(RemoteWebElement.java:97)
	at FO_MMB.MMBWebsite.MMBLogin_NonB2C(MMBWebsite.java:363)
	at FO_MMB.MMBWebsite.MMB_WebsiteLaunchAndBookingDetails_Inhouse(MMBWebsite.java:184)
	at FO_MMB.MMBWebsite.MMB_MMBHomepage(MMBWebsite.java:54)
	at TestComponents.LaunchBrowser.TargetedMMB(LaunchBrowser.java:118)
	at Smoke_TCs.PPRD_SmokeTCs.MMB_PPRD_BE_Inhouse(PPRD_SmokeTCs.java:320)
	at java.base/java.util.ArrayList.forEach(ArrayList.java:1511)
... Removed 27 stack frames</div></td></tr></table><p class="totop"><a href="#summary">back to summary</a></p>
<h3 id="m22">Smoke_TCs.PPRD_SmokeTCs#MMB_PPRD_FR_B2C</h3><table class="result"><tr><th>Exception</th></tr><tr><td><div class="stacktrace">org.openqa.selenium.TimeoutException: Expected condition failed: waiting for presence of element located by: By.xpath: (//div[@class=&apos;actualContent&apos;]/div[2]//button[contains(@aria-label,&apos;button&apos;)])[4] (tried for 40 second(s) with 500 milliseconds interval)
	at org.openqa.selenium.support.ui.WebDriverWait.timeoutException(WebDriverWait.java:84)
	at org.openqa.selenium.support.ui.FluentWait.until(FluentWait.java:230)
	at AbstractMethods.AbstractComponents.waitForElementPresent(AbstractComponents.java:39)
	at FO_MMB.FlightAmends.BaggageAmends(FlightAmends.java:95)
	at FO_MMB.FlightAmends.FlightAmendments(FlightAmends.java:36)
	at Smoke_TCs.PPRD_SmokeTCs.MMB_PPRD_FR_B2C(PPRD_SmokeTCs.java:296)
	at java.base/java.util.ArrayList.forEach(ArrayList.java:1511)
Caused by: org.openqa.selenium.NoSuchElementException: no such element: Unable to locate element: {&quot;method&quot;:&quot;xpath&quot;,&quot;selector&quot;:&quot;(//div[@class=&apos;actualContent&apos;]/div[2]//button[contains(@aria-label,&apos;button&apos;)])[4]&quot;}
  (Session info: chrome=116.0.5845.110)
For documentation on this error, please visit: https://www.selenium.dev/documentation/webdriver/troubleshooting/errors#no-such-element-exception
Build info: version: &apos;4.10.0&apos;, revision: &apos;c14d967899&apos;
System info: os.name: &apos;Windows 11&apos;, os.arch: &apos;amd64&apos;, os.version: &apos;10.0&apos;, java.version: &apos;17.0.7&apos;
Driver info: org.openqa.selenium.chrome.ChromeDriver
Command: [5cd86bee0de99a7401bc2a207118aa23, findElement {using=xpath, value=(//div[@class=&apos;actualContent&apos;]/div[2]//button[contains(@aria-label,&apos;button&apos;)])[4]}]
Capabilities {acceptInsecureCerts: false, browserName: chrome, browserVersion: 116.0.5845.110, chrome: {chromedriverVersion: 116.0.5845.96 (1a3918166880..., userDataDir: C:\WINDOWS\SystemTemp\scope...}, fedcm:accounts: true, goog:chromeOptions: {debuggerAddress: localhost:54148}, networkConnectionEnabled: false, pageLoadStrategy: normal, platformName: windows, proxy: Proxy(), se:cdp: ws://localhost:54148/devtoo..., se:cdpVersion: 116.0.5845.110, setWindowRect: true, strictFileInteractability: false, timeouts: {implicit: 0, pageLoad: 300000, script: 30000}, unhandledPromptBehavior: dismiss and notify, webauthn:extension:credBlob: true, webauthn:extension:largeBlob: true, webauthn:extension:minPinLength: true, webauthn:extension:prf: true, webauthn:virtualAuthenticators: true}
Session ID: 5cd86bee0de99a7401bc2a207118aa23
	at org.openqa.selenium.remote.codec.w3c.W3CHttpResponseCodec.createException(W3CHttpResponseCodec.java:199)
	at org.openqa.selenium.remote.codec.w3c.W3CHttpResponseCodec.decode(W3CHttpResponseCodec.java:132)
	at org.openqa.selenium.remote.codec.w3c.W3CHttpResponseCodec.decode(W3CHttpResponseCodec.java:51)
	at org.openqa.selenium.remote.HttpCommandExecutor.execute(HttpCommandExecutor.java:191)
	at org.openqa.selenium.remote.service.DriverCommandExecutor.invokeExecute(DriverCommandExecutor.java:196)
	at org.openqa.selenium.remote.service.DriverCommandExecutor.execute(DriverCommandExecutor.java:171)
	at org.openqa.selenium.remote.RemoteWebDriver.execute(RemoteWebDriver.java:531)
	at org.openqa.selenium.remote.ElementLocation$ElementFinder$2.findElement(ElementLocation.java:165)
	at org.openqa.selenium.remote.ElementLocation.findElement(ElementLocation.java:59)
	at org.openqa.selenium.remote.RemoteWebDriver.findElement(RemoteWebDriver.java:350)
	at org.openqa.selenium.remote.RemoteWebDriver.findElement(RemoteWebDriver.java:344)
	at org.openqa.selenium.support.ui.ExpectedConditions$6.apply(ExpectedConditions.java:171)
	at org.openqa.selenium.support.ui.ExpectedConditions$6.apply(ExpectedConditions.java:168)
	at org.openqa.selenium.support.ui.FluentWait.until(FluentWait.java:205)
	... 32 more
... Removed 32 stack frames</div></td></tr></table><p class="totop"><a href="#summary">back to summary</a></p>
<h3 id="m23">Smoke_TCs.PPRD_SmokeTCs#MMB_PPRD_MA_B2C</h3><table class="result"><tr><th>Exception</th></tr><tr><td><div class="stacktrace">java.lang.NullPointerException: Cannot invoke &quot;String.contains(java.lang.CharSequence)&quot; because &quot;deptmonth&quot; is null
	at AbstractMethods.AbstractComponents.DeptMonth(AbstractComponents.java:168)
	at FO_MMB.MMBWebsite.MMBLogin_B2C(MMBWebsite.java:334)
	at FO_MMB.MMBWebsite.MMB_WebsiteLaunchAndBookingDetails_B2C(MMBWebsite.java:133)
	at FO_MMB.MMBWebsite.MMB_MMBHomepage(MMBWebsite.java:49)
	at TestComponents.LaunchBrowser.TargetedMMB(LaunchBrowser.java:118)
	at Smoke_TCs.PPRD_SmokeTCs.MMB_PPRD_MA_B2C(PPRD_SmokeTCs.java:307)
	at java.base/java.util.ArrayList.forEach(ArrayList.java:1511)
... Removed 27 stack frames</div></td></tr></table><p class="totop"><a href="#summary">back to summary</a></p>
<h3 id="m24">Smoke_TCs.PPRD_SmokeTCs#MMB_PPRD_NL_3PA</h3><table class="result"><tr><th>Exception</th></tr><tr><td><div class="stacktrace">org.openqa.selenium.NoSuchElementException: no such element: Unable to locate element: {&quot;method&quot;:&quot;xpath&quot;,&quot;selector&quot;:&quot;//input[@id=&apos;username&apos;]&quot;}
  (Session info: chrome=116.0.5845.110)
For documentation on this error, please visit: https://www.selenium.dev/documentation/webdriver/troubleshooting/errors#no-such-element-exception
Build info: version: &apos;4.10.0&apos;, revision: &apos;c14d967899&apos;
System info: os.name: &apos;Windows 11&apos;, os.arch: &apos;amd64&apos;, os.version: &apos;10.0&apos;, java.version: &apos;17.0.7&apos;
Driver info: org.openqa.selenium.chrome.ChromeDriver
Command: [6804e44529605555e3f7ba4b6286ddb9, findElement {using=xpath, value=//input[@id=&apos;username&apos;]}]
Capabilities {acceptInsecureCerts: false, browserName: chrome, browserVersion: 116.0.5845.110, chrome: {chromedriverVersion: 116.0.5845.96 (1a3918166880..., userDataDir: C:\WINDOWS\SystemTemp\scope...}, fedcm:accounts: true, goog:chromeOptions: {debuggerAddress: localhost:55521}, networkConnectionEnabled: false, pageLoadStrategy: normal, platformName: windows, proxy: Proxy(), se:cdp: ws://localhost:55521/devtoo..., se:cdpVersion: 116.0.5845.110, setWindowRect: true, strictFileInteractability: false, timeouts: {implicit: 0, pageLoad: 300000, script: 30000}, unhandledPromptBehavior: dismiss and notify, webauthn:extension:credBlob: true, webauthn:extension:largeBlob: true, webauthn:extension:minPinLength: true, webauthn:extension:prf: true, webauthn:virtualAuthenticators: true}
Session ID: 6804e44529605555e3f7ba4b6286ddb9
	at org.openqa.selenium.remote.codec.w3c.W3CHttpResponseCodec.createException(W3CHttpResponseCodec.java:199)
	at org.openqa.selenium.remote.codec.w3c.W3CHttpResponseCodec.decode(W3CHttpResponseCodec.java:132)
	at org.openqa.selenium.remote.codec.w3c.W3CHttpResponseCodec.decode(W3CHttpResponseCodec.java:51)
	at org.openqa.selenium.remote.HttpCommandExecutor.execute(HttpCommandExecutor.java:191)
	at org.openqa.selenium.remote.service.DriverCommandExecutor.invokeExecute(DriverCommandExecutor.java:196)
	at org.openqa.selenium.remote.service.DriverCommandExecutor.execute(DriverCommandExecutor.java:171)
	at org.openqa.selenium.remote.RemoteWebDriver.execute(RemoteWebDriver.java:531)
	at org.openqa.selenium.remote.ElementLocation$ElementFinder$2.findElement(ElementLocation.java:165)
	at org.openqa.selenium.remote.ElementLocation.findElement(ElementLocation.java:59)
	at org.openqa.selenium.remote.RemoteWebDriver.findElement(RemoteWebDriver.java:350)
	at org.openqa.selenium.remote.RemoteWebDriver.findElement(RemoteWebDriver.java:344)
	at FO_MMB.MMBWebsite.ThirdPartyLogin_NL(MMBWebsite.java:316)
	at FO_MMB.MMBWebsite.MMB_WebsiteLaunchAndBookingDetails_3PA_2ndAttempt(MMBWebsite.java:281)
	at FO_MMB.MMBWebsite.RelaunchThirdPartyWebsite(MMBWebsite.java:240)
	at FO_MMB.MMBWebsite.MMB_WebsiteLaunchAndBookingDetails_3PA(MMBWebsite.java:229)
	at FO_MMB.MMBWebsite.MMB_MMBHomepage(MMBWebsite.java:59)
	at TestComponents.LaunchBrowser.TargetedMMB(LaunchBrowser.java:118)
	at Smoke_TCs.PPRD_SmokeTCs.MMB_PPRD_NL_3PA(PPRD_SmokeTCs.java:370)
	at java.base/java.util.ArrayList.forEach(ArrayList.java:1511)
... Removed 31 stack frames</div></td></tr></table><p class="totop"><a href="#summary">back to summary</a></p>
<h3 id="m25">Smoke_TCs.PPRD_SmokeTCs#MMB_PPRD_NL_B2C</h3><table class="result"><tr><th>Exception</th></tr><tr><td><div class="stacktrace">java.lang.NullPointerException: Cannot invoke &quot;String.contains(java.lang.CharSequence)&quot; because &quot;toEscape&quot; is null
	at org.openqa.selenium.support.ui.Quotes.escape(Quotes.java:38)
	at org.openqa.selenium.support.ui.Select.selectByVisibleText(Select.java:116)
	at AbstractMethods.AbstractComponents.SelectMonth(AbstractComponents.java:218)
	at FO_MMB.MMBWebsite.MMBLogin_B2C(MMBWebsite.java:346)
	at FO_MMB.MMBWebsite.MMB_WebsiteLaunchAndBookingDetails_B2C(MMBWebsite.java:133)
	at FO_MMB.MMBWebsite.MMB_MMBHomepage(MMBWebsite.java:49)
	at TestComponents.LaunchBrowser.TargetedMMB(LaunchBrowser.java:118)
	at Smoke_TCs.PPRD_SmokeTCs.MMB_PPRD_NL_B2C(PPRD_SmokeTCs.java:281)
	at java.base/java.util.ArrayList.forEach(ArrayList.java:1511)
... Removed 27 stack frames</div></td></tr></table><p class="totop"><a href="#summary">back to summary</a></p>
<h3 id="m26">Smoke_TCs.PPRD_SmokeTCs#MMB_PPRD_BE_3PA</h3><table class="result"><tr><th class="invisible"/></tr></table><p class="totop"><a href="#summary">back to summary</a></p>
<h3 id="m27">Smoke_TCs.PPRD_SmokeTCs#MMB_PPRD_MA_3PA</h3><table class="result"><tr><th class="invisible"/></tr></table><p class="totop"><a href="#summary">back to summary</a></p>
<h3 id="m28">Smoke_TCs.PPRD_SmokeTCs#MMB_PPRD_MA_Inhouse</h3><table class="result"><tr><th class="invisible"/></tr></table><p class="totop"><a href="#summary">back to summary</a></p>
<h3 id="m29">Smoke_TCs.PPRD_SmokeTCs#MMB_PPRD_NL_Inhouse</h3><table class="result"><tr><th class="invisible"/></tr></table><p class="totop"><a href="#summary">back to summary</a></p>
</body>
</html>
