<?xml version="1.0" encoding="UTF-8"?>
<!-- Generated by org.testng.reporters.JUnitReportReporter -->
<testsuite hostname="HYDNB884" failures="0" tests="10" name="Cucumber.TestNGRunner" time="0.173" errors="10" timestamp="2023-07-19T09:45:40 IST" skipped="0">
  <testcase classname="Cucumber.TestNGRunner" name="runScenario" time="0.006">
    <error message="The step &#039;Launch PPRD FO URL PPRD_BE_ThirdParty and make Twoway search with BRU airport to AYT airport and departing september@2023 12 and arriving september 2023 19 with 2 passengers by selecting baggage 50, Sports NA and Pets NA&#039; and 1 other step(s) are undefined.
You can implement these steps using the snippet(s) below:

@Given(&quot;Launch PPRD FO URL PPRD_BE_ThirdParty and make Twoway search with BRU airport to AYT airport and departing september@{int} {int} and arriving september {int} {int} with {int} passengers by selecting baggage {int}, Sports NA and Pets NA&quot;)
public void launch_pprd_fo_url_pprd_be_third_party_and_make_twoway_search_with_bru_airport_to_ayt_airport_and_departing_september_and_arriving_september_with_passengers_by_selecting_baggage_sports_na_and_pets_na(Integer int1, Integer int2, Integer int3, Integer int4, Integer int5, Integer int6) {
    // Write code here that turns the phrase above into concrete actions
    throw new io.cucumber.java.PendingException();
}
@When(&quot;Continue with bookflow and make payment No payment method&quot;)
public void continue_with_bookflow_and_make_payment_no_payment_method() {
    // Write code here that turns the phrase above into concrete actions
    throw new io.cucumber.java.PendingException();
}
" type="io.cucumber.testng.UndefinedStepException">
      <![CDATA[io.cucumber.testng.UndefinedStepException: The step 'Launch PPRD FO URL PPRD_BE_ThirdParty and make Twoway search with BRU airport to AYT airport and departing september@2023 12 and arriving september 2023 19 with 2 passengers by selecting baggage 50, Sports NA and Pets NA' and 1 other step(s) are undefined.
You can implement these steps using the snippet(s) below:

@Given("Launch PPRD FO URL PPRD_BE_ThirdParty and make Twoway search with BRU airport to AYT airport and departing september@{int} {int} and arriving september {int} {int} with {int} passengers by selecting baggage {int}, Sports NA and Pets NA")
public void launch_pprd_fo_url_pprd_be_third_party_and_make_twoway_search_with_bru_airport_to_ayt_airport_and_departing_september_and_arriving_september_with_passengers_by_selecting_baggage_sports_na_and_pets_na(Integer int1, Integer int2, Integer int3, Integer int4, Integer int5, Integer int6) {
    // Write code here that turns the phrase above into concrete actions
    throw new io.cucumber.java.PendingException();
}
@When("Continue with bookflow and make payment No payment method")
public void continue_with_bookflow_and_make_payment_no_payment_method() {
    // Write code here that turns the phrase above into concrete actions
    throw new io.cucumber.java.PendingException();
}

at io.cucumber.core.runtime.TestCaseResultObserver.assertTestCasePassed(TestCaseResultObserver.java:69)
at io.cucumber.testng.TestCaseResultObserver.assertTestCasePassed(TestCaseResultObserver.java:23)
at io.cucumber.testng.TestNGCucumberRunner.lambda$runScenario$1(TestNGCucumberRunner.java:133)
at io.cucumber.core.runtime.CucumberExecutionContext.lambda$runTestCase$5(CucumberExecutionContext.java:137)
at io.cucumber.core.runtime.RethrowingThrowableCollector.executeAndThrow(RethrowingThrowableCollector.java:23)
at io.cucumber.core.runtime.CucumberExecutionContext.runTestCase(CucumberExecutionContext.java:137)
at io.cucumber.testng.TestNGCucumberRunner.runScenario(TestNGCucumberRunner.java:129)
at io.cucumber.testng.AbstractTestNGCucumberTests.runScenario(AbstractTestNGCucumberTests.java:35)
at java.base/jdk.internal.reflect.NativeMethodAccessorImpl.invoke0(Native Method)
at java.base/jdk.internal.reflect.NativeMethodAccessorImpl.invoke(NativeMethodAccessorImpl.java:77)
at java.base/jdk.internal.reflect.DelegatingMethodAccessorImpl.invoke(DelegatingMethodAccessorImpl.java:43)
at java.base/java.lang.reflect.Method.invoke(Method.java:568)
at org.testng.internal.invokers.MethodInvocationHelper.invokeMethod(MethodInvocationHelper.java:139)
at org.testng.internal.invokers.TestInvoker.invokeMethod(TestInvoker.java:664)
at org.testng.internal.invokers.TestInvoker.invokeTestMethod(TestInvoker.java:227)
at org.testng.internal.invokers.MethodRunner.runInSequence(MethodRunner.java:50)
at org.testng.internal.invokers.TestInvoker$MethodInvocationAgent.invoke(TestInvoker.java:957)
at org.testng.internal.invokers.TestInvoker.invokeTestMethods(TestInvoker.java:200)
at org.testng.internal.invokers.TestMethodWorker.invokeTestMethods(TestMethodWorker.java:148)
at org.testng.internal.invokers.TestMethodWorker.run(TestMethodWorker.java:128)
at java.base/java.util.ArrayList.forEach(ArrayList.java:1511)
at org.testng.TestRunner.privateRun(TestRunner.java:848)
at org.testng.TestRunner.run(TestRunner.java:621)
at org.testng.SuiteRunner.runTest(SuiteRunner.java:443)
at org.testng.SuiteRunner.runSequentially(SuiteRunner.java:437)
at org.testng.SuiteRunner.privateRun(SuiteRunner.java:397)
at org.testng.SuiteRunner.run(SuiteRunner.java:336)
at org.testng.SuiteRunnerWorker.runSuite(SuiteRunnerWorker.java:52)
at org.testng.SuiteRunnerWorker.run(SuiteRunnerWorker.java:95)
at org.testng.TestNG.runSuitesSequentially(TestNG.java:1280)
at org.testng.TestNG.runSuitesLocally(TestNG.java:1200)
at org.testng.TestNG.runSuites(TestNG.java:1114)
at org.testng.TestNG.run(TestNG.java:1082)
at org.testng.remote.AbstractRemoteTestNG.run(AbstractRemoteTestNG.java:115)
at org.testng.remote.RemoteTestNG.initAndRun(RemoteTestNG.java:251)
at org.testng.remote.RemoteTestNG.main(RemoteTestNG.java:77)
]]>
    </error>
  </testcase> <!-- runScenario -->
  <testcase classname="Cucumber.TestNGRunner" name="runScenario" time="0.095">
    <error message="The step &#039;Launch PPRD FO URL PPRD_BE_B2C and make Twoway search with BRU airport to ACE airport and departing september@2023 13 and arriving september 2023 20 with 2 passengers by selecting baggage 20, Sports NA and Pets NA&#039; and 1 other step(s) are undefined.
You can implement these steps using the snippet(s) below:

@Given(&quot;Launch PPRD FO URL PPRD_BE_B2C and make Twoway search with BRU airport to ACE airport and departing september@{int} {int} and arriving september {int} {int} with {int} passengers by selecting baggage {int}, Sports NA and Pets NA&quot;)
public void launch_pprd_fo_url_pprd_be_b2c_and_make_twoway_search_with_bru_airport_to_ace_airport_and_departing_september_and_arriving_september_with_passengers_by_selecting_baggage_sports_na_and_pets_na(Integer int1, Integer int2, Integer int3, Integer int4, Integer int5, Integer int6) {
    // Write code here that turns the phrase above into concrete actions
    throw new io.cucumber.java.PendingException();
}
@When(&quot;Continue with bookflow and make payment Visa method&quot;)
public void continue_with_bookflow_and_make_payment_visa_method() {
    // Write code here that turns the phrase above into concrete actions
    throw new io.cucumber.java.PendingException();
}
" type="io.cucumber.testng.UndefinedStepException">
      <![CDATA[io.cucumber.testng.UndefinedStepException: The step 'Launch PPRD FO URL PPRD_BE_B2C and make Twoway search with BRU airport to ACE airport and departing september@2023 13 and arriving september 2023 20 with 2 passengers by selecting baggage 20, Sports NA and Pets NA' and 1 other step(s) are undefined.
You can implement these steps using the snippet(s) below:

@Given("Launch PPRD FO URL PPRD_BE_B2C and make Twoway search with BRU airport to ACE airport and departing september@{int} {int} and arriving september {int} {int} with {int} passengers by selecting baggage {int}, Sports NA and Pets NA")
public void launch_pprd_fo_url_pprd_be_b2c_and_make_twoway_search_with_bru_airport_to_ace_airport_and_departing_september_and_arriving_september_with_passengers_by_selecting_baggage_sports_na_and_pets_na(Integer int1, Integer int2, Integer int3, Integer int4, Integer int5, Integer int6) {
    // Write code here that turns the phrase above into concrete actions
    throw new io.cucumber.java.PendingException();
}
@When("Continue with bookflow and make payment Visa method")
public void continue_with_bookflow_and_make_payment_visa_method() {
    // Write code here that turns the phrase above into concrete actions
    throw new io.cucumber.java.PendingException();
}

at io.cucumber.core.runtime.TestCaseResultObserver.assertTestCasePassed(TestCaseResultObserver.java:69)
at io.cucumber.testng.TestCaseResultObserver.assertTestCasePassed(TestCaseResultObserver.java:23)
at io.cucumber.testng.TestNGCucumberRunner.lambda$runScenario$1(TestNGCucumberRunner.java:133)
at io.cucumber.core.runtime.CucumberExecutionContext.lambda$runTestCase$5(CucumberExecutionContext.java:137)
at io.cucumber.core.runtime.RethrowingThrowableCollector.executeAndThrow(RethrowingThrowableCollector.java:23)
at io.cucumber.core.runtime.CucumberExecutionContext.runTestCase(CucumberExecutionContext.java:137)
at io.cucumber.testng.TestNGCucumberRunner.runScenario(TestNGCucumberRunner.java:129)
at io.cucumber.testng.AbstractTestNGCucumberTests.runScenario(AbstractTestNGCucumberTests.java:35)
at java.base/jdk.internal.reflect.NativeMethodAccessorImpl.invoke0(Native Method)
at java.base/jdk.internal.reflect.NativeMethodAccessorImpl.invoke(NativeMethodAccessorImpl.java:77)
at java.base/jdk.internal.reflect.DelegatingMethodAccessorImpl.invoke(DelegatingMethodAccessorImpl.java:43)
at java.base/java.lang.reflect.Method.invoke(Method.java:568)
at org.testng.internal.invokers.MethodInvocationHelper.invokeMethod(MethodInvocationHelper.java:139)
at org.testng.internal.invokers.TestInvoker.invokeMethod(TestInvoker.java:664)
at org.testng.internal.invokers.TestInvoker.invokeTestMethod(TestInvoker.java:227)
at org.testng.internal.invokers.MethodRunner.runInSequence(MethodRunner.java:50)
at org.testng.internal.invokers.TestInvoker$MethodInvocationAgent.invoke(TestInvoker.java:957)
at org.testng.internal.invokers.TestInvoker.invokeTestMethods(TestInvoker.java:200)
at org.testng.internal.invokers.TestMethodWorker.invokeTestMethods(TestMethodWorker.java:148)
at org.testng.internal.invokers.TestMethodWorker.run(TestMethodWorker.java:128)
at java.base/java.util.ArrayList.forEach(ArrayList.java:1511)
at org.testng.TestRunner.privateRun(TestRunner.java:848)
at org.testng.TestRunner.run(TestRunner.java:621)
at org.testng.SuiteRunner.runTest(SuiteRunner.java:443)
at org.testng.SuiteRunner.runSequentially(SuiteRunner.java:437)
at org.testng.SuiteRunner.privateRun(SuiteRunner.java:397)
at org.testng.SuiteRunner.run(SuiteRunner.java:336)
at org.testng.SuiteRunnerWorker.runSuite(SuiteRunnerWorker.java:52)
at org.testng.SuiteRunnerWorker.run(SuiteRunnerWorker.java:95)
at org.testng.TestNG.runSuitesSequentially(TestNG.java:1280)
at org.testng.TestNG.runSuitesLocally(TestNG.java:1200)
at org.testng.TestNG.runSuites(TestNG.java:1114)
at org.testng.TestNG.run(TestNG.java:1082)
at org.testng.remote.AbstractRemoteTestNG.run(AbstractRemoteTestNG.java:115)
at org.testng.remote.RemoteTestNG.initAndRun(RemoteTestNG.java:251)
at org.testng.remote.RemoteTestNG.main(RemoteTestNG.java:77)
]]>
    </error>
  </testcase> <!-- runScenario -->
  <testcase classname="Cucumber.TestNGRunner" name="runScenario" time="0.007">
    <error message="The step &#039;Launch PPRD FO URL PPRD_MA_Inhouse and make Twoway search with AGA airport to BRU airport and departing september@2023 6 and arriving september 2023 13 with 2 passengers by selecting baggage 30, Sports NA and Pets NA&#039; and 1 other step(s) are undefined.
You can implement these steps using the snippet(s) below:

@Given(&quot;Launch PPRD FO URL PPRD_MA_Inhouse and make Twoway search with AGA airport to BRU airport and departing september@{int} {int} and arriving september {int} {int} with {int} passengers by selecting baggage {int}, Sports NA and Pets NA&quot;)
public void launch_pprd_fo_url_pprd_ma_inhouse_and_make_twoway_search_with_aga_airport_to_bru_airport_and_departing_september_and_arriving_september_with_passengers_by_selecting_baggage_sports_na_and_pets_na(Integer int1, Integer int2, Integer int3, Integer int4, Integer int5, Integer int6) {
    // Write code here that turns the phrase above into concrete actions
    throw new io.cucumber.java.PendingException();
}
@When(&quot;Continue with bookflow and make payment Cash method&quot;)
public void continue_with_bookflow_and_make_payment_cash_method() {
    // Write code here that turns the phrase above into concrete actions
    throw new io.cucumber.java.PendingException();
}
" type="io.cucumber.testng.UndefinedStepException">
      <![CDATA[io.cucumber.testng.UndefinedStepException: The step 'Launch PPRD FO URL PPRD_MA_Inhouse and make Twoway search with AGA airport to BRU airport and departing september@2023 6 and arriving september 2023 13 with 2 passengers by selecting baggage 30, Sports NA and Pets NA' and 1 other step(s) are undefined.
You can implement these steps using the snippet(s) below:

@Given("Launch PPRD FO URL PPRD_MA_Inhouse and make Twoway search with AGA airport to BRU airport and departing september@{int} {int} and arriving september {int} {int} with {int} passengers by selecting baggage {int}, Sports NA and Pets NA")
public void launch_pprd_fo_url_pprd_ma_inhouse_and_make_twoway_search_with_aga_airport_to_bru_airport_and_departing_september_and_arriving_september_with_passengers_by_selecting_baggage_sports_na_and_pets_na(Integer int1, Integer int2, Integer int3, Integer int4, Integer int5, Integer int6) {
    // Write code here that turns the phrase above into concrete actions
    throw new io.cucumber.java.PendingException();
}
@When("Continue with bookflow and make payment Cash method")
public void continue_with_bookflow_and_make_payment_cash_method() {
    // Write code here that turns the phrase above into concrete actions
    throw new io.cucumber.java.PendingException();
}

at io.cucumber.core.runtime.TestCaseResultObserver.assertTestCasePassed(TestCaseResultObserver.java:69)
at io.cucumber.testng.TestCaseResultObserver.assertTestCasePassed(TestCaseResultObserver.java:23)
at io.cucumber.testng.TestNGCucumberRunner.lambda$runScenario$1(TestNGCucumberRunner.java:133)
at io.cucumber.core.runtime.CucumberExecutionContext.lambda$runTestCase$5(CucumberExecutionContext.java:137)
at io.cucumber.core.runtime.RethrowingThrowableCollector.executeAndThrow(RethrowingThrowableCollector.java:23)
at io.cucumber.core.runtime.CucumberExecutionContext.runTestCase(CucumberExecutionContext.java:137)
at io.cucumber.testng.TestNGCucumberRunner.runScenario(TestNGCucumberRunner.java:129)
at io.cucumber.testng.AbstractTestNGCucumberTests.runScenario(AbstractTestNGCucumberTests.java:35)
at java.base/jdk.internal.reflect.NativeMethodAccessorImpl.invoke0(Native Method)
at java.base/jdk.internal.reflect.NativeMethodAccessorImpl.invoke(NativeMethodAccessorImpl.java:77)
at java.base/jdk.internal.reflect.DelegatingMethodAccessorImpl.invoke(DelegatingMethodAccessorImpl.java:43)
at java.base/java.lang.reflect.Method.invoke(Method.java:568)
at org.testng.internal.invokers.MethodInvocationHelper.invokeMethod(MethodInvocationHelper.java:139)
at org.testng.internal.invokers.TestInvoker.invokeMethod(TestInvoker.java:664)
at org.testng.internal.invokers.TestInvoker.invokeTestMethod(TestInvoker.java:227)
at org.testng.internal.invokers.MethodRunner.runInSequence(MethodRunner.java:50)
at org.testng.internal.invokers.TestInvoker$MethodInvocationAgent.invoke(TestInvoker.java:957)
at org.testng.internal.invokers.TestInvoker.invokeTestMethods(TestInvoker.java:200)
at org.testng.internal.invokers.TestMethodWorker.invokeTestMethods(TestMethodWorker.java:148)
at org.testng.internal.invokers.TestMethodWorker.run(TestMethodWorker.java:128)
at java.base/java.util.ArrayList.forEach(ArrayList.java:1511)
at org.testng.TestRunner.privateRun(TestRunner.java:848)
at org.testng.TestRunner.run(TestRunner.java:621)
at org.testng.SuiteRunner.runTest(SuiteRunner.java:443)
at org.testng.SuiteRunner.runSequentially(SuiteRunner.java:437)
at org.testng.SuiteRunner.privateRun(SuiteRunner.java:397)
at org.testng.SuiteRunner.run(SuiteRunner.java:336)
at org.testng.SuiteRunnerWorker.runSuite(SuiteRunnerWorker.java:52)
at org.testng.SuiteRunnerWorker.run(SuiteRunnerWorker.java:95)
at org.testng.TestNG.runSuitesSequentially(TestNG.java:1280)
at org.testng.TestNG.runSuitesLocally(TestNG.java:1200)
at org.testng.TestNG.runSuites(TestNG.java:1114)
at org.testng.TestNG.run(TestNG.java:1082)
at org.testng.remote.AbstractRemoteTestNG.run(AbstractRemoteTestNG.java:115)
at org.testng.remote.RemoteTestNG.initAndRun(RemoteTestNG.java:251)
at org.testng.remote.RemoteTestNG.main(RemoteTestNG.java:77)
]]>
    </error>
  </testcase> <!-- runScenario -->
  <testcase classname="Cucumber.TestNGRunner" name="runScenario" time="0.005">
    <error message="The step &#039;Launch PPRD FO URL PPRD_MA_ThirdParty and make Twoway search with RAK airport to BRU airport and departing september@2023 15 and arriving september 2023 22 with 2 passengers by selecting baggage 30, Sports NA and Pets NA&#039; and 1 other step(s) are undefined.
You can implement these steps using the snippet(s) below:

@Given(&quot;Launch PPRD FO URL PPRD_MA_ThirdParty and make Twoway search with RAK airport to BRU airport and departing september@{int} {int} and arriving september {int} {int} with {int} passengers by selecting baggage {int}, Sports NA and Pets NA&quot;)
public void launch_pprd_fo_url_pprd_ma_third_party_and_make_twoway_search_with_rak_airport_to_bru_airport_and_departing_september_and_arriving_september_with_passengers_by_selecting_baggage_sports_na_and_pets_na(Integer int1, Integer int2, Integer int3, Integer int4, Integer int5, Integer int6) {
    // Write code here that turns the phrase above into concrete actions
    throw new io.cucumber.java.PendingException();
}
@When(&quot;Continue with bookflow and make payment No payment method&quot;)
public void continue_with_bookflow_and_make_payment_no_payment_method() {
    // Write code here that turns the phrase above into concrete actions
    throw new io.cucumber.java.PendingException();
}
" type="io.cucumber.testng.UndefinedStepException">
      <![CDATA[io.cucumber.testng.UndefinedStepException: The step 'Launch PPRD FO URL PPRD_MA_ThirdParty and make Twoway search with RAK airport to BRU airport and departing september@2023 15 and arriving september 2023 22 with 2 passengers by selecting baggage 30, Sports NA and Pets NA' and 1 other step(s) are undefined.
You can implement these steps using the snippet(s) below:

@Given("Launch PPRD FO URL PPRD_MA_ThirdParty and make Twoway search with RAK airport to BRU airport and departing september@{int} {int} and arriving september {int} {int} with {int} passengers by selecting baggage {int}, Sports NA and Pets NA")
public void launch_pprd_fo_url_pprd_ma_third_party_and_make_twoway_search_with_rak_airport_to_bru_airport_and_departing_september_and_arriving_september_with_passengers_by_selecting_baggage_sports_na_and_pets_na(Integer int1, Integer int2, Integer int3, Integer int4, Integer int5, Integer int6) {
    // Write code here that turns the phrase above into concrete actions
    throw new io.cucumber.java.PendingException();
}
@When("Continue with bookflow and make payment No payment method")
public void continue_with_bookflow_and_make_payment_no_payment_method() {
    // Write code here that turns the phrase above into concrete actions
    throw new io.cucumber.java.PendingException();
}

at io.cucumber.core.runtime.TestCaseResultObserver.assertTestCasePassed(TestCaseResultObserver.java:69)
at io.cucumber.testng.TestCaseResultObserver.assertTestCasePassed(TestCaseResultObserver.java:23)
at io.cucumber.testng.TestNGCucumberRunner.lambda$runScenario$1(TestNGCucumberRunner.java:133)
at io.cucumber.core.runtime.CucumberExecutionContext.lambda$runTestCase$5(CucumberExecutionContext.java:137)
at io.cucumber.core.runtime.RethrowingThrowableCollector.executeAndThrow(RethrowingThrowableCollector.java:23)
at io.cucumber.core.runtime.CucumberExecutionContext.runTestCase(CucumberExecutionContext.java:137)
at io.cucumber.testng.TestNGCucumberRunner.runScenario(TestNGCucumberRunner.java:129)
at io.cucumber.testng.AbstractTestNGCucumberTests.runScenario(AbstractTestNGCucumberTests.java:35)
at java.base/jdk.internal.reflect.NativeMethodAccessorImpl.invoke0(Native Method)
at java.base/jdk.internal.reflect.NativeMethodAccessorImpl.invoke(NativeMethodAccessorImpl.java:77)
at java.base/jdk.internal.reflect.DelegatingMethodAccessorImpl.invoke(DelegatingMethodAccessorImpl.java:43)
at java.base/java.lang.reflect.Method.invoke(Method.java:568)
at org.testng.internal.invokers.MethodInvocationHelper.invokeMethod(MethodInvocationHelper.java:139)
at org.testng.internal.invokers.TestInvoker.invokeMethod(TestInvoker.java:664)
at org.testng.internal.invokers.TestInvoker.invokeTestMethod(TestInvoker.java:227)
at org.testng.internal.invokers.MethodRunner.runInSequence(MethodRunner.java:50)
at org.testng.internal.invokers.TestInvoker$MethodInvocationAgent.invoke(TestInvoker.java:957)
at org.testng.internal.invokers.TestInvoker.invokeTestMethods(TestInvoker.java:200)
at org.testng.internal.invokers.TestMethodWorker.invokeTestMethods(TestMethodWorker.java:148)
at org.testng.internal.invokers.TestMethodWorker.run(TestMethodWorker.java:128)
at java.base/java.util.ArrayList.forEach(ArrayList.java:1511)
at org.testng.TestRunner.privateRun(TestRunner.java:848)
at org.testng.TestRunner.run(TestRunner.java:621)
at org.testng.SuiteRunner.runTest(SuiteRunner.java:443)
at org.testng.SuiteRunner.runSequentially(SuiteRunner.java:437)
at org.testng.SuiteRunner.privateRun(SuiteRunner.java:397)
at org.testng.SuiteRunner.run(SuiteRunner.java:336)
at org.testng.SuiteRunnerWorker.runSuite(SuiteRunnerWorker.java:52)
at org.testng.SuiteRunnerWorker.run(SuiteRunnerWorker.java:95)
at org.testng.TestNG.runSuitesSequentially(TestNG.java:1280)
at org.testng.TestNG.runSuitesLocally(TestNG.java:1200)
at org.testng.TestNG.runSuites(TestNG.java:1114)
at org.testng.TestNG.run(TestNG.java:1082)
at org.testng.remote.AbstractRemoteTestNG.run(AbstractRemoteTestNG.java:115)
at org.testng.remote.RemoteTestNG.initAndRun(RemoteTestNG.java:251)
at org.testng.remote.RemoteTestNG.main(RemoteTestNG.java:77)
]]>
    </error>
  </testcase> <!-- runScenario -->
  <testcase classname="Cucumber.TestNGRunner" name="runScenario" time="0.016">
    <error message="The step &#039;Launch PPRD FO URL PPRD_NL_B2C and make Twoway search with AMS airport to CUR airport and departing september@2023 10 and arriving september 2023 20 with 2 passengers by selecting baggage NA, Sports Golf and Pets NA&#039; and 1 other step(s) are undefined.
You can implement these steps using the snippet(s) below:

@Given(&quot;Launch PPRD FO URL PPRD_NL_B2C and make Twoway search with AMS airport to CUR airport and departing september@{int} {int} and arriving september {int} {int} with {int} passengers by selecting baggage NA, Sports Golf and Pets NA&quot;)
public void launch_pprd_fo_url_pprd_nl_b2c_and_make_twoway_search_with_ams_airport_to_cur_airport_and_departing_september_and_arriving_september_with_passengers_by_selecting_baggage_na_sports_golf_and_pets_na(Integer int1, Integer int2, Integer int3, Integer int4, Integer int5) {
    // Write code here that turns the phrase above into concrete actions
    throw new io.cucumber.java.PendingException();
}
@When(&quot;Continue with bookflow and make payment Visa method&quot;)
public void continue_with_bookflow_and_make_payment_visa_method() {
    // Write code here that turns the phrase above into concrete actions
    throw new io.cucumber.java.PendingException();
}
" type="io.cucumber.testng.UndefinedStepException">
      <![CDATA[io.cucumber.testng.UndefinedStepException: The step 'Launch PPRD FO URL PPRD_NL_B2C and make Twoway search with AMS airport to CUR airport and departing september@2023 10 and arriving september 2023 20 with 2 passengers by selecting baggage NA, Sports Golf and Pets NA' and 1 other step(s) are undefined.
You can implement these steps using the snippet(s) below:

@Given("Launch PPRD FO URL PPRD_NL_B2C and make Twoway search with AMS airport to CUR airport and departing september@{int} {int} and arriving september {int} {int} with {int} passengers by selecting baggage NA, Sports Golf and Pets NA")
public void launch_pprd_fo_url_pprd_nl_b2c_and_make_twoway_search_with_ams_airport_to_cur_airport_and_departing_september_and_arriving_september_with_passengers_by_selecting_baggage_na_sports_golf_and_pets_na(Integer int1, Integer int2, Integer int3, Integer int4, Integer int5) {
    // Write code here that turns the phrase above into concrete actions
    throw new io.cucumber.java.PendingException();
}
@When("Continue with bookflow and make payment Visa method")
public void continue_with_bookflow_and_make_payment_visa_method() {
    // Write code here that turns the phrase above into concrete actions
    throw new io.cucumber.java.PendingException();
}

at io.cucumber.core.runtime.TestCaseResultObserver.assertTestCasePassed(TestCaseResultObserver.java:69)
at io.cucumber.testng.TestCaseResultObserver.assertTestCasePassed(TestCaseResultObserver.java:23)
at io.cucumber.testng.TestNGCucumberRunner.lambda$runScenario$1(TestNGCucumberRunner.java:133)
at io.cucumber.core.runtime.CucumberExecutionContext.lambda$runTestCase$5(CucumberExecutionContext.java:137)
at io.cucumber.core.runtime.RethrowingThrowableCollector.executeAndThrow(RethrowingThrowableCollector.java:23)
at io.cucumber.core.runtime.CucumberExecutionContext.runTestCase(CucumberExecutionContext.java:137)
at io.cucumber.testng.TestNGCucumberRunner.runScenario(TestNGCucumberRunner.java:129)
at io.cucumber.testng.AbstractTestNGCucumberTests.runScenario(AbstractTestNGCucumberTests.java:35)
at java.base/jdk.internal.reflect.NativeMethodAccessorImpl.invoke0(Native Method)
at java.base/jdk.internal.reflect.NativeMethodAccessorImpl.invoke(NativeMethodAccessorImpl.java:77)
at java.base/jdk.internal.reflect.DelegatingMethodAccessorImpl.invoke(DelegatingMethodAccessorImpl.java:43)
at java.base/java.lang.reflect.Method.invoke(Method.java:568)
at org.testng.internal.invokers.MethodInvocationHelper.invokeMethod(MethodInvocationHelper.java:139)
at org.testng.internal.invokers.TestInvoker.invokeMethod(TestInvoker.java:664)
at org.testng.internal.invokers.TestInvoker.invokeTestMethod(TestInvoker.java:227)
at org.testng.internal.invokers.MethodRunner.runInSequence(MethodRunner.java:50)
at org.testng.internal.invokers.TestInvoker$MethodInvocationAgent.invoke(TestInvoker.java:957)
at org.testng.internal.invokers.TestInvoker.invokeTestMethods(TestInvoker.java:200)
at org.testng.internal.invokers.TestMethodWorker.invokeTestMethods(TestMethodWorker.java:148)
at org.testng.internal.invokers.TestMethodWorker.run(TestMethodWorker.java:128)
at java.base/java.util.ArrayList.forEach(ArrayList.java:1511)
at org.testng.TestRunner.privateRun(TestRunner.java:848)
at org.testng.TestRunner.run(TestRunner.java:621)
at org.testng.SuiteRunner.runTest(SuiteRunner.java:443)
at org.testng.SuiteRunner.runSequentially(SuiteRunner.java:437)
at org.testng.SuiteRunner.privateRun(SuiteRunner.java:397)
at org.testng.SuiteRunner.run(SuiteRunner.java:336)
at org.testng.SuiteRunnerWorker.runSuite(SuiteRunnerWorker.java:52)
at org.testng.SuiteRunnerWorker.run(SuiteRunnerWorker.java:95)
at org.testng.TestNG.runSuitesSequentially(TestNG.java:1280)
at org.testng.TestNG.runSuitesLocally(TestNG.java:1200)
at org.testng.TestNG.runSuites(TestNG.java:1114)
at org.testng.TestNG.run(TestNG.java:1082)
at org.testng.remote.AbstractRemoteTestNG.run(AbstractRemoteTestNG.java:115)
at org.testng.remote.RemoteTestNG.initAndRun(RemoteTestNG.java:251)
at org.testng.remote.RemoteTestNG.main(RemoteTestNG.java:77)
]]>
    </error>
  </testcase> <!-- runScenario -->
  <testcase classname="Cucumber.TestNGRunner" name="runScenario" time="0.013">
    <error message="The step &#039;Launch PPRD FO URL PPRD_FR_B2C and make Twoway search with LIL airport to RAK airport and departing september@2023 10 and arriving september 2023 17 with 2 passengers by selecting baggage 30, Sports NA and Pets NA&#039; and 1 other step(s) are undefined.
You can implement these steps using the snippet(s) below:

@Given(&quot;Launch PPRD FO URL PPRD_FR_B2C and make Twoway search with LIL airport to RAK airport and departing september@{int} {int} and arriving september {int} {int} with {int} passengers by selecting baggage {int}, Sports NA and Pets NA&quot;)
public void launch_pprd_fo_url_pprd_fr_b2c_and_make_twoway_search_with_lil_airport_to_rak_airport_and_departing_september_and_arriving_september_with_passengers_by_selecting_baggage_sports_na_and_pets_na(Integer int1, Integer int2, Integer int3, Integer int4, Integer int5, Integer int6) {
    // Write code here that turns the phrase above into concrete actions
    throw new io.cucumber.java.PendingException();
}
@When(&quot;Continue with bookflow and make payment Visa method&quot;)
public void continue_with_bookflow_and_make_payment_visa_method() {
    // Write code here that turns the phrase above into concrete actions
    throw new io.cucumber.java.PendingException();
}
" type="io.cucumber.testng.UndefinedStepException">
      <![CDATA[io.cucumber.testng.UndefinedStepException: The step 'Launch PPRD FO URL PPRD_FR_B2C and make Twoway search with LIL airport to RAK airport and departing september@2023 10 and arriving september 2023 17 with 2 passengers by selecting baggage 30, Sports NA and Pets NA' and 1 other step(s) are undefined.
You can implement these steps using the snippet(s) below:

@Given("Launch PPRD FO URL PPRD_FR_B2C and make Twoway search with LIL airport to RAK airport and departing september@{int} {int} and arriving september {int} {int} with {int} passengers by selecting baggage {int}, Sports NA and Pets NA")
public void launch_pprd_fo_url_pprd_fr_b2c_and_make_twoway_search_with_lil_airport_to_rak_airport_and_departing_september_and_arriving_september_with_passengers_by_selecting_baggage_sports_na_and_pets_na(Integer int1, Integer int2, Integer int3, Integer int4, Integer int5, Integer int6) {
    // Write code here that turns the phrase above into concrete actions
    throw new io.cucumber.java.PendingException();
}
@When("Continue with bookflow and make payment Visa method")
public void continue_with_bookflow_and_make_payment_visa_method() {
    // Write code here that turns the phrase above into concrete actions
    throw new io.cucumber.java.PendingException();
}

at io.cucumber.core.runtime.TestCaseResultObserver.assertTestCasePassed(TestCaseResultObserver.java:69)
at io.cucumber.testng.TestCaseResultObserver.assertTestCasePassed(TestCaseResultObserver.java:23)
at io.cucumber.testng.TestNGCucumberRunner.lambda$runScenario$1(TestNGCucumberRunner.java:133)
at io.cucumber.core.runtime.CucumberExecutionContext.lambda$runTestCase$5(CucumberExecutionContext.java:137)
at io.cucumber.core.runtime.RethrowingThrowableCollector.executeAndThrow(RethrowingThrowableCollector.java:23)
at io.cucumber.core.runtime.CucumberExecutionContext.runTestCase(CucumberExecutionContext.java:137)
at io.cucumber.testng.TestNGCucumberRunner.runScenario(TestNGCucumberRunner.java:129)
at io.cucumber.testng.AbstractTestNGCucumberTests.runScenario(AbstractTestNGCucumberTests.java:35)
at java.base/jdk.internal.reflect.NativeMethodAccessorImpl.invoke0(Native Method)
at java.base/jdk.internal.reflect.NativeMethodAccessorImpl.invoke(NativeMethodAccessorImpl.java:77)
at java.base/jdk.internal.reflect.DelegatingMethodAccessorImpl.invoke(DelegatingMethodAccessorImpl.java:43)
at java.base/java.lang.reflect.Method.invoke(Method.java:568)
at org.testng.internal.invokers.MethodInvocationHelper.invokeMethod(MethodInvocationHelper.java:139)
at org.testng.internal.invokers.TestInvoker.invokeMethod(TestInvoker.java:664)
at org.testng.internal.invokers.TestInvoker.invokeTestMethod(TestInvoker.java:227)
at org.testng.internal.invokers.MethodRunner.runInSequence(MethodRunner.java:50)
at org.testng.internal.invokers.TestInvoker$MethodInvocationAgent.invoke(TestInvoker.java:957)
at org.testng.internal.invokers.TestInvoker.invokeTestMethods(TestInvoker.java:200)
at org.testng.internal.invokers.TestMethodWorker.invokeTestMethods(TestMethodWorker.java:148)
at org.testng.internal.invokers.TestMethodWorker.run(TestMethodWorker.java:128)
at java.base/java.util.ArrayList.forEach(ArrayList.java:1511)
at org.testng.TestRunner.privateRun(TestRunner.java:848)
at org.testng.TestRunner.run(TestRunner.java:621)
at org.testng.SuiteRunner.runTest(SuiteRunner.java:443)
at org.testng.SuiteRunner.runSequentially(SuiteRunner.java:437)
at org.testng.SuiteRunner.privateRun(SuiteRunner.java:397)
at org.testng.SuiteRunner.run(SuiteRunner.java:336)
at org.testng.SuiteRunnerWorker.runSuite(SuiteRunnerWorker.java:52)
at org.testng.SuiteRunnerWorker.run(SuiteRunnerWorker.java:95)
at org.testng.TestNG.runSuitesSequentially(TestNG.java:1280)
at org.testng.TestNG.runSuitesLocally(TestNG.java:1200)
at org.testng.TestNG.runSuites(TestNG.java:1114)
at org.testng.TestNG.run(TestNG.java:1082)
at org.testng.remote.AbstractRemoteTestNG.run(AbstractRemoteTestNG.java:115)
at org.testng.remote.RemoteTestNG.initAndRun(RemoteTestNG.java:251)
at org.testng.remote.RemoteTestNG.main(RemoteTestNG.java:77)
]]>
    </error>
  </testcase> <!-- runScenario -->
  <testcase classname="Cucumber.TestNGRunner" name="runScenario" time="0.006">
    <error message="The step &#039;Launch PPRD FO URL PPRD_BE_Inhouse and make Twoway search with BRU airport to FUE airport and departing augustus@2023 16 and arriving september 2023 23 with 2 passengers by selecting baggage 40, Sports SurfBoard and Pets NA&#039; and 1 other step(s) are undefined.
You can implement these steps using the snippet(s) below:

@Given(&quot;Launch PPRD FO URL PPRD_BE_Inhouse and make Twoway search with BRU airport to FUE airport and departing augustus@{int} {int} and arriving september {int} {int} with {int} passengers by selecting baggage {int}, Sports SurfBoard and Pets NA&quot;)
public void launch_pprd_fo_url_pprd_be_inhouse_and_make_twoway_search_with_bru_airport_to_fue_airport_and_departing_augustus_and_arriving_september_with_passengers_by_selecting_baggage_sports_surf_board_and_pets_na(Integer int1, Integer int2, Integer int3, Integer int4, Integer int5, Integer int6) {
    // Write code here that turns the phrase above into concrete actions
    throw new io.cucumber.java.PendingException();
}
@When(&quot;Continue with bookflow and make payment Cash method&quot;)
public void continue_with_bookflow_and_make_payment_cash_method() {
    // Write code here that turns the phrase above into concrete actions
    throw new io.cucumber.java.PendingException();
}
" type="io.cucumber.testng.UndefinedStepException">
      <![CDATA[io.cucumber.testng.UndefinedStepException: The step 'Launch PPRD FO URL PPRD_BE_Inhouse and make Twoway search with BRU airport to FUE airport and departing augustus@2023 16 and arriving september 2023 23 with 2 passengers by selecting baggage 40, Sports SurfBoard and Pets NA' and 1 other step(s) are undefined.
You can implement these steps using the snippet(s) below:

@Given("Launch PPRD FO URL PPRD_BE_Inhouse and make Twoway search with BRU airport to FUE airport and departing augustus@{int} {int} and arriving september {int} {int} with {int} passengers by selecting baggage {int}, Sports SurfBoard and Pets NA")
public void launch_pprd_fo_url_pprd_be_inhouse_and_make_twoway_search_with_bru_airport_to_fue_airport_and_departing_augustus_and_arriving_september_with_passengers_by_selecting_baggage_sports_surf_board_and_pets_na(Integer int1, Integer int2, Integer int3, Integer int4, Integer int5, Integer int6) {
    // Write code here that turns the phrase above into concrete actions
    throw new io.cucumber.java.PendingException();
}
@When("Continue with bookflow and make payment Cash method")
public void continue_with_bookflow_and_make_payment_cash_method() {
    // Write code here that turns the phrase above into concrete actions
    throw new io.cucumber.java.PendingException();
}

at io.cucumber.core.runtime.TestCaseResultObserver.assertTestCasePassed(TestCaseResultObserver.java:69)
at io.cucumber.testng.TestCaseResultObserver.assertTestCasePassed(TestCaseResultObserver.java:23)
at io.cucumber.testng.TestNGCucumberRunner.lambda$runScenario$1(TestNGCucumberRunner.java:133)
at io.cucumber.core.runtime.CucumberExecutionContext.lambda$runTestCase$5(CucumberExecutionContext.java:137)
at io.cucumber.core.runtime.RethrowingThrowableCollector.executeAndThrow(RethrowingThrowableCollector.java:23)
at io.cucumber.core.runtime.CucumberExecutionContext.runTestCase(CucumberExecutionContext.java:137)
at io.cucumber.testng.TestNGCucumberRunner.runScenario(TestNGCucumberRunner.java:129)
at io.cucumber.testng.AbstractTestNGCucumberTests.runScenario(AbstractTestNGCucumberTests.java:35)
at java.base/jdk.internal.reflect.NativeMethodAccessorImpl.invoke0(Native Method)
at java.base/jdk.internal.reflect.NativeMethodAccessorImpl.invoke(NativeMethodAccessorImpl.java:77)
at java.base/jdk.internal.reflect.DelegatingMethodAccessorImpl.invoke(DelegatingMethodAccessorImpl.java:43)
at java.base/java.lang.reflect.Method.invoke(Method.java:568)
at org.testng.internal.invokers.MethodInvocationHelper.invokeMethod(MethodInvocationHelper.java:139)
at org.testng.internal.invokers.TestInvoker.invokeMethod(TestInvoker.java:664)
at org.testng.internal.invokers.TestInvoker.invokeTestMethod(TestInvoker.java:227)
at org.testng.internal.invokers.MethodRunner.runInSequence(MethodRunner.java:50)
at org.testng.internal.invokers.TestInvoker$MethodInvocationAgent.invoke(TestInvoker.java:957)
at org.testng.internal.invokers.TestInvoker.invokeTestMethods(TestInvoker.java:200)
at org.testng.internal.invokers.TestMethodWorker.invokeTestMethods(TestMethodWorker.java:148)
at org.testng.internal.invokers.TestMethodWorker.run(TestMethodWorker.java:128)
at java.base/java.util.ArrayList.forEach(ArrayList.java:1511)
at org.testng.TestRunner.privateRun(TestRunner.java:848)
at org.testng.TestRunner.run(TestRunner.java:621)
at org.testng.SuiteRunner.runTest(SuiteRunner.java:443)
at org.testng.SuiteRunner.runSequentially(SuiteRunner.java:437)
at org.testng.SuiteRunner.privateRun(SuiteRunner.java:397)
at org.testng.SuiteRunner.run(SuiteRunner.java:336)
at org.testng.SuiteRunnerWorker.runSuite(SuiteRunnerWorker.java:52)
at org.testng.SuiteRunnerWorker.run(SuiteRunnerWorker.java:95)
at org.testng.TestNG.runSuitesSequentially(TestNG.java:1280)
at org.testng.TestNG.runSuitesLocally(TestNG.java:1200)
at org.testng.TestNG.runSuites(TestNG.java:1114)
at org.testng.TestNG.run(TestNG.java:1082)
at org.testng.remote.AbstractRemoteTestNG.run(AbstractRemoteTestNG.java:115)
at org.testng.remote.RemoteTestNG.initAndRun(RemoteTestNG.java:251)
at org.testng.remote.RemoteTestNG.main(RemoteTestNG.java:77)
]]>
    </error>
  </testcase> <!-- runScenario -->
  <testcase classname="Cucumber.TestNGRunner" name="runScenario" time="0.008">
    <error message="The step &#039;Launch PPRD FO URL PPRD_MA_B2C and make Twoway search with AGA airport to BRU airport and departing september@2023 8 and arriving september 2023 15 with 2 passengers by selecting baggage 25, Sports NA and Pets NA&#039; and 1 other step(s) are undefined.
You can implement these steps using the snippet(s) below:

@Given(&quot;Launch PPRD FO URL PPRD_MA_B2C and make Twoway search with AGA airport to BRU airport and departing september@{int} {int} and arriving september {int} {int} with {int} passengers by selecting baggage {int}, Sports NA and Pets NA&quot;)
public void launch_pprd_fo_url_pprd_ma_b2c_and_make_twoway_search_with_aga_airport_to_bru_airport_and_departing_september_and_arriving_september_with_passengers_by_selecting_baggage_sports_na_and_pets_na(Integer int1, Integer int2, Integer int3, Integer int4, Integer int5, Integer int6) {
    // Write code here that turns the phrase above into concrete actions
    throw new io.cucumber.java.PendingException();
}
@When(&quot;Continue with bookflow and make payment Visa method&quot;)
public void continue_with_bookflow_and_make_payment_visa_method() {
    // Write code here that turns the phrase above into concrete actions
    throw new io.cucumber.java.PendingException();
}
" type="io.cucumber.testng.UndefinedStepException">
      <![CDATA[io.cucumber.testng.UndefinedStepException: The step 'Launch PPRD FO URL PPRD_MA_B2C and make Twoway search with AGA airport to BRU airport and departing september@2023 8 and arriving september 2023 15 with 2 passengers by selecting baggage 25, Sports NA and Pets NA' and 1 other step(s) are undefined.
You can implement these steps using the snippet(s) below:

@Given("Launch PPRD FO URL PPRD_MA_B2C and make Twoway search with AGA airport to BRU airport and departing september@{int} {int} and arriving september {int} {int} with {int} passengers by selecting baggage {int}, Sports NA and Pets NA")
public void launch_pprd_fo_url_pprd_ma_b2c_and_make_twoway_search_with_aga_airport_to_bru_airport_and_departing_september_and_arriving_september_with_passengers_by_selecting_baggage_sports_na_and_pets_na(Integer int1, Integer int2, Integer int3, Integer int4, Integer int5, Integer int6) {
    // Write code here that turns the phrase above into concrete actions
    throw new io.cucumber.java.PendingException();
}
@When("Continue with bookflow and make payment Visa method")
public void continue_with_bookflow_and_make_payment_visa_method() {
    // Write code here that turns the phrase above into concrete actions
    throw new io.cucumber.java.PendingException();
}

at io.cucumber.core.runtime.TestCaseResultObserver.assertTestCasePassed(TestCaseResultObserver.java:69)
at io.cucumber.testng.TestCaseResultObserver.assertTestCasePassed(TestCaseResultObserver.java:23)
at io.cucumber.testng.TestNGCucumberRunner.lambda$runScenario$1(TestNGCucumberRunner.java:133)
at io.cucumber.core.runtime.CucumberExecutionContext.lambda$runTestCase$5(CucumberExecutionContext.java:137)
at io.cucumber.core.runtime.RethrowingThrowableCollector.executeAndThrow(RethrowingThrowableCollector.java:23)
at io.cucumber.core.runtime.CucumberExecutionContext.runTestCase(CucumberExecutionContext.java:137)
at io.cucumber.testng.TestNGCucumberRunner.runScenario(TestNGCucumberRunner.java:129)
at io.cucumber.testng.AbstractTestNGCucumberTests.runScenario(AbstractTestNGCucumberTests.java:35)
at java.base/jdk.internal.reflect.NativeMethodAccessorImpl.invoke0(Native Method)
at java.base/jdk.internal.reflect.NativeMethodAccessorImpl.invoke(NativeMethodAccessorImpl.java:77)
at java.base/jdk.internal.reflect.DelegatingMethodAccessorImpl.invoke(DelegatingMethodAccessorImpl.java:43)
at java.base/java.lang.reflect.Method.invoke(Method.java:568)
at org.testng.internal.invokers.MethodInvocationHelper.invokeMethod(MethodInvocationHelper.java:139)
at org.testng.internal.invokers.TestInvoker.invokeMethod(TestInvoker.java:664)
at org.testng.internal.invokers.TestInvoker.invokeTestMethod(TestInvoker.java:227)
at org.testng.internal.invokers.MethodRunner.runInSequence(MethodRunner.java:50)
at org.testng.internal.invokers.TestInvoker$MethodInvocationAgent.invoke(TestInvoker.java:957)
at org.testng.internal.invokers.TestInvoker.invokeTestMethods(TestInvoker.java:200)
at org.testng.internal.invokers.TestMethodWorker.invokeTestMethods(TestMethodWorker.java:148)
at org.testng.internal.invokers.TestMethodWorker.run(TestMethodWorker.java:128)
at java.base/java.util.ArrayList.forEach(ArrayList.java:1511)
at org.testng.TestRunner.privateRun(TestRunner.java:848)
at org.testng.TestRunner.run(TestRunner.java:621)
at org.testng.SuiteRunner.runTest(SuiteRunner.java:443)
at org.testng.SuiteRunner.runSequentially(SuiteRunner.java:437)
at org.testng.SuiteRunner.privateRun(SuiteRunner.java:397)
at org.testng.SuiteRunner.run(SuiteRunner.java:336)
at org.testng.SuiteRunnerWorker.runSuite(SuiteRunnerWorker.java:52)
at org.testng.SuiteRunnerWorker.run(SuiteRunnerWorker.java:95)
at org.testng.TestNG.runSuitesSequentially(TestNG.java:1280)
at org.testng.TestNG.runSuitesLocally(TestNG.java:1200)
at org.testng.TestNG.runSuites(TestNG.java:1114)
at org.testng.TestNG.run(TestNG.java:1082)
at org.testng.remote.AbstractRemoteTestNG.run(AbstractRemoteTestNG.java:115)
at org.testng.remote.RemoteTestNG.initAndRun(RemoteTestNG.java:251)
at org.testng.remote.RemoteTestNG.main(RemoteTestNG.java:77)
]]>
    </error>
  </testcase> <!-- runScenario -->
  <testcase classname="Cucumber.TestNGRunner" name="runScenario" time="0.005">
    <error message="The step &#039;Launch PPRD FO URL PPRD_NL_ThirdParty and make Twoway search with AMS airport to IBZ airport and departing september@2023 7 and arriving september 2023 14 with 2 passengers by selecting baggage NA, Sports Paraglider and Pets NA&#039; and 1 other step(s) are undefined.
You can implement these steps using the snippet(s) below:

@Given(&quot;Launch PPRD FO URL PPRD_NL_ThirdParty and make Twoway search with AMS airport to IBZ airport and departing september@{int} {int} and arriving september {int} {int} with {int} passengers by selecting baggage NA, Sports Paraglider and Pets NA&quot;)
public void launch_pprd_fo_url_pprd_nl_third_party_and_make_twoway_search_with_ams_airport_to_ibz_airport_and_departing_september_and_arriving_september_with_passengers_by_selecting_baggage_na_sports_paraglider_and_pets_na(Integer int1, Integer int2, Integer int3, Integer int4, Integer int5) {
    // Write code here that turns the phrase above into concrete actions
    throw new io.cucumber.java.PendingException();
}
@When(&quot;Continue with bookflow and make payment No payment method&quot;)
public void continue_with_bookflow_and_make_payment_no_payment_method() {
    // Write code here that turns the phrase above into concrete actions
    throw new io.cucumber.java.PendingException();
}
" type="io.cucumber.testng.UndefinedStepException">
      <![CDATA[io.cucumber.testng.UndefinedStepException: The step 'Launch PPRD FO URL PPRD_NL_ThirdParty and make Twoway search with AMS airport to IBZ airport and departing september@2023 7 and arriving september 2023 14 with 2 passengers by selecting baggage NA, Sports Paraglider and Pets NA' and 1 other step(s) are undefined.
You can implement these steps using the snippet(s) below:

@Given("Launch PPRD FO URL PPRD_NL_ThirdParty and make Twoway search with AMS airport to IBZ airport and departing september@{int} {int} and arriving september {int} {int} with {int} passengers by selecting baggage NA, Sports Paraglider and Pets NA")
public void launch_pprd_fo_url_pprd_nl_third_party_and_make_twoway_search_with_ams_airport_to_ibz_airport_and_departing_september_and_arriving_september_with_passengers_by_selecting_baggage_na_sports_paraglider_and_pets_na(Integer int1, Integer int2, Integer int3, Integer int4, Integer int5) {
    // Write code here that turns the phrase above into concrete actions
    throw new io.cucumber.java.PendingException();
}
@When("Continue with bookflow and make payment No payment method")
public void continue_with_bookflow_and_make_payment_no_payment_method() {
    // Write code here that turns the phrase above into concrete actions
    throw new io.cucumber.java.PendingException();
}

at io.cucumber.core.runtime.TestCaseResultObserver.assertTestCasePassed(TestCaseResultObserver.java:69)
at io.cucumber.testng.TestCaseResultObserver.assertTestCasePassed(TestCaseResultObserver.java:23)
at io.cucumber.testng.TestNGCucumberRunner.lambda$runScenario$1(TestNGCucumberRunner.java:133)
at io.cucumber.core.runtime.CucumberExecutionContext.lambda$runTestCase$5(CucumberExecutionContext.java:137)
at io.cucumber.core.runtime.RethrowingThrowableCollector.executeAndThrow(RethrowingThrowableCollector.java:23)
at io.cucumber.core.runtime.CucumberExecutionContext.runTestCase(CucumberExecutionContext.java:137)
at io.cucumber.testng.TestNGCucumberRunner.runScenario(TestNGCucumberRunner.java:129)
at io.cucumber.testng.AbstractTestNGCucumberTests.runScenario(AbstractTestNGCucumberTests.java:35)
at java.base/jdk.internal.reflect.NativeMethodAccessorImpl.invoke0(Native Method)
at java.base/jdk.internal.reflect.NativeMethodAccessorImpl.invoke(NativeMethodAccessorImpl.java:77)
at java.base/jdk.internal.reflect.DelegatingMethodAccessorImpl.invoke(DelegatingMethodAccessorImpl.java:43)
at java.base/java.lang.reflect.Method.invoke(Method.java:568)
at org.testng.internal.invokers.MethodInvocationHelper.invokeMethod(MethodInvocationHelper.java:139)
at org.testng.internal.invokers.TestInvoker.invokeMethod(TestInvoker.java:664)
at org.testng.internal.invokers.TestInvoker.invokeTestMethod(TestInvoker.java:227)
at org.testng.internal.invokers.MethodRunner.runInSequence(MethodRunner.java:50)
at org.testng.internal.invokers.TestInvoker$MethodInvocationAgent.invoke(TestInvoker.java:957)
at org.testng.internal.invokers.TestInvoker.invokeTestMethods(TestInvoker.java:200)
at org.testng.internal.invokers.TestMethodWorker.invokeTestMethods(TestMethodWorker.java:148)
at org.testng.internal.invokers.TestMethodWorker.run(TestMethodWorker.java:128)
at java.base/java.util.ArrayList.forEach(ArrayList.java:1511)
at org.testng.TestRunner.privateRun(TestRunner.java:848)
at org.testng.TestRunner.run(TestRunner.java:621)
at org.testng.SuiteRunner.runTest(SuiteRunner.java:443)
at org.testng.SuiteRunner.runSequentially(SuiteRunner.java:437)
at org.testng.SuiteRunner.privateRun(SuiteRunner.java:397)
at org.testng.SuiteRunner.run(SuiteRunner.java:336)
at org.testng.SuiteRunnerWorker.runSuite(SuiteRunnerWorker.java:52)
at org.testng.SuiteRunnerWorker.run(SuiteRunnerWorker.java:95)
at org.testng.TestNG.runSuitesSequentially(TestNG.java:1280)
at org.testng.TestNG.runSuitesLocally(TestNG.java:1200)
at org.testng.TestNG.runSuites(TestNG.java:1114)
at org.testng.TestNG.run(TestNG.java:1082)
at org.testng.remote.AbstractRemoteTestNG.run(AbstractRemoteTestNG.java:115)
at org.testng.remote.RemoteTestNG.initAndRun(RemoteTestNG.java:251)
at org.testng.remote.RemoteTestNG.main(RemoteTestNG.java:77)
]]>
    </error>
  </testcase> <!-- runScenario -->
  <testcase classname="Cucumber.TestNGRunner" name="runScenario" time="0.012">
    <error message="The step &#039;Launch PPRD FO URL PPRD_NL_Inhouse and make Twoway search with AMS airport to HRG airport and departing september@2023 9 and arriving september 2023 16 with 2 passengers by selecting baggage NA, Sports NA and Pets NA&#039; and 1 other step(s) are undefined.
You can implement these steps using the snippet(s) below:

@Given(&quot;Launch PPRD FO URL PPRD_NL_Inhouse and make Twoway search with AMS airport to HRG airport and departing september@{int} {int} and arriving september {int} {int} with {int} passengers by selecting baggage NA, Sports NA and Pets NA&quot;)
public void launch_pprd_fo_url_pprd_nl_inhouse_and_make_twoway_search_with_ams_airport_to_hrg_airport_and_departing_september_and_arriving_september_with_passengers_by_selecting_baggage_na_sports_na_and_pets_na(Integer int1, Integer int2, Integer int3, Integer int4, Integer int5) {
    // Write code here that turns the phrase above into concrete actions
    throw new io.cucumber.java.PendingException();
}
@When(&quot;Continue with bookflow and make payment Cash method&quot;)
public void continue_with_bookflow_and_make_payment_cash_method() {
    // Write code here that turns the phrase above into concrete actions
    throw new io.cucumber.java.PendingException();
}
" type="io.cucumber.testng.UndefinedStepException">
      <![CDATA[io.cucumber.testng.UndefinedStepException: The step 'Launch PPRD FO URL PPRD_NL_Inhouse and make Twoway search with AMS airport to HRG airport and departing september@2023 9 and arriving september 2023 16 with 2 passengers by selecting baggage NA, Sports NA and Pets NA' and 1 other step(s) are undefined.
You can implement these steps using the snippet(s) below:

@Given("Launch PPRD FO URL PPRD_NL_Inhouse and make Twoway search with AMS airport to HRG airport and departing september@{int} {int} and arriving september {int} {int} with {int} passengers by selecting baggage NA, Sports NA and Pets NA")
public void launch_pprd_fo_url_pprd_nl_inhouse_and_make_twoway_search_with_ams_airport_to_hrg_airport_and_departing_september_and_arriving_september_with_passengers_by_selecting_baggage_na_sports_na_and_pets_na(Integer int1, Integer int2, Integer int3, Integer int4, Integer int5) {
    // Write code here that turns the phrase above into concrete actions
    throw new io.cucumber.java.PendingException();
}
@When("Continue with bookflow and make payment Cash method")
public void continue_with_bookflow_and_make_payment_cash_method() {
    // Write code here that turns the phrase above into concrete actions
    throw new io.cucumber.java.PendingException();
}

at io.cucumber.core.runtime.TestCaseResultObserver.assertTestCasePassed(TestCaseResultObserver.java:69)
at io.cucumber.testng.TestCaseResultObserver.assertTestCasePassed(TestCaseResultObserver.java:23)
at io.cucumber.testng.TestNGCucumberRunner.lambda$runScenario$1(TestNGCucumberRunner.java:133)
at io.cucumber.core.runtime.CucumberExecutionContext.lambda$runTestCase$5(CucumberExecutionContext.java:137)
at io.cucumber.core.runtime.RethrowingThrowableCollector.executeAndThrow(RethrowingThrowableCollector.java:23)
at io.cucumber.core.runtime.CucumberExecutionContext.runTestCase(CucumberExecutionContext.java:137)
at io.cucumber.testng.TestNGCucumberRunner.runScenario(TestNGCucumberRunner.java:129)
at io.cucumber.testng.AbstractTestNGCucumberTests.runScenario(AbstractTestNGCucumberTests.java:35)
at java.base/jdk.internal.reflect.NativeMethodAccessorImpl.invoke0(Native Method)
at java.base/jdk.internal.reflect.NativeMethodAccessorImpl.invoke(NativeMethodAccessorImpl.java:77)
at java.base/jdk.internal.reflect.DelegatingMethodAccessorImpl.invoke(DelegatingMethodAccessorImpl.java:43)
at java.base/java.lang.reflect.Method.invoke(Method.java:568)
at org.testng.internal.invokers.MethodInvocationHelper.invokeMethod(MethodInvocationHelper.java:139)
at org.testng.internal.invokers.TestInvoker.invokeMethod(TestInvoker.java:664)
at org.testng.internal.invokers.TestInvoker.invokeTestMethod(TestInvoker.java:227)
at org.testng.internal.invokers.MethodRunner.runInSequence(MethodRunner.java:50)
at org.testng.internal.invokers.TestInvoker$MethodInvocationAgent.invoke(TestInvoker.java:957)
at org.testng.internal.invokers.TestInvoker.invokeTestMethods(TestInvoker.java:200)
at org.testng.internal.invokers.TestMethodWorker.invokeTestMethods(TestMethodWorker.java:148)
at org.testng.internal.invokers.TestMethodWorker.run(TestMethodWorker.java:128)
at java.base/java.util.ArrayList.forEach(ArrayList.java:1511)
at org.testng.TestRunner.privateRun(TestRunner.java:848)
at org.testng.TestRunner.run(TestRunner.java:621)
at org.testng.SuiteRunner.runTest(SuiteRunner.java:443)
at org.testng.SuiteRunner.runSequentially(SuiteRunner.java:437)
at org.testng.SuiteRunner.privateRun(SuiteRunner.java:397)
at org.testng.SuiteRunner.run(SuiteRunner.java:336)
at org.testng.SuiteRunnerWorker.runSuite(SuiteRunnerWorker.java:52)
at org.testng.SuiteRunnerWorker.run(SuiteRunnerWorker.java:95)
at org.testng.TestNG.runSuitesSequentially(TestNG.java:1280)
at org.testng.TestNG.runSuitesLocally(TestNG.java:1200)
at org.testng.TestNG.runSuites(TestNG.java:1114)
at org.testng.TestNG.run(TestNG.java:1082)
at org.testng.remote.AbstractRemoteTestNG.run(AbstractRemoteTestNG.java:115)
at org.testng.remote.RemoteTestNG.initAndRun(RemoteTestNG.java:251)
at org.testng.remote.RemoteTestNG.main(RemoteTestNG.java:77)
]]>
    </error>
  </testcase> <!-- runScenario -->
</testsuite> <!-- Cucumber.TestNGRunner -->
